{"numFailedTestSuites":0,"numFailedTests":0,"numPassedTestSuites":45,"numPassedTests":340,"numPendingTestSuites":0,"numPendingTests":0,"numRuntimeErrorTestSuites":0,"numTodoTests":0,"numTotalTestSuites":45,"numTotalTests":340,"openHandles":[],"snapshot":{"added":0,"didUpdate":false,"failure":false,"filesAdded":0,"filesRemoved":0,"filesRemovedList":[],"filesUnmatched":0,"filesUpdated":0,"matched":0,"total":0,"unchecked":0,"uncheckedKeysByFile":[],"unmatched":0,"updated":0},"startTime":1770327962995,"success":true,"testResults":[{"assertionResults":[{"ancestorTitles":["News Hooks","useNewsArticles"],"duration":69,"failureDetails":[],"failureMessages":[],"fullName":"News Hooks useNewsArticles fetches news articles successfully","invocations":1,"location":null,"numPassingAsserts":3,"retryReasons":[],"status":"passed","title":"fetches news articles successfully"},{"ancestorTitles":["News Hooks","useNewsArticles"],"duration":3,"failureDetails":[],"failureMessages":[],"fullName":"News Hooks useNewsArticles handles query parameters","invocations":1,"location":null,"numPassingAsserts":4,"retryReasons":[],"status":"passed","title":"handles query parameters"},{"ancestorTitles":["News Hooks","useNewsArticles"],"duration":62,"failureDetails":[],"failureMessages":[],"fullName":"News Hooks useNewsArticles handles errors","invocations":1,"location":null,"numPassingAsserts":1,"retryReasons":[],"status":"passed","title":"handles errors"},{"ancestorTitles":["News Hooks","useNewsArticle"],"duration":68,"failureDetails":[],"failureMessages":[],"fullName":"News Hooks useNewsArticle fetches single news article successfully","invocations":1,"location":null,"numPassingAsserts":2,"retryReasons":[],"status":"passed","title":"fetches single news article successfully"},{"ancestorTitles":["News Hooks","useNewsArticle"],"duration":59,"failureDetails":[],"failureMessages":[],"fullName":"News Hooks useNewsArticle handles errors for single article","invocations":1,"location":null,"numPassingAsserts":1,"retryReasons":[],"status":"passed","title":"handles errors for single article"},{"ancestorTitles":["News Hooks"],"duration":68,"failureDetails":[],"failureMessages":[],"fullName":"News Hooks caches data correctly","invocations":1,"location":null,"numPassingAsserts":2,"retryReasons":[],"status":"passed","title":"caches data correctly"}],"endTime":1770327964049,"message":"","name":"D:\\Programmeren\\MaasISO\\New without errors\\maasiso - Copy\\src\\hooks\\features\\news\\useNewsArticles.test.tsx","startTime":1770327963319,"status":"passed","summary":""},{"assertionResults":[{"ancestorTitles":["Blog Hooks","useBlogPosts"],"duration":62,"failureDetails":[],"failureMessages":[],"fullName":"Blog Hooks useBlogPosts fetches blog posts successfully","invocations":1,"location":null,"numPassingAsserts":3,"retryReasons":[],"status":"passed","title":"fetches blog posts successfully"},{"ancestorTitles":["Blog Hooks","useBlogPosts"],"duration":2,"failureDetails":[],"failureMessages":[],"fullName":"Blog Hooks useBlogPosts handles query parameters","invocations":1,"location":null,"numPassingAsserts":4,"retryReasons":[],"status":"passed","title":"handles query parameters"},{"ancestorTitles":["Blog Hooks","useBlogPosts"],"duration":59,"failureDetails":[],"failureMessages":[],"fullName":"Blog Hooks useBlogPosts handles errors","invocations":1,"location":null,"numPassingAsserts":1,"retryReasons":[],"status":"passed","title":"handles errors"},{"ancestorTitles":["Blog Hooks","useBlogPost"],"duration":72,"failureDetails":[],"failureMessages":[],"fullName":"Blog Hooks useBlogPost fetches single blog post successfully","invocations":1,"location":null,"numPassingAsserts":2,"retryReasons":[],"status":"passed","title":"fetches single blog post successfully"},{"ancestorTitles":["Blog Hooks","useBlogPost"],"duration":60,"failureDetails":[],"failureMessages":[],"fullName":"Blog Hooks useBlogPost handles errors for single post","invocations":1,"location":null,"numPassingAsserts":1,"retryReasons":[],"status":"passed","title":"handles errors for single post"},{"ancestorTitles":["Blog Hooks"],"duration":62,"failureDetails":[],"failureMessages":[],"fullName":"Blog Hooks caches data correctly","invocations":1,"location":null,"numPassingAsserts":2,"retryReasons":[],"status":"passed","title":"caches data correctly"}],"endTime":1770327964476,"message":"","name":"D:\\Programmeren\\MaasISO\\New without errors\\maasiso - Copy\\src\\hooks\\features\\blog\\useBlogPosts.test.tsx","startTime":1770327964057,"status":"passed","summary":""},{"assertionResults":[{"ancestorTitles":["useProgressiveContent"],"duration":59,"failureDetails":[],"failureMessages":[],"fullName":"useProgressiveContent laadt content wanneer element in beeld komt","invocations":1,"location":null,"numPassingAsserts":8,"retryReasons":[],"status":"passed","title":"laadt content wanneer element in beeld komt"},{"ancestorTitles":["useProgressiveContent"],"duration":61,"failureDetails":[],"failureMessages":[],"fullName":"useProgressiveContent laadt direct wanneer priority true is","invocations":1,"location":null,"numPassingAsserts":4,"retryReasons":[],"status":"passed","title":"laadt direct wanneer priority true is"},{"ancestorTitles":["useProgressiveContent"],"duration":72,"failureDetails":[],"failureMessages":[],"fullName":"useProgressiveContent zet error state wanneer laden faalt","invocations":1,"location":null,"numPassingAsserts":3,"retryReasons":[],"status":"passed","title":"zet error state wanneer laden faalt"},{"ancestorTitles":["useProgressiveContent"],"duration":1,"failureDetails":[],"failureMessages":[],"fullName":"useProgressiveContent geeft triggerOnce door aan useInView","invocations":1,"location":null,"numPassingAsserts":1,"retryReasons":[],"status":"passed","title":"geeft triggerOnce door aan useInView"},{"ancestorTitles":["useProgressiveContent"],"duration":66,"failureDetails":[],"failureMessages":[],"fullName":"useProgressiveContent kan handmatig opnieuw laden via reload","invocations":1,"location":null,"numPassingAsserts":3,"retryReasons":[],"status":"passed","title":"kan handmatig opnieuw laden via reload"}],"endTime":1770327964837,"message":"","name":"D:\\Programmeren\\MaasISO\\New without errors\\maasiso - Copy\\src\\hooks\\__tests__\\useProgressiveContent.test.tsx","startTime":1770327964482,"status":"passed","summary":""},{"assertionResults":[{"ancestorTitles":["ConflictResolution"],"duration":45,"failureDetails":[],"failureMessages":[],"fullName":"ConflictResolution should render conflict details","invocations":1,"location":null,"numPassingAsserts":11,"retryReasons":[],"status":"passed","title":"should render conflict details"},{"ancestorTitles":["ConflictResolution"],"duration":7,"failureDetails":[],"failureMessages":[],"fullName":"ConflictResolution should handle strategy selection","invocations":1,"location":null,"numPassingAsserts":3,"retryReasons":[],"status":"passed","title":"should handle strategy selection"},{"ancestorTitles":["ConflictResolution"],"duration":24,"failureDetails":[],"failureMessages":[],"fullName":"ConflictResolution should handle successful conflict resolution","invocations":1,"location":null,"numPassingAsserts":7,"retryReasons":[],"status":"passed","title":"should handle successful conflict resolution"},{"ancestorTitles":["ConflictResolution"],"duration":13,"failureDetails":[],"failureMessages":[],"fullName":"ConflictResolution should handle resolution error","invocations":1,"location":null,"numPassingAsserts":2,"retryReasons":[],"status":"passed","title":"should handle resolution error"},{"ancestorTitles":["ConflictResolution"],"duration":12,"failureDetails":[],"failureMessages":[],"fullName":"ConflictResolution should handle merge strategy with default field values","invocations":1,"location":null,"numPassingAsserts":1,"retryReasons":[],"status":"passed","title":"should handle merge strategy with default field values"},{"ancestorTitles":["ConflictResolution"],"duration":7,"failureDetails":[],"failureMessages":[],"fullName":"ConflictResolution should handle cancel","invocations":1,"location":null,"numPassingAsserts":1,"retryReasons":[],"status":"passed","title":"should handle cancel"},{"ancestorTitles":["ConflictResolution"],"duration":125,"failureDetails":[],"failureMessages":[],"fullName":"ConflictResolution should disable buttons while resolving","invocations":1,"location":null,"numPassingAsserts":4,"retryReasons":[],"status":"passed","title":"should disable buttons while resolving"}],"endTime":1770327965176,"message":"","name":"D:\\Programmeren\\MaasISO\\New without errors\\maasiso - Copy\\src\\components\\features\\__tests__\\ConflictResolution.test.tsx","startTime":1770327964843,"status":"passed","summary":""},{"assertionResults":[{"ancestorTitles":["Navigation Normalizers","normalizeMenuPosition"],"duration":2,"failureDetails":[],"failureMessages":[],"fullName":"Navigation Normalizers normalizeMenuPosition should normalize a complete menu position","invocations":1,"location":null,"numPassingAsserts":1,"retryReasons":[],"status":"passed","title":"should normalize a complete menu position"},{"ancestorTitles":["Navigation Normalizers","normalizeMenuPosition"],"duration":0,"failureDetails":[],"failureMessages":[],"fullName":"Navigation Normalizers normalizeMenuPosition should handle undefined optional fields","invocations":1,"location":null,"numPassingAsserts":1,"retryReasons":[],"status":"passed","title":"should handle undefined optional fields"},{"ancestorTitles":["Navigation Normalizers","normalizeMenuItemSettings"],"duration":5,"failureDetails":[],"failureMessages":[],"fullName":"Navigation Normalizers normalizeMenuItemSettings should normalize complete menu item settings","invocations":1,"location":null,"numPassingAsserts":1,"retryReasons":[],"status":"passed","title":"should normalize complete menu item settings"},{"ancestorTitles":["Navigation Normalizers","normalizeMenuItemSettings"],"duration":0,"failureDetails":[],"failureMessages":[],"fullName":"Navigation Normalizers normalizeMenuItemSettings should handle missing icon","invocations":1,"location":null,"numPassingAsserts":2,"retryReasons":[],"status":"passed","title":"should handle missing icon"},{"ancestorTitles":["Navigation Normalizers","normalizeMenuItem"],"duration":0,"failureDetails":[],"failureMessages":[],"fullName":"Navigation Normalizers normalizeMenuItem should normalize a complete menu item","invocations":1,"location":null,"numPassingAsserts":1,"retryReasons":[],"status":"passed","title":"should normalize a complete menu item"},{"ancestorTitles":["Navigation Normalizers","normalizeMenuItem"],"duration":0,"failureDetails":[],"failureMessages":[],"fullName":"Navigation Normalizers normalizeMenuItem should handle numeric ids","invocations":1,"location":null,"numPassingAsserts":5,"retryReasons":[],"status":"passed","title":"should handle numeric ids"},{"ancestorTitles":["Navigation Normalizers","normalizeMenu"],"duration":0,"failureDetails":[],"failureMessages":[],"fullName":"Navigation Normalizers normalizeMenu should normalize a complete menu","invocations":1,"location":null,"numPassingAsserts":1,"retryReasons":[],"status":"passed","title":"should normalize a complete menu"},{"ancestorTitles":["Navigation Normalizers","normalizeMenu"],"duration":0,"failureDetails":[],"failureMessages":[],"fullName":"Navigation Normalizers normalizeMenu should handle empty items array","invocations":1,"location":null,"numPassingAsserts":1,"retryReasons":[],"status":"passed","title":"should handle empty items array"},{"ancestorTitles":["Navigation Normalizers","normalizeSocialLink"],"duration":1,"failureDetails":[],"failureMessages":[],"fullName":"Navigation Normalizers normalizeSocialLink should normalize a complete social link","invocations":1,"location":null,"numPassingAsserts":1,"retryReasons":[],"status":"passed","title":"should normalize a complete social link"},{"ancestorTitles":["Navigation Normalizers","normalizeSocialLink"],"duration":0,"failureDetails":[],"failureMessages":[],"fullName":"Navigation Normalizers normalizeSocialLink should handle missing icon","invocations":1,"location":null,"numPassingAsserts":1,"retryReasons":[],"status":"passed","title":"should handle missing icon"},{"ancestorTitles":["Navigation Normalizers","normalizeSocialLink"],"duration":0,"failureDetails":[],"failureMessages":[],"fullName":"Navigation Normalizers normalizeSocialLink should handle numeric id","invocations":1,"location":null,"numPassingAsserts":2,"retryReasons":[],"status":"passed","title":"should handle numeric id"}],"endTime":1770327965262,"message":"","name":"D:\\Programmeren\\MaasISO\\New without errors\\maasiso - Copy\\src\\lib\\types\\navigation.test.ts","startTime":1770327965181,"status":"passed","summary":""},{"assertionResults":[{"ancestorTitles":["BlogPostError"],"duration":13,"failureDetails":[],"failureMessages":[],"fullName":"BlogPostError renders default error state correctly","invocations":1,"location":null,"numPassingAsserts":5,"retryReasons":[],"status":"passed","title":"renders default error state correctly"},{"ancestorTitles":["BlogPostError"],"duration":3,"failureDetails":[],"failureMessages":[],"fullName":"BlogPostError handles invalid URL error correctly","invocations":1,"location":null,"numPassingAsserts":4,"retryReasons":[],"status":"passed","title":"handles invalid URL error correctly"},{"ancestorTitles":["BlogPostError"],"duration":3,"failureDetails":[],"failureMessages":[],"fullName":"BlogPostError handles not found error correctly","invocations":1,"location":null,"numPassingAsserts":4,"retryReasons":[],"status":"passed","title":"handles not found error correctly"},{"ancestorTitles":["BlogPostError"],"duration":3,"failureDetails":[],"failureMessages":[],"fullName":"BlogPostError handles incomplete data error correctly","invocations":1,"location":null,"numPassingAsserts":4,"retryReasons":[],"status":"passed","title":"handles incomplete data error correctly"},{"ancestorTitles":["BlogPostError"],"duration":8,"failureDetails":[],"failureMessages":[],"fullName":"BlogPostError calls reset function when retry button is clicked","invocations":1,"location":null,"numPassingAsserts":1,"retryReasons":[],"status":"passed","title":"calls reset function when retry button is clicked"},{"ancestorTitles":["BlogPostError"],"duration":1,"failureDetails":[],"failureMessages":[],"fullName":"BlogPostError logs error details to console","invocations":1,"location":null,"numPassingAsserts":3,"retryReasons":[],"status":"passed","title":"logs error details to console"},{"ancestorTitles":["BlogPostError"],"duration":8,"failureDetails":[],"failureMessages":[],"fullName":"BlogPostError renders with accessible structure","invocations":1,"location":null,"numPassingAsserts":5,"retryReasons":[],"status":"passed","title":"renders with accessible structure"},{"ancestorTitles":["BlogPostError"],"duration":5,"failureDetails":[],"failureMessages":[],"fullName":"BlogPostError maintains consistent styling across error types","invocations":1,"location":null,"numPassingAsserts":4,"retryReasons":[],"status":"passed","title":"maintains consistent styling across error types"}],"endTime":1770327965406,"message":"","name":"D:\\Programmeren\\MaasISO\\New without errors\\maasiso - Copy\\src\\app\\blog\\[slug]\\error.test.tsx","startTime":1770327965267,"status":"passed","summary":""},{"assertionResults":[{"ancestorTitles":["useProgressiveLoading"],"duration":60,"failureDetails":[],"failureMessages":[],"fullName":"useProgressiveLoading laadt data wanneer element in beeld komt","invocations":1,"location":null,"numPassingAsserts":7,"retryReasons":[],"status":"passed","title":"laadt data wanneer element in beeld komt"},{"ancestorTitles":["useProgressiveLoading"],"duration":66,"failureDetails":[],"failureMessages":[],"fullName":"useProgressiveLoading zet error state wanneer laden faalt","invocations":1,"location":null,"numPassingAsserts":3,"retryReasons":[],"status":"passed","title":"zet error state wanneer laden faalt"},{"ancestorTitles":["useProgressiveLoading"],"duration":0,"failureDetails":[],"failureMessages":[],"fullName":"useProgressiveLoading geeft triggerOnce door aan useInView","invocations":1,"location":null,"numPassingAsserts":1,"retryReasons":[],"status":"passed","title":"geeft triggerOnce door aan useInView"}],"endTime":1770327965638,"message":"","name":"D:\\Programmeren\\MaasISO\\New without errors\\maasiso - Copy\\src\\hooks\\__tests__\\useProgressiveLoading.test.tsx","startTime":1770327965420,"status":"passed","summary":""},{"assertionResults":[{"ancestorTitles":["QueryProvider"],"duration":21,"failureDetails":[],"failureMessages":[],"fullName":"QueryProvider provides query client to children","invocations":1,"location":null,"numPassingAsserts":2,"retryReasons":[],"status":"passed","title":"provides query client to children"},{"ancestorTitles":["QueryProvider"],"duration":11,"failureDetails":[],"failureMessages":[],"fullName":"QueryProvider uses configured default options","invocations":1,"location":null,"numPassingAsserts":3,"retryReasons":[],"status":"passed","title":"uses configured default options"},{"ancestorTitles":["QueryProvider"],"duration":12,"failureDetails":[],"failureMessages":[],"fullName":"QueryProvider maintains query cache","invocations":1,"location":null,"numPassingAsserts":3,"retryReasons":[],"status":"passed","title":"maintains query cache"}],"endTime":1770327965782,"message":"","name":"D:\\Programmeren\\MaasISO\\New without errors\\maasiso - Copy\\src\\providers\\QueryProvider.test.tsx","startTime":1770327965643,"status":"passed","summary":""},{"assertionResults":[{"ancestorTitles":["ProgressiveContent"],"duration":5,"failureDetails":[],"failureMessages":[],"fullName":"ProgressiveContent renders loading state initially","invocations":1,"location":null,"numPassingAsserts":1,"retryReasons":[],"status":"passed","title":"renders loading state initially"},{"ancestorTitles":["ProgressiveContent"],"duration":2,"failureDetails":[],"failureMessages":[],"fullName":"ProgressiveContent renders custom loading component when provided","invocations":1,"location":null,"numPassingAsserts":1,"retryReasons":[],"status":"passed","title":"renders custom loading component when provided"},{"ancestorTitles":["ProgressiveContent"],"duration":9,"failureDetails":[],"failureMessages":[],"fullName":"ProgressiveContent renders content when inView is true","invocations":1,"location":null,"numPassingAsserts":2,"retryReasons":[],"status":"passed","title":"renders content when inView is true"},{"ancestorTitles":["ProgressiveContent"],"duration":21,"failureDetails":[],"failureMessages":[],"fullName":"ProgressiveContent renders error state when loading fails","invocations":1,"location":null,"numPassingAsserts":2,"retryReasons":[],"status":"passed","title":"renders error state when loading fails"},{"ancestorTitles":["ProgressiveContent"],"duration":12,"failureDetails":[],"failureMessages":[],"fullName":"ProgressiveContent loads immediately with priority=true","invocations":1,"location":null,"numPassingAsserts":2,"retryReasons":[],"status":"passed","title":"loads immediately with priority=true"},{"ancestorTitles":["ProgressiveContent"],"duration":11,"failureDetails":[],"failureMessages":[],"fullName":"ProgressiveContent tracks performance metrics when monitoringKey is provided","invocations":1,"location":null,"numPassingAsserts":1,"retryReasons":[],"status":"passed","title":"tracks performance metrics when monitoringKey is provided"},{"ancestorTitles":["ProgressiveContent"],"duration":3,"failureDetails":[],"failureMessages":[],"fullName":"ProgressiveContent handles delayed content loading","invocations":1,"location":null,"numPassingAsserts":3,"retryReasons":[],"status":"passed","title":"handles delayed content loading"}],"endTime":1770327965978,"message":"","name":"D:\\Programmeren\\MaasISO\\New without errors\\maasiso - Copy\\src\\components\\common\\__tests__\\ProgressiveContent.test.tsx","startTime":1770327965790,"status":"passed","summary":""},{"assertionResults":[{"ancestorTitles":["RelatedPosts"],"duration":3,"failureDetails":[],"failureMessages":[],"fullName":"RelatedPosts toont loading tijdens ophalen","invocations":1,"location":null,"numPassingAsserts":1,"retryReasons":[],"status":"passed","title":"toont loading tijdens ophalen"},{"ancestorTitles":["RelatedPosts"],"duration":36,"failureDetails":[],"failureMessages":[],"fullName":"RelatedPosts haalt gerelateerde posts op en rendert ze","invocations":1,"location":null,"numPassingAsserts":7,"retryReasons":[],"status":"passed","title":"haalt gerelateerde posts op en rendert ze"},{"ancestorTitles":["RelatedPosts"],"duration":1,"failureDetails":[],"failureMessages":[],"fullName":"RelatedPosts voegt category filters toe aan request URL","invocations":1,"location":null,"numPassingAsserts":3,"retryReasons":[],"status":"passed","title":"voegt category filters toe aan request URL"},{"ancestorTitles":["RelatedPosts"],"duration":10,"failureDetails":[],"failureMessages":[],"fullName":"RelatedPosts rendert niets bij lege response","invocations":1,"location":null,"numPassingAsserts":3,"retryReasons":[],"status":"passed","title":"rendert niets bij lege response"},{"ancestorTitles":["RelatedPosts"],"duration":2,"failureDetails":[],"failureMessages":[],"fullName":"RelatedPosts slaat fetch over wanneer currentSlug ontbreekt","invocations":1,"location":null,"numPassingAsserts":2,"retryReasons":[],"status":"passed","title":"slaat fetch over wanneer currentSlug ontbreekt"},{"ancestorTitles":["RelatedPosts"],"duration":18,"failureDetails":[],"failureMessages":[],"fullName":"RelatedPosts handelt fetch errors af zonder crash","invocations":1,"location":null,"numPassingAsserts":3,"retryReasons":[],"status":"passed","title":"handelt fetch errors af zonder crash"}],"endTime":1770327966180,"message":"","name":"D:\\Programmeren\\MaasISO\\New without errors\\maasiso - Copy\\src\\components\\features\\RelatedPosts.test.tsx","startTime":1770327965986,"status":"passed","summary":""},{"assertionResults":[{"ancestorTitles":["imageOptimization","calculateOptimalDimensions"],"duration":1,"failureDetails":[],"failureMessages":[],"fullName":"imageOptimization calculateOptimalDimensions maintains aspect ratio while fitting container","invocations":1,"location":null,"numPassingAsserts":2,"retryReasons":[],"status":"passed","title":"maintains aspect ratio while fitting container"},{"ancestorTitles":["imageOptimization","calculateOptimalDimensions"],"duration":0,"failureDetails":[],"failureMessages":[],"fullName":"imageOptimization calculateOptimalDimensions accounts for device pixel ratio","invocations":1,"location":null,"numPassingAsserts":2,"retryReasons":[],"status":"passed","title":"accounts for device pixel ratio"},{"ancestorTitles":["imageOptimization","generateSrcSet"],"duration":0,"failureDetails":[],"failureMessages":[],"fullName":"imageOptimization generateSrcSet generates a valid srcSet string","invocations":1,"location":null,"numPassingAsserts":1,"retryReasons":[],"status":"passed","title":"generates a valid srcSet string"},{"ancestorTitles":["imageOptimization","generateSrcSet"],"duration":1,"failureDetails":[],"failureMessages":[],"fullName":"imageOptimization generateSrcSet respects custom quality and format","invocations":1,"location":null,"numPassingAsserts":1,"retryReasons":[],"status":"passed","title":"respects custom quality and format"},{"ancestorTitles":["imageOptimization","generateSizes"],"duration":0,"failureDetails":[],"failureMessages":[],"fullName":"imageOptimization generateSizes generates a correct sizes string","invocations":1,"location":null,"numPassingAsserts":1,"retryReasons":[],"status":"passed","title":"generates a correct sizes string"},{"ancestorTitles":["imageOptimization","format support detection"],"duration":5,"failureDetails":[],"failureMessages":[],"fullName":"imageOptimization format support detection detects WebP support","invocations":1,"location":null,"numPassingAsserts":1,"retryReasons":[],"status":"passed","title":"detects WebP support"},{"ancestorTitles":["imageOptimization","format support detection"],"duration":11,"failureDetails":[],"failureMessages":[],"fullName":"imageOptimization format support detection detects lack of WebP support","invocations":1,"location":null,"numPassingAsserts":1,"retryReasons":[],"status":"passed","title":"detects lack of WebP support"},{"ancestorTitles":["imageOptimization","format support detection"],"duration":11,"failureDetails":[],"failureMessages":[],"fullName":"imageOptimization format support detection detects AVIF support","invocations":1,"location":null,"numPassingAsserts":1,"retryReasons":[],"status":"passed","title":"detects AVIF support"},{"ancestorTitles":["imageOptimization","format support detection"],"duration":5,"failureDetails":[],"failureMessages":[],"fullName":"imageOptimization format support detection detects lack of AVIF support","invocations":1,"location":null,"numPassingAsserts":1,"retryReasons":[],"status":"passed","title":"detects lack of AVIF support"},{"ancestorTitles":["imageOptimization","getOptimalFormat"],"duration":15,"failureDetails":[],"failureMessages":[],"fullName":"imageOptimization getOptimalFormat prefers AVIF when supported","invocations":1,"location":null,"numPassingAsserts":2,"retryReasons":[],"status":"passed","title":"prefers AVIF when supported"},{"ancestorTitles":["imageOptimization","getOptimalFormat"],"duration":18,"failureDetails":[],"failureMessages":[],"fullName":"imageOptimization getOptimalFormat falls back to WebP when AVIF is not supported","invocations":1,"location":null,"numPassingAsserts":2,"retryReasons":[],"status":"passed","title":"falls back to WebP when AVIF is not supported"},{"ancestorTitles":["imageOptimization","getOptimalFormat"],"duration":27,"failureDetails":[],"failureMessages":[],"fullName":"imageOptimization getOptimalFormat falls back to JPEG when no modern format is supported","invocations":1,"location":null,"numPassingAsserts":2,"retryReasons":[],"status":"passed","title":"falls back to JPEG when no modern format is supported"},{"ancestorTitles":["imageOptimization","generateBlurPlaceholder"],"duration":12,"failureDetails":[],"failureMessages":[],"fullName":"imageOptimization generateBlurPlaceholder generates a blur placeholder data URL","invocations":1,"location":null,"numPassingAsserts":1,"retryReasons":[],"status":"passed","title":"generates a blur placeholder data URL"},{"ancestorTitles":["imageOptimization","generateBlurPlaceholder"],"duration":15,"failureDetails":[],"failureMessages":[],"fullName":"imageOptimization generateBlurPlaceholder returns empty string when canvas context is unavailable","invocations":1,"location":null,"numPassingAsserts":1,"retryReasons":[],"status":"passed","title":"returns empty string when canvas context is unavailable"}],"endTime":1770327966391,"message":"","name":"D:\\Programmeren\\MaasISO\\New without errors\\maasiso - Copy\\src\\lib\\__tests__\\imageOptimization.test.ts","startTime":1770327966186,"status":"passed","summary":""},{"assertionResults":[{"ancestorTitles":["OptimizedImage"],"duration":10,"failureDetails":[],"failureMessages":[],"fullName":"OptimizedImage rendert met verplichte props","invocations":1,"location":null,"numPassingAsserts":3,"retryReasons":[],"status":"passed","title":"rendert met verplichte props"},{"ancestorTitles":["OptimizedImage"],"duration":4,"failureDetails":[],"failureMessages":[],"fullName":"OptimizedImage toont loading status en loading tekst","invocations":1,"location":null,"numPassingAsserts":2,"retryReasons":[],"status":"passed","title":"toont loading status en loading tekst"},{"ancestorTitles":["OptimizedImage"],"duration":18,"failureDetails":[],"failureMessages":[],"fullName":"OptimizedImage schakelt naar fallback bij afbeeldingsfout en roept onError aan","invocations":1,"location":null,"numPassingAsserts":3,"retryReasons":[],"status":"passed","title":"schakelt naar fallback bij afbeeldingsfout en roept onError aan"},{"ancestorTitles":["OptimizedImage"],"duration":1,"failureDetails":[],"failureMessages":[],"fullName":"OptimizedImage rendert figure met figcaption wanneer caption aanwezig is","invocations":1,"location":null,"numPassingAsserts":2,"retryReasons":[],"status":"passed","title":"rendert figure met figcaption wanneer caption aanwezig is"},{"ancestorTitles":["OptimizedImage"],"duration":2,"failureDetails":[],"failureMessages":[],"fullName":"OptimizedImage behandelt decoratieve afbeeldingen met lege alt en aria-hidden","invocations":1,"location":null,"numPassingAsserts":2,"retryReasons":[],"status":"passed","title":"behandelt decoratieve afbeeldingen met lege alt en aria-hidden"},{"ancestorTitles":["OptimizedImage"],"duration":12,"failureDetails":[],"failureMessages":[],"fullName":"OptimizedImage meldt succesvolle load in live status en roept onLoadingComplete aan","invocations":1,"location":null,"numPassingAsserts":2,"retryReasons":[],"status":"passed","title":"meldt succesvolle load in live status en roept onLoadingComplete aan"},{"ancestorTitles":["OptimizedImage"],"duration":1,"failureDetails":[],"failureMessages":[],"fullName":"OptimizedImage past custom wrapper class toe","invocations":1,"location":null,"numPassingAsserts":1,"retryReasons":[],"status":"passed","title":"past custom wrapper class toe"},{"ancestorTitles":["OptimizedImage"],"duration":30,"failureDetails":[],"failureMessages":[],"fullName":"OptimizedImage werkt loading en error classes bij op image element","invocations":1,"location":null,"numPassingAsserts":3,"retryReasons":[],"status":"passed","title":"werkt loading en error classes bij op image element"}],"endTime":1770327966594,"message":"","name":"D:\\Programmeren\\MaasISO\\New without errors\\maasiso - Copy\\src\\components\\core\\OptimizedImage\\OptimizedImage.test.tsx","startTime":1770327966397,"status":"passed","summary":""},{"assertionResults":[{"ancestorTitles":["BlogCard"],"duration":8,"failureDetails":[],"failureMessages":[],"fullName":"BlogCard renders blog post with all fields","invocations":1,"location":null,"numPassingAsserts":5,"retryReasons":[],"status":"passed","title":"renders blog post with all fields"},{"ancestorTitles":["BlogCard","BlogCard Performance"],"duration":14,"failureDetails":[],"failureMessages":[],"fullName":"BlogCard BlogCard Performance memoizes excerpt generation","invocations":1,"location":null,"numPassingAsserts":2,"retryReasons":[],"status":"passed","title":"memoizes excerpt generation"},{"ancestorTitles":["BlogCard","BlogCard Performance"],"duration":3,"failureDetails":[],"failureMessages":[],"fullName":"BlogCard BlogCard Performance handles image loading performance","invocations":1,"location":null,"numPassingAsserts":2,"retryReasons":[],"status":"passed","title":"handles image loading performance"},{"ancestorTitles":["BlogCard","BlogCard Performance"],"duration":17,"failureDetails":[],"failureMessages":[],"fullName":"BlogCard BlogCard Performance handles image loading errors gracefully","invocations":1,"location":null,"numPassingAsserts":1,"retryReasons":[],"status":"passed","title":"handles image loading errors gracefully"},{"ancestorTitles":["BlogCard","BlogCard Performance"],"duration":3,"failureDetails":[],"failureMessages":[],"fullName":"BlogCard BlogCard Performance renders efficiently with large category lists","invocations":1,"location":null,"numPassingAsserts":1,"retryReasons":[],"status":"passed","title":"renders efficiently with large category lists"},{"ancestorTitles":["BlogCard"],"duration":3,"failureDetails":[],"failureMessages":[],"fullName":"BlogCard handles missing optional fields","invocations":1,"location":null,"numPassingAsserts":3,"retryReasons":[],"status":"passed","title":"handles missing optional fields"},{"ancestorTitles":["BlogCard"],"duration":2,"failureDetails":[],"failureMessages":[],"fullName":"BlogCard handles numeric IDs correctly","invocations":1,"location":null,"numPassingAsserts":1,"retryReasons":[],"status":"passed","title":"handles numeric IDs correctly"},{"ancestorTitles":["BlogCard"],"duration":3,"failureDetails":[],"failureMessages":[],"fullName":"BlogCard handles empty categories array","invocations":1,"location":null,"numPassingAsserts":1,"retryReasons":[],"status":"passed","title":"handles empty categories array"},{"ancestorTitles":["BlogCard"],"duration":3,"failureDetails":[],"failureMessages":[],"fullName":"BlogCard handles undefined publishedAt date","invocations":1,"location":null,"numPassingAsserts":1,"retryReasons":[],"status":"passed","title":"handles undefined publishedAt date"}],"endTime":1770327966762,"message":"","name":"D:\\Programmeren\\MaasISO\\New without errors\\maasiso - Copy\\src\\components\\features\\BlogCard.test.tsx","startTime":1770327966599,"status":"passed","summary":""},{"assertionResults":[{"ancestorTitles":["ErrorBoundary"],"duration":3,"failureDetails":[],"failureMessages":[],"fullName":"ErrorBoundary renders children when there is no error","invocations":1,"location":null,"numPassingAsserts":1,"retryReasons":[],"status":"passed","title":"renders children when there is no error"},{"ancestorTitles":["ErrorBoundary"],"duration":10,"failureDetails":[],"failureMessages":[],"fullName":"ErrorBoundary renders error UI with proper ARIA attributes when error occurs","invocations":1,"location":null,"numPassingAsserts":3,"retryReasons":[],"status":"passed","title":"renders error UI with proper ARIA attributes when error occurs"},{"ancestorTitles":["ErrorBoundary"],"duration":5,"failureDetails":[],"failureMessages":[],"fullName":"ErrorBoundary focuses error message when error occurs","invocations":1,"location":null,"numPassingAsserts":1,"retryReasons":[],"status":"passed","title":"focuses error message when error occurs"},{"ancestorTitles":["ErrorBoundary"],"duration":2,"failureDetails":[],"failureMessages":[],"fullName":"ErrorBoundary logs error to monitoring system","invocations":1,"location":null,"numPassingAsserts":1,"retryReasons":[],"status":"passed","title":"logs error to monitoring system"},{"ancestorTitles":["ErrorBoundary"],"duration":21,"failureDetails":[],"failureMessages":[],"fullName":"ErrorBoundary resets error state when retry button is clicked","invocations":1,"location":null,"numPassingAsserts":1,"retryReasons":[],"status":"passed","title":"resets error state when retry button is clicked"},{"ancestorTitles":["ErrorBoundary"],"duration":7,"failureDetails":[],"failureMessages":[],"fullName":"ErrorBoundary supports custom error messages","invocations":1,"location":null,"numPassingAsserts":2,"retryReasons":[],"status":"passed","title":"supports custom error messages"},{"ancestorTitles":["ErrorBoundary"],"duration":1,"failureDetails":[],"failureMessages":[],"fullName":"ErrorBoundary renders custom fallback component when provided","invocations":1,"location":null,"numPassingAsserts":1,"retryReasons":[],"status":"passed","title":"renders custom fallback component when provided"},{"ancestorTitles":["ErrorBoundary"],"duration":8,"failureDetails":[],"failureMessages":[],"fullName":"ErrorBoundary provides reload option for keyboard users","invocations":1,"location":null,"numPassingAsserts":1,"retryReasons":[],"status":"passed","title":"provides reload option for keyboard users"},{"ancestorTitles":["DefaultErrorFallback"],"duration":3,"failureDetails":[],"failureMessages":[],"fullName":"DefaultErrorFallback renders with proper accessibility attributes","invocations":1,"location":null,"numPassingAsserts":2,"retryReasons":[],"status":"passed","title":"renders with proper accessibility attributes"},{"ancestorTitles":["DefaultErrorFallback"],"duration":4,"failureDetails":[],"failureMessages":[],"fullName":"DefaultErrorFallback focuses error message on mount","invocations":1,"location":null,"numPassingAsserts":1,"retryReasons":[],"status":"passed","title":"focuses error message on mount"},{"ancestorTitles":["DefaultErrorFallback"],"duration":6,"failureDetails":[],"failureMessages":[],"fullName":"DefaultErrorFallback supports custom error messages","invocations":1,"location":null,"numPassingAsserts":2,"retryReasons":[],"status":"passed","title":"supports custom error messages"},{"ancestorTitles":["DefaultErrorFallback"],"duration":6,"failureDetails":[],"failureMessages":[],"fullName":"DefaultErrorFallback calls reset function when retry button is clicked","invocations":1,"location":null,"numPassingAsserts":1,"retryReasons":[],"status":"passed","title":"calls reset function when retry button is clicked"},{"ancestorTitles":["DefaultErrorFallback"],"duration":6,"failureDetails":[],"failureMessages":[],"fullName":"DefaultErrorFallback provides descriptive button labels for screen readers","invocations":1,"location":null,"numPassingAsserts":1,"retryReasons":[],"status":"passed","title":"provides descriptive button labels for screen readers"}],"endTime":1770327966986,"message":"","name":"D:\\Programmeren\\MaasISO\\New without errors\\maasiso - Copy\\src\\components\\core\\ErrorBoundary\\ErrorBoundary.test.tsx","startTime":1770327966779,"status":"passed","summary":""},{"assertionResults":[{"ancestorTitles":["Button"],"duration":8,"failureDetails":[],"failureMessages":[],"fullName":"Button renders with default props","invocations":1,"location":null,"numPassingAsserts":2,"retryReasons":[],"status":"passed","title":"renders with default props"},{"ancestorTitles":["Button"],"duration":3,"failureDetails":[],"failureMessages":[],"fullName":"Button handles disabled state with proper ARIA attributes","invocations":1,"location":null,"numPassingAsserts":3,"retryReasons":[],"status":"passed","title":"handles disabled state with proper ARIA attributes"},{"ancestorTitles":["Button"],"duration":4,"failureDetails":[],"failureMessages":[],"fullName":"Button handles loading state with proper ARIA attributes","invocations":1,"location":null,"numPassingAsserts":4,"retryReasons":[],"status":"passed","title":"handles loading state with proper ARIA attributes"},{"ancestorTitles":["Button"],"duration":3,"failureDetails":[],"failureMessages":[],"fullName":"Button handles pressed state for toggle buttons","invocations":1,"location":null,"numPassingAsserts":1,"retryReasons":[],"status":"passed","title":"handles pressed state for toggle buttons"},{"ancestorTitles":["Button"],"duration":3,"failureDetails":[],"failureMessages":[],"fullName":"Button handles icon-only buttons with aria-label","invocations":1,"location":null,"numPassingAsserts":2,"retryReasons":[],"status":"passed","title":"handles icon-only buttons with aria-label"},{"ancestorTitles":["Button"],"duration":3,"failureDetails":[],"failureMessages":[],"fullName":"Button uses text content as aria-label for icon-only buttons when no label provided","invocations":1,"location":null,"numPassingAsserts":1,"retryReasons":[],"status":"passed","title":"uses text content as aria-label for icon-only buttons when no label provided"},{"ancestorTitles":["Button"],"duration":10,"failureDetails":[],"failureMessages":[],"fullName":"Button renders different variants","invocations":1,"location":null,"numPassingAsserts":4,"retryReasons":[],"status":"passed","title":"renders different variants"},{"ancestorTitles":["Button"],"duration":10,"failureDetails":[],"failureMessages":[],"fullName":"Button renders different sizes","invocations":1,"location":null,"numPassingAsserts":4,"retryReasons":[],"status":"passed","title":"renders different sizes"}],"endTime":1770327967163,"message":"","name":"D:\\Programmeren\\MaasISO\\New without errors\\maasiso - Copy\\src\\components\\core\\Button\\Button.test.tsx","startTime":1770327966992,"status":"passed","summary":""},{"assertionResults":[{"ancestorTitles":["Input"],"duration":11,"failureDetails":[],"failureMessages":[],"fullName":"Input renders with default props","invocations":1,"location":null,"numPassingAsserts":2,"retryReasons":[],"status":"passed","title":"renders with default props"},{"ancestorTitles":["Input"],"duration":5,"failureDetails":[],"failureMessages":[],"fullName":"Input renders with label correctly","invocations":1,"location":null,"numPassingAsserts":3,"retryReasons":[],"status":"passed","title":"renders with label correctly"},{"ancestorTitles":["Input"],"duration":5,"failureDetails":[],"failureMessages":[],"fullName":"Input handles required fields correctly","invocations":1,"location":null,"numPassingAsserts":2,"retryReasons":[],"status":"passed","title":"handles required fields correctly"},{"ancestorTitles":["Input"],"duration":5,"failureDetails":[],"failureMessages":[],"fullName":"Input displays help text correctly","invocations":1,"location":null,"numPassingAsserts":1,"retryReasons":[],"status":"passed","title":"displays help text correctly"},{"ancestorTitles":["Input"],"duration":6,"failureDetails":[],"failureMessages":[],"fullName":"Input handles error states correctly","invocations":1,"location":null,"numPassingAsserts":3,"retryReasons":[],"status":"passed","title":"handles error states correctly"},{"ancestorTitles":["Input"],"duration":6,"failureDetails":[],"failureMessages":[],"fullName":"Input handles both help text and error message","invocations":1,"location":null,"numPassingAsserts":3,"retryReasons":[],"status":"passed","title":"handles both help text and error message"},{"ancestorTitles":["Input"],"duration":2,"failureDetails":[],"failureMessages":[],"fullName":"Input renders icons with proper accessibility attributes","invocations":1,"location":null,"numPassingAsserts":2,"retryReasons":[],"status":"passed","title":"renders icons with proper accessibility attributes"},{"ancestorTitles":["Input"],"duration":1,"failureDetails":[],"failureMessages":[],"fullName":"Input supports hidden labels","invocations":1,"location":null,"numPassingAsserts":1,"retryReasons":[],"status":"passed","title":"supports hidden labels"},{"ancestorTitles":["Input"],"duration":5,"failureDetails":[],"failureMessages":[],"fullName":"Input handles disabled state correctly","invocations":1,"location":null,"numPassingAsserts":2,"retryReasons":[],"status":"passed","title":"handles disabled state correctly"},{"ancestorTitles":["Input"],"duration":10,"failureDetails":[],"failureMessages":[],"fullName":"Input preserves custom aria-describedby","invocations":1,"location":null,"numPassingAsserts":2,"retryReasons":[],"status":"passed","title":"preserves custom aria-describedby"},{"ancestorTitles":["Input"],"duration":6,"failureDetails":[],"failureMessages":[],"fullName":"Input renders different variants","invocations":1,"location":null,"numPassingAsserts":2,"retryReasons":[],"status":"passed","title":"renders different variants"},{"ancestorTitles":["Input"],"duration":8,"failureDetails":[],"failureMessages":[],"fullName":"Input renders different sizes","invocations":1,"location":null,"numPassingAsserts":3,"retryReasons":[],"status":"passed","title":"renders different sizes"}],"endTime":1770327967368,"message":"","name":"D:\\Programmeren\\MaasISO\\New without errors\\maasiso - Copy\\src\\components\\core\\Input\\Input.test.tsx","startTime":1770327967169,"status":"passed","summary":""},{"assertionResults":[{"ancestorTitles":["BlogPostContent"],"duration":18,"failureDetails":[],"failureMessages":[],"fullName":"BlogPostContent rendert basisinformatie en featured image","invocations":1,"location":null,"numPassingAsserts":8,"retryReasons":[],"status":"passed","title":"rendert basisinformatie en featured image"},{"ancestorTitles":["BlogPostContent"],"duration":7,"failureDetails":[],"failureMessages":[],"fullName":"BlogPostContent toont bijgewerkt-datum alleen wanneer verschil minimaal 1 dag is","invocations":1,"location":null,"numPassingAsserts":3,"retryReasons":[],"status":"passed","title":"toont bijgewerkt-datum alleen wanneer verschil minimaal 1 dag is"},{"ancestorTitles":["BlogPostContent"],"duration":7,"failureDetails":[],"failureMessages":[],"fullName":"BlogPostContent rendert TLDR blok wanneer tldrItems aanwezig zijn","invocations":1,"location":null,"numPassingAsserts":4,"retryReasons":[],"status":"passed","title":"rendert TLDR blok wanneer tldrItems aanwezig zijn"},{"ancestorTitles":["BlogPostContent"],"duration":13,"failureDetails":[],"failureMessages":[],"fullName":"BlogPostContent toont gerelateerde artikelen uit post-data","invocations":1,"location":null,"numPassingAsserts":3,"retryReasons":[],"status":"passed","title":"toont gerelateerde artikelen uit post-data"},{"ancestorTitles":["BlogPostContent"],"duration":4,"failureDetails":[],"failureMessages":[],"fullName":"BlogPostContent ondersteunt author object en verwijdert bovenste markdown titel uit content","invocations":1,"location":null,"numPassingAsserts":3,"retryReasons":[],"status":"passed","title":"ondersteunt author object en verwijdert bovenste markdown titel uit content"},{"ancestorTitles":["BlogPostContent"],"duration":2,"failureDetails":[],"failureMessages":[],"fullName":"BlogPostContent rendert zonder optionele velden","invocations":1,"location":null,"numPassingAsserts":2,"retryReasons":[],"status":"passed","title":"rendert zonder optionele velden"}],"endTime":1770327967564,"message":"","name":"D:\\Programmeren\\MaasISO\\New without errors\\maasiso - Copy\\src\\components\\features\\BlogPostContent.test.tsx","startTime":1770327967375,"status":"passed","summary":""},{"assertionResults":[{"ancestorTitles":["DynamicBlogCard"],"duration":8,"failureDetails":[],"failureMessages":[],"fullName":"DynamicBlogCard toont loading state of rendert direct component","invocations":1,"location":null,"numPassingAsserts":1,"retryReasons":[],"status":"passed","title":"toont loading state of rendert direct component"},{"ancestorTitles":["DynamicBlogCard"],"duration":5,"failureDetails":[],"failureMessages":[],"fullName":"DynamicBlogCard renders BlogCard component after loading","invocations":1,"location":null,"numPassingAsserts":2,"retryReasons":[],"status":"passed","title":"renders BlogCard component after loading"},{"ancestorTitles":["DynamicBlogCard"],"duration":15,"failureDetails":[],"failureMessages":[],"fullName":"DynamicBlogCard passes additional props to BlogCard","invocations":1,"location":null,"numPassingAsserts":2,"retryReasons":[],"status":"passed","title":"passes additional props to BlogCard"},{"ancestorTitles":["DynamicBlogCard"],"duration":0,"failureDetails":[],"failureMessages":[],"fullName":"DynamicBlogCard renders fallback zonder runtime fouten","invocations":1,"location":null,"numPassingAsserts":1,"retryReasons":[],"status":"passed","title":"renders fallback zonder runtime fouten"}],"endTime":1770327967727,"message":"","name":"D:\\Programmeren\\MaasISO\\New without errors\\maasiso - Copy\\src\\components\\features\\blog\\DynamicBlogCard.test.tsx","startTime":1770327967570,"status":"passed","summary":""},{"assertionResults":[{"ancestorTitles":["AccessibilityProvider"],"duration":4,"failureDetails":[],"failureMessages":[],"fullName":"AccessibilityProvider provides initial accessibility context values","invocations":1,"location":null,"numPassingAsserts":2,"retryReasons":[],"status":"passed","title":"provides initial accessibility context values"},{"ancestorTitles":["AccessibilityProvider"],"duration":2,"failureDetails":[],"failureMessages":[],"fullName":"AccessibilityProvider detects keyboard navigation","invocations":1,"location":null,"numPassingAsserts":3,"retryReasons":[],"status":"passed","title":"detects keyboard navigation"},{"ancestorTitles":["AccessibilityProvider"],"duration":3,"failureDetails":[],"failureMessages":[],"fullName":"AccessibilityProvider detects mouse interaction","invocations":1,"location":null,"numPassingAsserts":4,"retryReasons":[],"status":"passed","title":"detects mouse interaction"},{"ancestorTitles":["AccessibilityProvider"],"duration":9,"failureDetails":[],"failureMessages":[],"fullName":"AccessibilityProvider handles screen reader announcements","invocations":1,"location":null,"numPassingAsserts":4,"retryReasons":[],"status":"passed","title":"handles screen reader announcements"},{"ancestorTitles":["AccessibilityProvider"],"duration":6,"failureDetails":[],"failureMessages":[],"fullName":"AccessibilityProvider clears announcements after delay","invocations":1,"location":null,"numPassingAsserts":2,"retryReasons":[],"status":"passed","title":"clears announcements after delay"},{"ancestorTitles":["AccessibilityProvider"],"duration":9,"failureDetails":[],"failureMessages":[],"fullName":"AccessibilityProvider throws error when useAccessibility is used outside provider","invocations":1,"location":null,"numPassingAsserts":1,"retryReasons":[],"status":"passed","title":"throws error when useAccessibility is used outside provider"},{"ancestorTitles":["AccessibilityProvider"],"duration":1,"failureDetails":[],"failureMessages":[],"fullName":"AccessibilityProvider properly cleans up event listeners","invocations":1,"location":null,"numPassingAsserts":2,"retryReasons":[],"status":"passed","title":"properly cleans up event listeners"}],"endTime":1770327967893,"message":"","name":"D:\\Programmeren\\MaasISO\\New without errors\\maasiso - Copy\\src\\providers\\AccessibilityProvider.test.tsx","startTime":1770327967733,"status":"passed","summary":""},{"assertionResults":[{"ancestorTitles":["Typography"],"duration":4,"failureDetails":[],"failureMessages":[],"fullName":"Typography renders with default props","invocations":1,"location":null,"numPassingAsserts":2,"retryReasons":[],"status":"passed","title":"renders with default props"},{"ancestorTitles":["Typography"],"duration":8,"failureDetails":[],"failureMessages":[],"fullName":"Typography renders different variants with correct elements","invocations":1,"location":null,"numPassingAsserts":3,"retryReasons":[],"status":"passed","title":"renders different variants with correct elements"},{"ancestorTitles":["Typography"],"duration":4,"failureDetails":[],"failureMessages":[],"fullName":"Typography handles custom heading levels","invocations":1,"location":null,"numPassingAsserts":2,"retryReasons":[],"status":"passed","title":"handles custom heading levels"},{"ancestorTitles":["Typography"],"duration":1,"failureDetails":[],"failureMessages":[],"fullName":"Typography applies text alignment classes","invocations":1,"location":null,"numPassingAsserts":2,"retryReasons":[],"status":"passed","title":"applies text alignment classes"},{"ancestorTitles":["Typography"],"duration":2,"failureDetails":[],"failureMessages":[],"fullName":"Typography handles emphasis variants","invocations":1,"location":null,"numPassingAsserts":3,"retryReasons":[],"status":"passed","title":"handles emphasis variants"},{"ancestorTitles":["Typography"],"duration":1,"failureDetails":[],"failureMessages":[],"fullName":"Typography supports language attributes","invocations":1,"location":null,"numPassingAsserts":2,"retryReasons":[],"status":"passed","title":"supports language attributes"},{"ancestorTitles":["Typography"],"duration":1,"failureDetails":[],"failureMessages":[],"fullName":"Typography handles visually hidden text","invocations":1,"location":null,"numPassingAsserts":2,"retryReasons":[],"status":"passed","title":"handles visually hidden text"},{"ancestorTitles":["Typography"],"duration":6,"failureDetails":[],"failureMessages":[],"fullName":"Typography applies appropriate ARIA roles","invocations":1,"location":null,"numPassingAsserts":3,"retryReasons":[],"status":"passed","title":"applies appropriate ARIA roles"},{"ancestorTitles":["Typography"],"duration":1,"failureDetails":[],"failureMessages":[],"fullName":"Typography supports custom ARIA attributes","invocations":1,"location":null,"numPassingAsserts":2,"retryReasons":[],"status":"passed","title":"supports custom ARIA attributes"},{"ancestorTitles":["Typography"],"duration":1,"failureDetails":[],"failureMessages":[],"fullName":"Typography allows overriding element type with as prop","invocations":1,"location":null,"numPassingAsserts":1,"retryReasons":[],"status":"passed","title":"allows overriding element type with as prop"},{"ancestorTitles":["Typography"],"duration":1,"failureDetails":[],"failureMessages":[],"fullName":"Typography combines multiple variants correctly","invocations":1,"location":null,"numPassingAsserts":2,"retryReasons":[],"status":"passed","title":"combines multiple variants correctly"},{"ancestorTitles":["Typography"],"duration":2,"failureDetails":[],"failureMessages":[],"fullName":"Typography preserves custom className while applying variants","invocations":1,"location":null,"numPassingAsserts":2,"retryReasons":[],"status":"passed","title":"preserves custom className while applying variants"},{"ancestorTitles":["Typography"],"duration":2,"failureDetails":[],"failureMessages":[],"fullName":"Typography handles nested typography elements","invocations":1,"location":null,"numPassingAsserts":3,"retryReasons":[],"status":"passed","title":"handles nested typography elements"}],"endTime":1770327968067,"message":"","name":"D:\\Programmeren\\MaasISO\\New without errors\\maasiso - Copy\\src\\components\\core\\Typography\\Typography.test.tsx","startTime":1770327967899,"status":"passed","summary":""},{"assertionResults":[{"ancestorTitles":["NewsCard"],"duration":8,"failureDetails":[],"failureMessages":[],"fullName":"NewsCard renders article title and date","invocations":1,"location":null,"numPassingAsserts":2,"retryReasons":[],"status":"passed","title":"renders article title and date"},{"ancestorTitles":["NewsCard"],"duration":3,"failureDetails":[],"failureMessages":[],"fullName":"NewsCard renders summary when available","invocations":1,"location":null,"numPassingAsserts":1,"retryReasons":[],"status":"passed","title":"renders summary when available"},{"ancestorTitles":["NewsCard"],"duration":3,"failureDetails":[],"failureMessages":[],"fullName":"NewsCard generates excerpt from content when no summary is available","invocations":1,"location":null,"numPassingAsserts":1,"retryReasons":[],"status":"passed","title":"generates excerpt from content when no summary is available"},{"ancestorTitles":["NewsCard"],"duration":2,"failureDetails":[],"failureMessages":[],"fullName":"NewsCard renders placeholder when no image is available","invocations":1,"location":null,"numPassingAsserts":1,"retryReasons":[],"status":"passed","title":"renders placeholder when no image is available"},{"ancestorTitles":["NewsCard"],"duration":2,"failureDetails":[],"failureMessages":[],"fullName":"NewsCard generates correct article link","invocations":1,"location":null,"numPassingAsserts":1,"retryReasons":[],"status":"passed","title":"generates correct article link"},{"ancestorTitles":["NewsCard"],"duration":3,"failureDetails":[],"failureMessages":[],"fullName":"NewsCard applies custom className","invocations":1,"location":null,"numPassingAsserts":1,"retryReasons":[],"status":"passed","title":"applies custom className"},{"ancestorTitles":["NewsCard"],"duration":2,"failureDetails":[],"failureMessages":[],"fullName":"NewsCard renders image with correct props when available","invocations":1,"location":null,"numPassingAsserts":2,"retryReasons":[],"status":"passed","title":"renders image with correct props when available"},{"ancestorTitles":["NewsCard"],"duration":3,"failureDetails":[],"failureMessages":[],"fullName":"NewsCard handles markdown content in excerpt generation","invocations":1,"location":null,"numPassingAsserts":1,"retryReasons":[],"status":"passed","title":"handles markdown content in excerpt generation"}],"endTime":1770327968230,"message":"","name":"D:\\Programmeren\\MaasISO\\New without errors\\maasiso - Copy\\src\\components\\features\\news\\NewsCard.test.tsx","startTime":1770327968073,"status":"passed","summary":""},{"assertionResults":[{"ancestorTitles":["useOfflineStatus"],"duration":4,"failureDetails":[],"failureMessages":[],"fullName":"useOfflineStatus should initialize with the current online status","invocations":1,"location":null,"numPassingAsserts":1,"retryReasons":[],"status":"passed","title":"should initialize with the current online status"},{"ancestorTitles":["useOfflineStatus"],"duration":2,"failureDetails":[],"failureMessages":[],"fullName":"useOfflineStatus should add and remove event listeners","invocations":1,"location":null,"numPassingAsserts":4,"retryReasons":[],"status":"passed","title":"should add and remove event listeners"},{"ancestorTitles":["useOfflineStatus"],"duration":2,"failureDetails":[],"failureMessages":[],"fullName":"useOfflineStatus should update status when online/offline events occur","invocations":1,"location":null,"numPassingAsserts":2,"retryReasons":[],"status":"passed","title":"should update status when online/offline events occur"},{"ancestorTitles":["useOfflineStatus"],"duration":1,"failureDetails":[],"failureMessages":[],"fullName":"useOfflineStatus should register service worker and handle configuration","invocations":1,"location":null,"numPassingAsserts":2,"retryReasons":[],"status":"passed","title":"should register service worker and handle configuration"},{"ancestorTitles":["useOfflineStatus"],"duration":5,"failureDetails":[],"failureMessages":[],"fullName":"useOfflineStatus should handle service worker registration error","invocations":1,"location":null,"numPassingAsserts":1,"retryReasons":[],"status":"passed","title":"should handle service worker registration error"},{"ancestorTitles":["useOfflineStatus"],"duration":1,"failureDetails":[],"failureMessages":[],"fullName":"useOfflineStatus should check for pending sync tags on mount","invocations":1,"location":null,"numPassingAsserts":1,"retryReasons":[],"status":"passed","title":"should check for pending sync tags on mount"},{"ancestorTitles":["useOfflineStatus"],"duration":1,"failureDetails":[],"failureMessages":[],"fullName":"useOfflineStatus should handle sync tag check error gracefully","invocations":1,"location":null,"numPassingAsserts":1,"retryReasons":[],"status":"passed","title":"should handle sync tag check error gracefully"},{"ancestorTitles":["useOfflineStatus"],"duration":2,"failureDetails":[],"failureMessages":[],"fullName":"useOfflineStatus should handle pending sync status messages","invocations":1,"location":null,"numPassingAsserts":2,"retryReasons":[],"status":"passed","title":"should handle pending sync status messages"},{"ancestorTitles":["useOfflineStatus","OfflineStatusProvider"],"duration":3,"failureDetails":[],"failureMessages":[],"fullName":"useOfflineStatus OfflineStatusProvider should render offline indicator when offline","invocations":1,"location":null,"numPassingAsserts":2,"retryReasons":[],"status":"passed","title":"should render offline indicator when offline"},{"ancestorTitles":["useOfflineStatus","OfflineStatusProvider"],"duration":2,"failureDetails":[],"failureMessages":[],"fullName":"useOfflineStatus OfflineStatusProvider should show pending sync message when applicable","invocations":1,"location":null,"numPassingAsserts":1,"retryReasons":[],"status":"passed","title":"should show pending sync message when applicable"}],"endTime":1770327968395,"message":"","name":"D:\\Programmeren\\MaasISO\\New without errors\\maasiso - Copy\\src\\hooks\\__tests__\\useOfflineStatus.test.tsx","startTime":1770327968243,"status":"passed","summary":""},{"assertionResults":[{"ancestorTitles":["BlogPostLoading"],"duration":7,"failureDetails":[],"failureMessages":[],"fullName":"BlogPostLoading renders loading skeleton with correct structure","invocations":1,"location":null,"numPassingAsserts":9,"retryReasons":[],"status":"passed","title":"renders loading skeleton with correct structure"},{"ancestorTitles":["BlogPostLoading"],"duration":3,"failureDetails":[],"failureMessages":[],"fullName":"BlogPostLoading applies animation classes correctly","invocations":1,"location":null,"numPassingAsserts":4,"retryReasons":[],"status":"passed","title":"applies animation classes correctly"},{"ancestorTitles":["BlogPostLoading"],"duration":2,"failureDetails":[],"failureMessages":[],"fullName":"BlogPostLoading maintains responsive layout structure","invocations":1,"location":null,"numPassingAsserts":1,"retryReasons":[],"status":"passed","title":"maintains responsive layout structure"},{"ancestorTitles":["BlogPostLoading"],"duration":9,"failureDetails":[],"failureMessages":[],"fullName":"BlogPostLoading renders with accessible structure","invocations":1,"location":null,"numPassingAsserts":3,"retryReasons":[],"status":"passed","title":"renders with accessible structure"},{"ancestorTitles":["BlogPostLoading"],"duration":4,"failureDetails":[],"failureMessages":[],"fullName":"BlogPostLoading renders consistent dimensions for skeleton elements","invocations":1,"location":null,"numPassingAsserts":29,"retryReasons":[],"status":"passed","title":"renders consistent dimensions for skeleton elements"},{"ancestorTitles":["BlogPostLoading"],"duration":4,"failureDetails":[],"failureMessages":[],"fullName":"BlogPostLoading renders related posts skeleton with correct card structure","invocations":1,"location":null,"numPassingAsserts":9,"retryReasons":[],"status":"passed","title":"renders related posts skeleton with correct card structure"}],"endTime":1770327968563,"message":"","name":"D:\\Programmeren\\MaasISO\\New without errors\\maasiso - Copy\\src\\app\\blog\\[slug]\\loading.test.tsx","startTime":1770327968407,"status":"passed","summary":""},{"assertionResults":[{"ancestorTitles":["Card"],"duration":5,"failureDetails":[],"failureMessages":[],"fullName":"Card renders basic card with default props","invocations":1,"location":null,"numPassingAsserts":1,"retryReasons":[],"status":"passed","title":"renders basic card with default props"},{"ancestorTitles":["Card"],"duration":3,"failureDetails":[],"failureMessages":[],"fullName":"Card renders all card components with proper structure","invocations":1,"location":null,"numPassingAsserts":4,"retryReasons":[],"status":"passed","title":"renders all card components with proper structure"},{"ancestorTitles":["Card"],"duration":2,"failureDetails":[],"failureMessages":[],"fullName":"Card handles interactive card behavior","invocations":1,"location":null,"numPassingAsserts":5,"retryReasons":[],"status":"passed","title":"handles interactive card behavior"},{"ancestorTitles":["Card"],"duration":2,"failureDetails":[],"failureMessages":[],"fullName":"Card handles expandable card behavior","invocations":1,"location":null,"numPassingAsserts":5,"retryReasons":[],"status":"passed","title":"handles expandable card behavior"},{"ancestorTitles":["Card"],"duration":9,"failureDetails":[],"failureMessages":[],"fullName":"Card renders CardTitle with different heading levels","invocations":1,"location":null,"numPassingAsserts":3,"retryReasons":[],"status":"passed","title":"renders CardTitle with different heading levels"},{"ancestorTitles":["Card"],"duration":2,"failureDetails":[],"failureMessages":[],"fullName":"Card renders CardContent with proper region role","invocations":1,"location":null,"numPassingAsserts":1,"retryReasons":[],"status":"passed","title":"renders CardContent with proper region role"},{"ancestorTitles":["Card"],"duration":2,"failureDetails":[],"failureMessages":[],"fullName":"Card applies proper focus styles for keyboard users","invocations":1,"location":null,"numPassingAsserts":2,"retryReasons":[],"status":"passed","title":"applies proper focus styles for keyboard users"},{"ancestorTitles":["Card"],"duration":2,"failureDetails":[],"failureMessages":[],"fullName":"Card renders different variants","invocations":1,"location":null,"numPassingAsserts":3,"retryReasons":[],"status":"passed","title":"renders different variants"},{"ancestorTitles":["Card"],"duration":2,"failureDetails":[],"failureMessages":[],"fullName":"Card renders different sizes","invocations":1,"location":null,"numPassingAsserts":3,"retryReasons":[],"status":"passed","title":"renders different sizes"}],"endTime":1770327968721,"message":"","name":"D:\\Programmeren\\MaasISO\\New without errors\\maasiso - Copy\\src\\components\\core\\Card\\Card.test.tsx","startTime":1770327968568,"status":"passed","summary":""},{"assertionResults":[{"ancestorTitles":["BlogPostPerformance"],"duration":4,"failureDetails":[],"failureMessages":[],"fullName":"BlogPostPerformance initialiseert performance monitoring op mount","invocations":1,"location":null,"numPassingAsserts":2,"retryReasons":[],"status":"passed","title":"initialiseert performance monitoring op mount"},{"ancestorTitles":["BlogPostPerformance"],"duration":2,"failureDetails":[],"failureMessages":[],"fullName":"BlogPostPerformance rendert content en related posts met correcte props","invocations":1,"location":null,"numPassingAsserts":3,"retryReasons":[],"status":"passed","title":"rendert content en related posts met correcte props"},{"ancestorTitles":["BlogPostPerformance"],"duration":2,"failureDetails":[],"failureMessages":[],"fullName":"BlogPostPerformance geeft correcte metadata door aan analytics","invocations":1,"location":null,"numPassingAsserts":7,"retryReasons":[],"status":"passed","title":"geeft correcte metadata door aan analytics"},{"ancestorTitles":["BlogPostPerformance"],"duration":2,"failureDetails":[],"failureMessages":[],"fullName":"BlogPostPerformance berekent leestijd op basis van woordaantal","invocations":1,"location":null,"numPassingAsserts":1,"retryReasons":[],"status":"passed","title":"berekent leestijd op basis van woordaantal"},{"ancestorTitles":["BlogPostPerformance"],"duration":2,"failureDetails":[],"failureMessages":[],"fullName":"BlogPostPerformance herstart monitoring wanneer slug wijzigt","invocations":1,"location":null,"numPassingAsserts":3,"retryReasons":[],"status":"passed","title":"herstart monitoring wanneer slug wijzigt"},{"ancestorTitles":["BlogPostPerformance"],"duration":2,"failureDetails":[],"failureMessages":[],"fullName":"BlogPostPerformance houdt metadata stabiel bij lege categorieen en tags","invocations":1,"location":null,"numPassingAsserts":3,"retryReasons":[],"status":"passed","title":"houdt metadata stabiel bij lege categorieen en tags"}],"endTime":1770327968874,"message":"","name":"D:\\Programmeren\\MaasISO\\New without errors\\maasiso - Copy\\src\\components\\features\\BlogPostPerformance.test.tsx","startTime":1770327968734,"status":"passed","summary":""},{"assertionResults":[{"ancestorTitles":["Service Worker","Cache Operations"],"duration":2,"failureDetails":[],"failureMessages":[],"fullName":"Service Worker Cache Operations should cache API responses","invocations":1,"location":null,"numPassingAsserts":1,"retryReasons":[],"status":"passed","title":"should cache API responses"},{"ancestorTitles":["Service Worker","Background Sync"],"duration":1,"failureDetails":[],"failureMessages":[],"fullName":"Service Worker Background Sync should register background sync","invocations":1,"location":null,"numPassingAsserts":1,"retryReasons":[],"status":"passed","title":"should register background sync"},{"ancestorTitles":["Service Worker","Background Sync"],"duration":1,"failureDetails":[],"failureMessages":[],"fullName":"Service Worker Background Sync should handle sync completion","invocations":1,"location":null,"numPassingAsserts":1,"retryReasons":[],"status":"passed","title":"should handle sync completion"},{"ancestorTitles":["Service Worker","Offline Detection"],"duration":0,"failureDetails":[],"failureMessages":[],"fullName":"Service Worker Offline Detection should notify clients about connection status","invocations":1,"location":null,"numPassingAsserts":1,"retryReasons":[],"status":"passed","title":"should notify clients about connection status"},{"ancestorTitles":["Service Worker","IndexedDB Operations"],"duration":1,"failureDetails":[],"failureMessages":[],"fullName":"Service Worker IndexedDB Operations should handle offline mutations queue","invocations":1,"location":null,"numPassingAsserts":1,"retryReasons":[],"status":"passed","title":"should handle offline mutations queue"}],"endTime":1770327968971,"message":"","name":"D:\\Programmeren\\MaasISO\\New without errors\\maasiso - Copy\\src\\__tests__\\service-worker.test.ts","startTime":1770327968880,"status":"passed","summary":""},{"assertionResults":[{"ancestorTitles":["LazyImage"],"duration":3,"failureDetails":[],"failureMessages":[],"fullName":"LazyImage rendert loading placeholder initieel","invocations":1,"location":null,"numPassingAsserts":1,"retryReasons":[],"status":"passed","title":"rendert loading placeholder initieel"},{"ancestorTitles":["LazyImage"],"duration":2,"failureDetails":[],"failureMessages":[],"fullName":"LazyImage rendert image zodra component in beeld is","invocations":1,"location":null,"numPassingAsserts":2,"retryReasons":[],"status":"passed","title":"rendert image zodra component in beeld is"},{"ancestorTitles":["LazyImage"],"duration":3,"failureDetails":[],"failureMessages":[],"fullName":"LazyImage roept onError aan bij image error","invocations":1,"location":null,"numPassingAsserts":2,"retryReasons":[],"status":"passed","title":"roept onError aan bij image error"},{"ancestorTitles":["LazyImage"],"duration":2,"failureDetails":[],"failureMessages":[],"fullName":"LazyImage roept onLoad aan en verbergt placeholder na load","invocations":1,"location":null,"numPassingAsserts":2,"retryReasons":[],"status":"passed","title":"roept onLoad aan en verbergt placeholder na load"},{"ancestorTitles":["LazyImage"],"duration":2,"failureDetails":[],"failureMessages":[],"fullName":"LazyImage zet eager loading bij priority=true","invocations":1,"location":null,"numPassingAsserts":1,"retryReasons":[],"status":"passed","title":"zet eager loading bij priority=true"},{"ancestorTitles":["LazyImage"],"duration":1,"failureDetails":[],"failureMessages":[],"fullName":"LazyImage past className toe op image","invocations":1,"location":null,"numPassingAsserts":1,"retryReasons":[],"status":"passed","title":"past className toe op image"},{"ancestorTitles":["LazyImage"],"duration":1,"failureDetails":[],"failureMessages":[],"fullName":"LazyImage past fill classes toe op wrapper","invocations":1,"location":null,"numPassingAsserts":1,"retryReasons":[],"status":"passed","title":"past fill classes toe op wrapper"},{"ancestorTitles":["LazyImage"],"duration":1,"failureDetails":[],"failureMessages":[],"fullName":"LazyImage ruimt observer op bij unmount","invocations":1,"location":null,"numPassingAsserts":1,"retryReasons":[],"status":"passed","title":"ruimt observer op bij unmount"}],"endTime":1770327969119,"message":"","name":"D:\\Programmeren\\MaasISO\\New without errors\\maasiso - Copy\\src\\components\\common\\LazyImage.test.tsx","startTime":1770327968977,"status":"passed","summary":""},{"assertionResults":[{"ancestorTitles":["useConflictResolution"],"duration":3,"failureDetails":[],"failureMessages":[],"fullName":"useConflictResolution should initialize with empty conflicts","invocations":1,"location":null,"numPassingAsserts":5,"retryReasons":[],"status":"passed","title":"should initialize with empty conflicts"},{"ancestorTitles":["useConflictResolution"],"duration":2,"failureDetails":[],"failureMessages":[],"fullName":"useConflictResolution should load pending conflicts on mount","invocations":1,"location":null,"numPassingAsserts":5,"retryReasons":[],"status":"passed","title":"should load pending conflicts on mount"},{"ancestorTitles":["useConflictResolution"],"duration":1,"failureDetails":[],"failureMessages":[],"fullName":"useConflictResolution should handle conflict resolution service error","invocations":1,"location":null,"numPassingAsserts":2,"retryReasons":[],"status":"passed","title":"should handle conflict resolution service error"},{"ancestorTitles":["useConflictResolution"],"duration":1,"failureDetails":[],"failureMessages":[],"fullName":"useConflictResolution should show next conflict","invocations":1,"location":null,"numPassingAsserts":2,"retryReasons":[],"status":"passed","title":"should show next conflict"},{"ancestorTitles":["useConflictResolution"],"duration":1,"failureDetails":[],"failureMessages":[],"fullName":"useConflictResolution should dismiss active conflict","invocations":1,"location":null,"numPassingAsserts":3,"retryReasons":[],"status":"passed","title":"should dismiss active conflict"},{"ancestorTitles":["useConflictResolution"],"duration":2,"failureDetails":[],"failureMessages":[],"fullName":"useConflictResolution should handle conflict resolution","invocations":1,"location":null,"numPassingAsserts":4,"retryReasons":[],"status":"passed","title":"should handle conflict resolution"},{"ancestorTitles":["useConflictResolution"],"duration":1,"failureDetails":[],"failureMessages":[],"fullName":"useConflictResolution should refresh conflicts","invocations":1,"location":null,"numPassingAsserts":3,"retryReasons":[],"status":"passed","title":"should refresh conflicts"}],"endTime":1770327969256,"message":"","name":"D:\\Programmeren\\MaasISO\\New without errors\\maasiso - Copy\\src\\hooks\\__tests__\\useConflictResolution.test.tsx","startTime":1770327969126,"status":"passed","summary":""},{"assertionResults":[{"ancestorTitles":["ProgressiveImage"],"duration":4,"failureDetails":[],"failureMessages":[],"fullName":"ProgressiveImage renders image container","invocations":1,"location":null,"numPassingAsserts":1,"retryReasons":[],"status":"passed","title":"renders image container"},{"ancestorTitles":["ProgressiveImage"],"duration":1,"failureDetails":[],"failureMessages":[],"fullName":"ProgressiveImage renders image element with alt text","invocations":1,"location":null,"numPassingAsserts":1,"retryReasons":[],"status":"passed","title":"renders image element with alt text"},{"ancestorTitles":["ProgressiveImage"],"duration":1,"failureDetails":[],"failureMessages":[],"fullName":"ProgressiveImage applies custom className on container","invocations":1,"location":null,"numPassingAsserts":1,"retryReasons":[],"status":"passed","title":"applies custom className on container"},{"ancestorTitles":["ProgressiveImage"],"duration":1,"failureDetails":[],"failureMessages":[],"fullName":"ProgressiveImage sets eager loading when priority=true","invocations":1,"location":null,"numPassingAsserts":1,"retryReasons":[],"status":"passed","title":"sets eager loading when priority=true"}],"endTime":1770327969403,"message":"","name":"D:\\Programmeren\\MaasISO\\New without errors\\maasiso - Copy\\src\\components\\common\\__tests__\\ProgressiveImage.test.tsx","startTime":1770327969262,"status":"passed","summary":""},{"assertionResults":[{"ancestorTitles":["Environment Configuration"],"duration":3,"failureDetails":[],"failureMessages":[],"fullName":"Environment Configuration loads valid environment configuration","invocations":1,"location":null,"numPassingAsserts":1,"retryReasons":[],"status":"passed","title":"loads valid environment configuration"},{"ancestorTitles":["Environment Configuration"],"duration":5,"failureDetails":[],"failureMessages":[],"fullName":"Environment Configuration throws for missing required variables","invocations":1,"location":null,"numPassingAsserts":1,"retryReasons":[],"status":"passed","title":"throws for missing required variables"},{"ancestorTitles":["Environment Configuration"],"duration":1,"failureDetails":[],"failureMessages":[],"fullName":"Environment Configuration validates URL format","invocations":1,"location":null,"numPassingAsserts":1,"retryReasons":[],"status":"passed","title":"validates URL format"},{"ancestorTitles":["Environment Configuration"],"duration":1,"failureDetails":[],"failureMessages":[],"fullName":"Environment Configuration validates URL protocol","invocations":1,"location":null,"numPassingAsserts":1,"retryReasons":[],"status":"passed","title":"validates URL protocol"},{"ancestorTitles":["Environment Configuration"],"duration":1,"failureDetails":[],"failureMessages":[],"fullName":"Environment Configuration handles boolean environment variables","invocations":1,"location":null,"numPassingAsserts":3,"retryReasons":[],"status":"passed","title":"handles boolean environment variables"},{"ancestorTitles":["Environment Configuration"],"duration":0,"failureDetails":[],"failureMessages":[],"fullName":"Environment Configuration trims whitespace from values","invocations":1,"location":null,"numPassingAsserts":1,"retryReasons":[],"status":"passed","title":"trims whitespace from values"}],"endTime":1770327969542,"message":"","name":"D:\\Programmeren\\MaasISO\\New without errors\\maasiso - Copy\\src\\lib\\config\\__tests__\\env.test.ts","startTime":1770327969419,"status":"passed","summary":""},{"assertionResults":[{"ancestorTitles":["DynamicNewsCard"],"duration":3,"failureDetails":[],"failureMessages":[],"fullName":"DynamicNewsCard rendert NewsCard component","invocations":1,"location":null,"numPassingAsserts":1,"retryReasons":[],"status":"passed","title":"rendert NewsCard component"},{"ancestorTitles":["DynamicNewsCard"],"duration":1,"failureDetails":[],"failureMessages":[],"fullName":"DynamicNewsCard geeft article props correct door","invocations":1,"location":null,"numPassingAsserts":1,"retryReasons":[],"status":"passed","title":"geeft article props correct door"},{"ancestorTitles":["DynamicNewsCard"],"duration":1,"failureDetails":[],"failureMessages":[],"fullName":"DynamicNewsCard geeft extra props door","invocations":1,"location":null,"numPassingAsserts":1,"retryReasons":[],"status":"passed","title":"geeft extra props door"}],"endTime":1770327969682,"message":"","name":"D:\\Programmeren\\MaasISO\\New without errors\\maasiso - Copy\\src\\components\\features\\news\\DynamicNewsCard.test.tsx","startTime":1770327969554,"status":"passed","summary":""},{"assertionResults":[{"ancestorTitles":["Request Queue","Request Deduplication"],"duration":3,"failureDetails":[],"failureMessages":[],"fullName":"Request Queue Request Deduplication deduplicates identical requests in the same batch","invocations":1,"location":null,"numPassingAsserts":3,"retryReasons":[],"status":"passed","title":"deduplicates identical requests in the same batch"},{"ancestorTitles":["Request Queue","Failed Request Handling"],"duration":5,"failureDetails":[],"failureMessages":[],"fullName":"Request Queue Failed Request Handling moves failed requests to failed queue","invocations":1,"location":null,"numPassingAsserts":2,"retryReasons":[],"status":"passed","title":"moves failed requests to failed queue"},{"ancestorTitles":["Request Queue","Queue Events"],"duration":1,"failureDetails":[],"failureMessages":[],"fullName":"Request Queue Queue Events emits batch-processed event with metrics","invocations":1,"location":null,"numPassingAsserts":1,"retryReasons":[],"status":"passed","title":"emits batch-processed event with metrics"},{"ancestorTitles":["Request Queue","Queue Events"],"duration":1,"failureDetails":[],"failureMessages":[],"fullName":"Request Queue Queue Events emits batch-processed event on failure with error metrics","invocations":1,"location":null,"numPassingAsserts":1,"retryReasons":[],"status":"passed","title":"emits batch-processed event on failure with error metrics"}],"endTime":1770327969786,"message":"","name":"D:\\Programmeren\\MaasISO\\New without errors\\maasiso - Copy\\src\\lib\\api\\__tests__\\request-queue.test.ts","startTime":1770327969687,"status":"passed","summary":""},{"assertionResults":[{"ancestorTitles":["Request Queue Batch Timing"],"duration":2,"failureDetails":[],"failureMessages":[],"fullName":"Request Queue Batch Timing processes batch after maxDelay","invocations":1,"location":null,"numPassingAsserts":3,"retryReasons":[],"status":"passed","title":"processes batch after maxDelay"},{"ancestorTitles":["Request Queue Batch Timing"],"duration":2,"failureDetails":[],"failureMessages":[],"fullName":"Request Queue Batch Timing processes batch immediately when maxBatchSize is reached","invocations":1,"location":null,"numPassingAsserts":7,"retryReasons":[],"status":"passed","title":"processes batch immediately when maxBatchSize is reached"},{"ancestorTitles":["Request Queue Batch Timing"],"duration":4,"failureDetails":[],"failureMessages":[],"fullName":"Request Queue Batch Timing handles batch processing errors","invocations":1,"location":null,"numPassingAsserts":1,"retryReasons":[],"status":"passed","title":"handles batch processing errors"}],"endTime":1770327969886,"message":"","name":"D:\\Programmeren\\MaasISO\\New without errors\\maasiso -
[...]
ds and derive optional values","invocations":1,"location":null,"numPassingAsserts":1,"retryReasons":[],"status":"passed","title":"should handle minimal required fields and derive optional values"},{"ancestorTitles":["normalizeImage","ID type handling"],"duration":0,"failureDetails":[],"failureMessages":[],"fullName":"normalizeImage ID type handling should convert numeric id to string","invocations":1,"location":null,"numPassingAsserts":2,"retryReasons":[],"status":"passed","title":"should convert numeric id to string"},{"ancestorTitles":["normalizeImage","ID type handling"],"duration":1,"failureDetails":[],"failureMessages":[],"fullName":"normalizeImage ID type handling should convert numeric documentId to string","invocations":1,"location":null,"numPassingAsserts":2,"retryReasons":[],"status":"passed","title":"should convert numeric documentId to string"},{"ancestorTitles":["normalizeImage","ID type handling"],"duration":0,"failureDetails":[],"failureMessages":[],"fullName":"normalizeImage ID type handling should handle undefined documentId","invocations":1,"location":null,"numPassingAsserts":1,"retryReasons":[],"status":"passed","title":"should handle undefined documentId"},{"ancestorTitles":["normalizeImage"],"duration":1,"failureDetails":[],"failureMessages":[],"fullName":"normalizeImage should normalize a nested image structure","invocations":1,"location":null,"numPassingAsserts":1,"retryReasons":[],"status":"passed","title":"should normalize a nested image structure"},{"ancestorTitles":["normalizeImage"],"duration":1,"failureDetails":[],"failureMessages":[],"fullName":"normalizeImage should normalize a flat image structure","invocations":1,"location":null,"numPassingAsserts":1,"retryReasons":[],"status":"passed","title":"should normalize a flat image structure"},{"ancestorTitles":["normalizeImage"],"duration":0,"failureDetails":[],"failureMessages":[],"fullName":"normalizeImage should handle undefined optional fields correctly","invocations":1,"location":null,"numPassingAsserts":3,"retryReasons":[],"status":"passed","title":"should handle undefined optional fields correctly"},{"ancestorTitles":["normalizeImage","edge cases"],"duration":1,"failureDetails":[],"failureMessages":[],"fullName":"normalizeImage edge cases should handle empty formats object","invocations":1,"location":null,"numPassingAsserts":1,"retryReasons":[],"status":"passed","title":"should handle empty formats object"},{"ancestorTitles":["normalizeImage","edge cases"],"duration":0,"failureDetails":[],"failureMessages":[],"fullName":"normalizeImage edge cases should handle missing formats property","invocations":1,"location":null,"numPassingAsserts":1,"retryReasons":[],"status":"passed","title":"should handle missing formats property"},{"ancestorTitles":["normalizeImage","edge cases"],"duration":1,"failureDetails":[],"failureMessages":[],"fullName":"normalizeImage edge cases should handle partial format data","invocations":1,"location":null,"numPassingAsserts":2,"retryReasons":[],"status":"passed","title":"should handle partial format data"},{"ancestorTitles":["normalizeImage","edge cases"],"duration":0,"failureDetails":[],"failureMessages":[],"fullName":"normalizeImage edge cases should handle invalid format data","invocations":1,"location":null,"numPassingAsserts":2,"retryReasons":[],"status":"passed","title":"should handle invalid format data"},{"ancestorTitles":["normalizeImage","edge cases"],"duration":1,"failureDetails":[],"failureMessages":[],"fullName":"normalizeImage edge cases should handle URLs without file extensions","invocations":1,"location":null,"numPassingAsserts":3,"retryReasons":[],"status":"passed","title":"should handle URLs without file extensions"},{"ancestorTitles":["normalizeImage","edge cases"],"duration":0,"failureDetails":[],"failureMessages":[],"fullName":"normalizeImage edge cases should handle URLs with query parameters","invocations":1,"location":null,"numPassingAsserts":3,"retryReasons":[],"status":"passed","title":"should handle URLs with query parameters"}],"endTime":1770327970590,"message":"","name":"D:\\Programmeren\\MaasISO\\New without errors\\maasiso - Copy\\src\\lib\\types\\image.test.ts","startTime":1770327970496,"status":"passed","summary":""},{"assertionResults":[{"ancestorTitles":["Component Normalizers","normalizeHeroComponent"],"duration":2,"failureDetails":[],"failureMessages":[],"fullName":"Component Normalizers normalizeHeroComponent should normalize a complete hero component","invocations":1,"location":null,"numPassingAsserts":1,"retryReasons":[],"status":"passed","title":"should normalize a complete hero component"},{"ancestorTitles":["Component Normalizers","normalizeHeroComponent"],"duration":0,"failureDetails":[],"failureMessages":[],"fullName":"Component Normalizers normalizeHeroComponent should handle numeric id","invocations":1,"location":null,"numPassingAsserts":2,"retryReasons":[],"status":"passed","title":"should handle numeric id"},{"ancestorTitles":["Component Normalizers","normalizeHeroComponent"],"duration":1,"failureDetails":[],"failureMessages":[],"fullName":"Component Normalizers normalizeHeroComponent should handle minimal required fields","invocations":1,"location":null,"numPassingAsserts":1,"retryReasons":[],"status":"passed","title":"should handle minimal required fields"},{"ancestorTitles":["Component Normalizers","normalizeTextBlockComponent"],"duration":0,"failureDetails":[],"failureMessages":[],"fullName":"Component Normalizers normalizeTextBlockComponent should normalize a complete text block component","invocations":1,"location":null,"numPassingAsserts":1,"retryReasons":[],"status":"passed","title":"should normalize a complete text block component"},{"ancestorTitles":["Component Normalizers","normalizeTextBlockComponent"],"duration":1,"failureDetails":[],"failureMessages":[],"fullName":"Component Normalizers normalizeTextBlockComponent should handle escaped characters in content","invocations":1,"location":null,"numPassingAsserts":1,"retryReasons":[],"status":"passed","title":"should handle escaped characters in content"},{"ancestorTitles":["Component Normalizers","normalizeTextBlockComponent"],"duration":0,"failureDetails":[],"failureMessages":[],"fullName":"Component Normalizers normalizeTextBlockComponent should handle numeric id","invocations":1,"location":null,"numPassingAsserts":2,"retryReasons":[],"status":"passed","title":"should handle numeric id"},{"ancestorTitles":["Component Normalizers","normalizeImageGalleryComponent"],"duration":1,"failureDetails":[],"failureMessages":[],"fullName":"Component Normalizers normalizeImageGalleryComponent should normalize a complete image gallery component","invocations":1,"location":null,"numPassingAsserts":1,"retryReasons":[],"status":"passed","title":"should normalize a complete image gallery component"},{"ancestorTitles":["Component Normalizers","normalizeImageGalleryComponent"],"duration":0,"failureDetails":[],"failureMessages":[],"fullName":"Component Normalizers normalizeImageGalleryComponent should handle empty images array","invocations":1,"location":null,"numPassingAsserts":1,"retryReasons":[],"status":"passed","title":"should handle empty images array"},{"ancestorTitles":["Component Normalizers","normalizeImageGalleryComponent"],"duration":1,"failureDetails":[],"failureMessages":[],"fullName":"Component Normalizers normalizeImageGalleryComponent should handle numeric id","invocations":1,"location":null,"numPassingAsserts":2,"retryReasons":[],"status":"passed","title":"should handle numeric id"},{"ancestorTitles":["Component Normalizers","normalizeFeatureGridComponent"],"duration":0,"failureDetails":[],"failureMessages":[],"fullName":"Component Normalizers normalizeFeatureGridComponent should normalize a complete feature grid component","invocations":1,"location":null,"numPassingAsserts":1,"retryReasons":[],"status":"passed","title":"should normalize a complete feature grid component"},{"ancestorTitles":["Component Normalizers","normalizeFeatureGridComponent"],"duration":0,"failureDetails":[],"failureMessages":[],"fullName":"Component Normalizers normalizeFeatureGridComponent should handle empty features array","invocations":1,"location":null,"numPassingAsserts":1,"retryReasons":[],"status":"passed","title":"should handle empty features array"},{"ancestorTitles":["Component Normalizers","normalizeFeatureGridComponent"],"duration":0,"failureDetails":[],"failureMessages":[],"fullName":"Component Normalizers normalizeFeatureGridComponent should handle numeric id","invocations":1,"location":null,"numPassingAsserts":2,"retryReasons":[],"status":"passed","title":"should handle numeric id"},{"ancestorTitles":["Component Normalizers","normalizeFeatureGridComponent"],"duration":1,"failureDetails":[],"failureMessages":[],"fullName":"Component Normalizers normalizeFeatureGridComponent should handle features without icons","invocations":1,"location":null,"numPassingAsserts":1,"retryReasons":[],"status":"passed","title":"should handle features without icons"}],"endTime":1770327970683,"message":"","name":"D:\\Programmeren\\MaasISO\\New without errors\\maasiso - Copy\\src\\lib\\types\\components.test.ts","startTime":1770327970595,"status":"passed","summary":""},{"assertionResults":[{"ancestorTitles":["normalizeBlogPost"],"duration":1,"failureDetails":[],"failureMessages":[],"fullName":"normalizeBlogPost should normalize a complete blog post","invocations":1,"location":null,"numPassingAsserts":1,"retryReasons":[],"status":"passed","title":"should normalize a complete blog post"},{"ancestorTitles":["normalizeBlogPost"],"duration":1,"failureDetails":[],"failureMessages":[],"fullName":"normalizeBlogPost should convert numeric IDs to strings","invocations":1,"location":null,"numPassingAsserts":8,"retryReasons":[],"status":"passed","title":"should convert numeric IDs to strings"},{"ancestorTitles":["normalizeBlogPost"],"duration":0,"failureDetails":[],"failureMessages":[],"fullName":"normalizeBlogPost should maintain relationships after normalization","invocations":1,"location":null,"numPassingAsserts":6,"retryReasons":[],"status":"passed","title":"should maintain relationships after normalization"},{"ancestorTitles":["normalizeBlogPost"],"duration":0,"failureDetails":[],"failureMessages":[],"fullName":"normalizeBlogPost should handle minimal required fields","invocations":1,"location":null,"numPassingAsserts":1,"retryReasons":[],"status":"passed","title":"should handle minimal required fields"},{"ancestorTitles":["normalizeBlogPost"],"duration":0,"failureDetails":[],"failureMessages":[],"fullName":"normalizeBlogPost should handle undefined optional fields","invocations":1,"location":null,"numPassingAsserts":4,"retryReasons":[],"status":"passed","title":"should handle undefined optional fields"},{"ancestorTitles":["normalizeBlogPost"],"duration":0,"failureDetails":[],"failureMessages":[],"fullName":"normalizeBlogPost should handle both Content and content fields","invocations":1,"location":null,"numPassingAsserts":1,"retryReasons":[],"status":"passed","title":"should handle both Content and content fields"},{"ancestorTitles":["normalizeBlogPost"],"duration":1,"failureDetails":[],"failureMessages":[],"fullName":"normalizeBlogPost should handle both Author and author fields","invocations":1,"location":null,"numPassingAsserts":1,"retryReasons":[],"status":"passed","title":"should handle both Author and author fields"},{"ancestorTitles":["normalizeBlogPost"],"duration":0,"failureDetails":[],"failureMessages":[],"fullName":"normalizeBlogPost should handle empty arrays for categories and tags","invocations":1,"location":null,"numPassingAsserts":2,"retryReasons":[],"status":"passed","title":"should handle empty arrays for categories and tags"},{"ancestorTitles":["normalizeBlogPost"],"duration":0,"failureDetails":[],"failureMessages":[],"fullName":"normalizeBlogPost should handle undefined arrays for categories and tags","invocations":1,"location":null,"numPassingAsserts":2,"retryReasons":[],"status":"passed","title":"should handle undefined arrays for categories and tags"}],"endTime":1770327970784,"message":"","name":"D:\\Programmeren\\MaasISO\\New without errors\\maasiso - Copy\\src\\lib\\types\\blog-post.test.ts","startTime":1770327970695,"status":"passed","summary":""},{"assertionResults":[{"ancestorTitles":["normalizeCategory"],"duration":1,"failureDetails":[],"failureMessages":[],"fullName":"normalizeCategory should normalize a complete category","invocations":1,"location":null,"numPassingAsserts":1,"retryReasons":[],"status":"passed","title":"should normalize a complete category"},{"ancestorTitles":["normalizeCategory"],"duration":1,"failureDetails":[],"failureMessages":[],"fullName":"normalizeCategory should handle numeric id","invocations":1,"location":null,"numPassingAsserts":2,"retryReasons":[],"status":"passed","title":"should handle numeric id"},{"ancestorTitles":["normalizeCategory"],"duration":0,"failureDetails":[],"failureMessages":[],"fullName":"normalizeCategory should handle undefined optional fields","invocations":1,"location":null,"numPassingAsserts":1,"retryReasons":[],"status":"passed","title":"should handle undefined optional fields"},{"ancestorTitles":["normalizeCategory"],"duration":0,"failureDetails":[],"failureMessages":[],"fullName":"normalizeCategory should handle minimal required fields","invocations":1,"location":null,"numPassingAsserts":1,"retryReasons":[],"status":"passed","title":"should handle minimal required fields"},{"ancestorTitles":["normalizeCategory"],"duration":1,"failureDetails":[],"failureMessages":[],"fullName":"normalizeCategory should handle empty strings in optional fields","invocations":1,"location":null,"numPassingAsserts":1,"retryReasons":[],"status":"passed","title":"should handle empty strings in optional fields"}],"endTime":1770327970877,"message":"","name":"D:\\Programmeren\\MaasISO\\New without errors\\maasiso - Copy\\src\\lib\\types\\category.test.ts","startTime":1770327970789,"status":"passed","summary":""},{"assertionResults":[{"ancestorTitles":["normalizeTag"],"duration":0,"failureDetails":[],"failureMessages":[],"fullName":"normalizeTag should normalize a complete tag","invocations":1,"location":null,"numPassingAsserts":1,"retryReasons":[],"status":"passed","title":"should normalize a complete tag"},{"ancestorTitles":["normalizeTag"],"duration":1,"failureDetails":[],"failureMessages":[],"fullName":"normalizeTag should handle numeric id","invocations":1,"location":null,"numPassingAsserts":2,"retryReasons":[],"status":"passed","title":"should handle numeric id"},{"ancestorTitles":["normalizeTag"],"duration":0,"failureDetails":[],"failureMessages":[],"fullName":"normalizeTag should handle empty name","invocations":1,"location":null,"numPassingAsserts":1,"retryReasons":[],"status":"passed","title":"should handle empty name"},{"ancestorTitles":["normalizeTag"],"duration":0,"failureDetails":[],"failureMessages":[],"fullName":"normalizeTag should handle nested data structure","invocations":1,"location":null,"numPassingAsserts":1,"retryReasons":[],"status":"passed","title":"should handle nested data structure"},{"ancestorTitles":["normalizeTag"],"duration":1,"failureDetails":[],"failureMessages":[],"fullName":"normalizeTag should handle flat structure","invocations":1,"location":null,"numPassingAsserts":1,"retryReasons":[],"status":"passed","title":"should handle flat structure"}],"endTime":1770327970972,"message":"","name":"D:\\Programmeren\\MaasISO\\New without errors\\maasiso - Copy\\src\\lib\\types\\tag.test.ts","startTime":1770327970883,"status":"passed","summary":""},{"assertionResults":[{"ancestorTitles":["Page Component Normalizers","normalizeHeroComponent"],"duration":1,"failureDetails":[],"failureMessages":[],"fullName":"Page Component Normalizers normalizeHeroComponent should normalize a complete hero component","invocations":1,"location":null,"numPassingAsserts":1,"retryReasons":[],"status":"passed","title":"should normalize a complete hero component"},{"ancestorTitles":["Page Component Normalizers","normalizeHeroComponent"],"duration":0,"failureDetails":[],"failureMessages":[],"fullName":"Page Component Normalizers normalizeHeroComponent should handle minimal hero component","invocations":1,"location":null,"numPassingAsserts":1,"retryReasons":[],"status":"passed","title":"should handle minimal hero component"},{"ancestorTitles":["Page Component Normalizers","normalizeTextBlockComponent"],"duration":1,"failureDetails":[],"failureMessages":[],"fullName":"Page Component Normalizers normalizeTextBlockComponent should normalize a text block component","invocations":1,"location":null,"numPassingAsserts":1,"retryReasons":[],"status":"passed","title":"should normalize a text block component"},{"ancestorTitles":["Page Component Normalizers","normalizeTextBlockComponent"],"duration":0,"failureDetails":[],"failureMessages":[],"fullName":"Page Component Normalizers normalizeTextBlockComponent should handle escaped characters in content","invocations":1,"location":null,"numPassingAsserts":1,"retryReasons":[],"status":"passed","title":"should handle escaped characters in content"},{"ancestorTitles":["Page Component Normalizers","normalizeImageGalleryComponent"],"duration":0,"failureDetails":[],"failureMessages":[],"fullName":"Page Component Normalizers normalizeImageGalleryComponent should normalize an image gallery component","invocations":1,"location":null,"numPassingAsserts":1,"retryReasons":[],"status":"passed","title":"should normalize an image gallery component"},{"ancestorTitles":["Page Component Normalizers","normalizeImageGalleryComponent"],"duration":1,"failureDetails":[],"failureMessages":[],"fullName":"Page Component Normalizers normalizeImageGalleryComponent should handle empty image gallery","invocations":1,"location":null,"numPassingAsserts":1,"retryReasons":[],"status":"passed","title":"should handle empty image gallery"},{"ancestorTitles":["Page Component Normalizers","normalizeFeatureGridComponent"],"duration":0,"failureDetails":[],"failureMessages":[],"fullName":"Page Component Normalizers normalizeFeatureGridComponent should normalize a feature grid component","invocations":1,"location":null,"numPassingAsserts":1,"retryReasons":[],"status":"passed","title":"should normalize a feature grid component"},{"ancestorTitles":["Page Component Normalizers","normalizeFeatureGridComponent"],"duration":0,"failureDetails":[],"failureMessages":[],"fullName":"Page Component Normalizers normalizeFeatureGridComponent should handle empty features array","invocations":1,"location":null,"numPassingAsserts":1,"retryReasons":[],"status":"passed","title":"should handle empty features array"},{"ancestorTitles":["Page Component Normalizers","normalizePage"],"duration":1,"failureDetails":[],"failureMessages":[],"fullName":"Page Component Normalizers normalizePage should normalize a complete page with mixed components","invocations":1,"location":null,"numPassingAsserts":1,"retryReasons":[],"status":"passed","title":"should normalize a complete page with mixed components"},{"ancestorTitles":["Page Component Normalizers","normalizePage"],"duration":0,"failureDetails":[],"failureMessages":[],"fullName":"Page Component Normalizers normalizePage should handle page without layout components","invocations":1,"location":null,"numPassingAsserts":1,"retryReasons":[],"status":"passed","title":"should handle page without layout components"},{"ancestorTitles":["Page Component Normalizers","normalizePage"],"duration":1,"failureDetails":[],"failureMessages":[],"fullName":"Page Component Normalizers normalizePage should handle undefined optional fields","invocations":1,"location":null,"numPassingAsserts":2,"retryReasons":[],"status":"passed","title":"should handle undefined optional fields"}],"endTime":1770327971071,"message":"","name":"D:\\Programmeren\\MaasISO\\New without errors\\maasiso - Copy\\src\\lib\\types\\page.test.ts","startTime":1770327970983,"status":"passed","summary":""}],"wasInterrupted":false}
