{"numFailedTestSuites":38,"numFailedTests":97,"numPassedTestSuites":11,"numPassedTests":233,"numPendingTestSuites":0,"numPendingTests":0,"numRuntimeErrorTestSuites":7,"numTodoTests":0,"numTotalTestSuites":49,"numTotalTests":330,"openHandles":[],"snapshot":{"added":0,"didUpdate":false,"failure":false,"filesAdded":0,"filesRemoved":0,"filesRemovedList":[],"filesUnmatched":0,"filesUpdated":0,"matched":0,"total":0,"unchecked":0,"uncheckedKeysByFile":[],"unmatched":0,"updated":0},"startTime":1770326209745,"success":false,"testResults":[{"assertionResults":[{"ancestorTitles":["imageOptimization","calculateOptimalDimensions"],"duration":2,"failureDetails":[],"failureMessages":[],"fullName":"imageOptimization calculateOptimalDimensions should maintain aspect ratio while fitting container","invocations":1,"location":null,"numPassingAsserts":2,"retryReasons":[],"status":"passed","title":"should maintain aspect ratio while fitting container"},{"ancestorTitles":["imageOptimization","calculateOptimalDimensions"],"duration":0,"failureDetails":[],"failureMessages":[],"fullName":"imageOptimization calculateOptimalDimensions should account for device pixel ratio","invocations":1,"location":null,"numPassingAsserts":2,"retryReasons":[],"status":"passed","title":"should account for device pixel ratio"},{"ancestorTitles":["imageOptimization","generateSrcSet"],"duration":1,"failureDetails":[],"failureMessages":[],"fullName":"imageOptimization generateSrcSet should generate correct srcSet string","invocations":1,"location":null,"numPassingAsserts":1,"retryReasons":[],"status":"passed","title":"should generate correct srcSet string"},{"ancestorTitles":["imageOptimization","generateSrcSet"],"duration":1,"failureDetails":[],"failureMessages":[],"fullName":"imageOptimization generateSrcSet should respect quality and format options","invocations":1,"location":null,"numPassingAsserts":1,"retryReasons":[],"status":"passed","title":"should respect quality and format options"},{"ancestorTitles":["imageOptimization","generateSizes"],"duration":0,"failureDetails":[],"failureMessages":[],"fullName":"imageOptimization generateSizes should generate correct sizes string","invocations":1,"location":null,"numPassingAsserts":1,"retryReasons":[],"status":"passed","title":"should generate correct sizes string"},{"ancestorTitles":["imageOptimization","format support detection","supportsWebP"],"duration":2,"failureDetails":[],"failureMessages":[],"fullName":"imageOptimization format support detection supportsWebP should detect WebP support","invocations":1,"location":null,"numPassingAsserts":1,"retryReasons":[],"status":"passed","title":"should detect WebP support"},{"ancestorTitles":["imageOptimization","format support detection","supportsWebP"],"duration":14,"failureDetails":[],"failureMessages":[],"fullName":"imageOptimization format support detection supportsWebP should detect lack of WebP support","invocations":1,"location":null,"numPassingAsserts":1,"retryReasons":[],"status":"passed","title":"should detect lack of WebP support"},{"ancestorTitles":["imageOptimization","format support detection","supportsAVIF"],"duration":5000,"failureDetails":[{"message":"thrown: \"Exceeded timeout of 5000 ms for a test.\nAdd a timeout value to this test to increase the timeout, if this is a long-running test. See https://jestjs.io/docs/api#testname-fn-timeout.\""}],"failureMessages":["Error: thrown: \"Exceeded timeout of 5000 ms for a test.\nAdd a timeout value to this test to increase the timeout, if this is a long-running test. See https://jestjs.io/docs/api#testname-fn-timeout.\"\n    at it (D:\\Programmeren\\MaasISO\\New without errors\\maasiso - Copy\\src\\lib\\__tests__\\imageOptimization.test.ts:132:7)\n    at _dispatchDescribe (D:\\Programmeren\\MaasISO\\New without errors\\maasiso - Copy\\node_modules\\jest-circus\\build\\index.js:91:26)\n    at describe (D:\\Programmeren\\MaasISO\\New without errors\\maasiso - Copy\\node_modules\\jest-circus\\build\\index.js:55:5)\n    at describe (D:\\Programmeren\\MaasISO\\New without errors\\maasiso - Copy\\src\\lib\\__tests__\\imageOptimization.test.ts:131:5)\n    at _dispatchDescribe (D:\\Programmeren\\MaasISO\\New without errors\\maasiso - Copy\\node_modules\\jest-circus\\build\\index.js:91:26)\n    at describe (D:\\Programmeren\\MaasISO\\New without errors\\maasiso - Copy\\node_modules\\jest-circus\\build\\index.js:55:5)\n    at describe (D:\\Programmeren\\MaasISO\\New without errors\\maasiso - Copy\\src\\lib\\__tests__\\imageOptimization.test.ts:77:3)\n    at _dispatchDescribe (D:\\Programmeren\\MaasISO\\New without errors\\maasiso - Copy\\node_modules\\jest-circus\\build\\index.js:91:26)\n    at describe (D:\\Programmeren\\MaasISO\\New without errors\\maasiso - Copy\\node_modules\\jest-circus\\build\\index.js:55:5)\n    at Object.describe (D:\\Programmeren\\MaasISO\\New without errors\\maasiso - Copy\\src\\lib\\__tests__\\imageOptimization.test.ts:11:1)\n    at Runtime._execModule (D:\\Programmeren\\MaasISO\\New without errors\\maasiso - Copy\\node_modules\\jest-runtime\\build\\index.js:1439:24)\n    at Runtime._loadModule (D:\\Programmeren\\MaasISO\\New without errors\\maasiso - Copy\\node_modules\\jest-runtime\\build\\index.js:1022:12)\n    at Runtime.requireModule (D:\\Programmeren\\MaasISO\\New without errors\\maasiso - Copy\\node_modules\\jest-runtime\\build\\index.js:882:12)\n    at jestAdapter (D:\\Programmeren\\MaasISO\\New without errors\\maasiso - Copy\\node_modules\\jest-circus\\build\\legacy-code-todo-rewrite\\jestAdapter.js:77:13)\n    at runTestInternal (D:\\Programmeren\\MaasISO\\New without errors\\maasiso - Copy\\node_modules\\jest-runner\\build\\runTest.js:367:16)\n    at runTest (D:\\Programmeren\\MaasISO\\New without errors\\maasiso - Copy\\node_modules\\jest-runner\\build\\runTest.js:444:34)"],"fullName":"imageOptimization format support detection supportsAVIF should detect AVIF support","invocations":1,"location":null,"numPassingAsserts":0,"retryReasons":[],"status":"failed","title":"should detect AVIF support"},{"ancestorTitles":["imageOptimization","format support detection","supportsAVIF"],"duration":5009,"failureDetails":[{"message":"thrown: \"Exceeded timeout of 5000 ms for a test.\nAdd a timeout value to this test to increase the timeout, if this is a long-running test. See https://jestjs.io/docs/api#testname-fn-timeout.\""}],"failureMessages":["Error: thrown: \"Exceeded timeout of 5000 ms for a test.\nAdd a timeout value to this test to increase the timeout, if this is a long-running test. See https://jestjs.io/docs/api#testname-fn-timeout.\"\n    at it (D:\\Programmeren\\MaasISO\\New without errors\\maasiso - Copy\\src\\lib\\__tests__\\imageOptimization.test.ts:147:7)\n    at _dispatchDescribe (D:\\Programmeren\\MaasISO\\New without errors\\maasiso - Copy\\node_modules\\jest-circus\\build\\index.js:91:26)\n    at describe (D:\\Programmeren\\MaasISO\\New without errors\\maasiso - Copy\\node_modules\\jest-circus\\build\\index.js:55:5)\n    at describe (D:\\Programmeren\\MaasISO\\New without errors\\maasiso - Copy\\src\\lib\\__tests__\\imageOptimization.test.ts:131:5)\n    at _dispatchDescribe (D:\\Programmeren\\MaasISO\\New without errors\\maasiso - Copy\\node_modules\\jest-circus\\build\\index.js:91:26)\n    at describe (D:\\Programmeren\\MaasISO\\New without errors\\maasiso - Copy\\node_modules\\jest-circus\\build\\index.js:55:5)\n    at describe (D:\\Programmeren\\MaasISO\\New without errors\\maasiso - Copy\\src\\lib\\__tests__\\imageOptimization.test.ts:77:3)\n    at _dispatchDescribe (D:\\Programmeren\\MaasISO\\New without errors\\maasiso - Copy\\node_modules\\jest-circus\\build\\index.js:91:26)\n    at describe (D:\\Programmeren\\MaasISO\\New without errors\\maasiso - Copy\\node_modules\\jest-circus\\build\\index.js:55:5)\n    at Object.describe (D:\\Programmeren\\MaasISO\\New without errors\\maasiso - Copy\\src\\lib\\__tests__\\imageOptimization.test.ts:11:1)\n    at Runtime._execModule (D:\\Programmeren\\MaasISO\\New without errors\\maasiso - Copy\\node_modules\\jest-runtime\\build\\index.js:1439:24)\n    at Runtime._loadModule (D:\\Programmeren\\MaasISO\\New without errors\\maasiso - Copy\\node_modules\\jest-runtime\\build\\index.js:1022:12)\n    at Runtime.requireModule (D:\\Programmeren\\MaasISO\\New without errors\\maasiso - Copy\\node_modules\\jest-runtime\\build\\index.js:882:12)\n    at jestAdapter (D:\\Programmeren\\MaasISO\\New without errors\\maasiso - Copy\\node_modules\\jest-circus\\build\\legacy-code-todo-rewrite\\jestAdapter.js:77:13)\n    at runTestInternal (D:\\Programmeren\\MaasISO\\New without errors\\maasiso - Copy\\node_modules\\jest-runner\\build\\runTest.js:367:16)\n    at runTest (D:\\Programmeren\\MaasISO\\New without errors\\maasiso - Copy\\node_modules\\jest-runner\\build\\runTest.js:444:34)"],"fullName":"imageOptimization format support detection supportsAVIF should detect lack of AVIF support","invocations":1,"location":null,"numPassingAsserts":0,"retryReasons":[],"status":"failed","title":"should detect lack of AVIF support"},{"ancestorTitles":["imageOptimization","getOptimalFormat"],"duration":0,"failureDetails":[{}],"failureMessages":["Error: Property `supportsAVIF` does not exist in the provided object\n    at ModuleMocker.spyOn (D:\\Programmeren\\MaasISO\\New without errors\\maasiso - Copy\\node_modules\\jest-mock\\build\\index.js:731:13)\n    at Object.spyOn (D:\\Programmeren\\MaasISO\\New without errors\\maasiso - Copy\\src\\lib\\__tests__\\imageOptimization.test.ts:167:12)\n    at Promise.then.completed (D:\\Programmeren\\MaasISO\\New without errors\\maasiso - Copy\\node_modules\\jest-circus\\build\\utils.js:298:28)\n    at new Promise (<anonymous>)\n    at callAsyncCircusFn (D:\\Programmeren\\MaasISO\\New without errors\\maasiso - Copy\\node_modules\\jest-circus\\build\\utils.js:231:10)\n    at _callCircusTest (D:\\Programmeren\\MaasISO\\New without errors\\maasiso - Copy\\node_modules\\jest-circus\\build\\run.js:316:40)\n    at _runTest (D:\\Programmeren\\MaasISO\\New without errors\\maasiso - Copy\\node_modules\\jest-circus\\build\\run.js:252:3)\n    at _runTestsForDescribeBlock (D:\\Programmeren\\MaasISO\\New without errors\\maasiso - Copy\\node_modules\\jest-circus\\build\\run.js:126:9)\n    at _runTestsForDescribeBlock (D:\\Programmeren\\MaasISO\\New without errors\\maasiso - Copy\\node_modules\\jest-circus\\build\\run.js:121:9)\n    at _runTestsForDescribeBlock (D:\\Programmeren\\MaasISO\\New without errors\\maasiso - Copy\\node_modules\\jest-circus\\build\\run.js:121:9)\n    at run (D:\\Programmeren\\MaasISO\\New without errors\\maasiso - Copy\\node_modules\\jest-circus\\build\\run.js:71:3)\n    at runAndTransformResultsToJestFormat (D:\\Programmeren\\MaasISO\\New without errors\\maasiso - Copy\\node_modules\\jest-circus\\build\\legacy-code-todo-rewrite\\jestAdapterInit.js:122:21)\n    at jestAdapter (D:\\Programmeren\\MaasISO\\New without errors\\maasiso - Copy\\node_modules\\jest-circus\\build\\legacy-code-todo-rewrite\\jestAdapter.js:79:19)\n    at runTestInternal (D:\\Programmeren\\MaasISO\\New without errors\\maasiso - Copy\\node_modules\\jest-runner\\build\\runTest.js:367:16)\n    at runTest (D:\\Programmeren\\MaasISO\\New without errors\\maasiso - Copy\\node_modules\\jest-runner\\build\\runTest.js:444:34)"],"fullName":"imageOptimization getOptimalFormat should prefer AVIF when supported","invocations":1,"location":null,"numPassingAsserts":0,"retryReasons":[],"status":"failed","title":"should prefer AVIF when supported"},{"ancestorTitles":["imageOptimization","getOptimalFormat"],"duration":0,"failureDetails":[{}],"failureMessages":["Error: Property `supportsAVIF` does not exist in the provided object\n    at ModuleMocker.spyOn (D:\\Programmeren\\MaasISO\\New without errors\\maasiso - Copy\\node_modules\\jest-mock\\build\\index.js:731:13)\n    at Object.spyOn (D:\\Programmeren\\MaasISO\\New without errors\\maasiso - Copy\\src\\lib\\__tests__\\imageOptimization.test.ts:176:12)\n    at Promise.then.completed (D:\\Programmeren\\MaasISO\\New without errors\\maasiso - Copy\\node_modules\\jest-circus\\build\\utils.js:298:28)\n    at new Promise (<anonymous>)\n    at callAsyncCircusFn (D:\\Programmeren\\MaasISO\\New without errors\\maasiso - Copy\\node_modules\\jest-circus\\build\\utils.js:231:10)\n    at _callCircusTest (D:\\Programmeren\\MaasISO\\New without errors\\maasiso - Copy\\node_modules\\jest-circus\\build\\run.js:316:40)\n    at _runTest (D:\\Programmeren\\MaasISO\\New without errors\\maasiso - Copy\\node_modules\\jest-circus\\build\\run.js:252:3)\n    at _runTestsForDescribeBlock (D:\\Programmeren\\MaasISO\\New without errors\\maasiso - Copy\\node_modules\\jest-circus\\build\\run.js:126:9)\n    at _runTestsForDescribeBlock (D:\\Programmeren\\MaasISO\\New without errors\\maasiso - Copy\\node_modules\\jest-circus\\build\\run.js:121:9)\n    at _runTestsForDescribeBlock (D:\\Programmeren\\MaasISO\\New without errors\\maasiso - Copy\\node_modules\\jest-circus\\build\\run.js:121:9)\n    at run (D:\\Programmeren\\MaasISO\\New without errors\\maasiso - Copy\\node_modules\\jest-circus\\build\\run.js:71:3)\n    at runAndTransformResultsToJestFormat (D:\\Programmeren\\MaasISO\\New without errors\\maasiso - Copy\\node_modules\\jest-circus\\build\\legacy-code-todo-rewrite\\jestAdapterInit.js:122:21)\n    at jestAdapter (D:\\Programmeren\\MaasISO\\New without errors\\maasiso - Copy\\node_modules\\jest-circus\\build\\legacy-code-todo-rewrite\\jestAdapter.js:79:19)\n    at runTestInternal (D:\\Programmeren\\MaasISO\\New without errors\\maasiso - Copy\\node_modules\\jest-runner\\build\\runTest.js:367:16)\n    at runTest (D:\\Programmeren\\MaasISO\\New without errors\\maasiso - Copy\\node_modules\\jest-runner\\build\\runTest.js:444:34)"],"fullName":"imageOptimization getOptimalFormat should fall back to WebP when AVIF not supported","invocations":1,"location":null,"numPassingAsserts":0,"retryReasons":[],"status":"failed","title":"should fall back to WebP when AVIF not supported"},{"ancestorTitles":["imageOptimization","getOptimalFormat"],"duration":1,"failureDetails":[{}],"failureMessages":["Error: Property `supportsAVIF` does not exist in the provided object\n    at ModuleMocker.spyOn (D:\\Programmeren\\MaasISO\\New without errors\\maasiso - Copy\\node_modules\\jest-mock\\build\\index.js:731:13)\n    at Object.spyOn (D:\\Programmeren\\MaasISO\\New without errors\\maasiso - Copy\\src\\lib\\__tests__\\imageOptimization.test.ts:185:12)\n    at Promise.then.completed (D:\\Programmeren\\MaasISO\\New without errors\\maasiso - Copy\\node_modules\\jest-circus\\build\\utils.js:298:28)\n    at new Promise (<anonymous>)\n    at callAsyncCircusFn (D:\\Programmeren\\MaasISO\\New without errors\\maasiso - Copy\\node_modules\\jest-circus\\build\\utils.js:231:10)\n    at _callCircusTest (D:\\Programmeren\\MaasISO\\New without errors\\maasiso - Copy\\node_modules\\jest-circus\\build\\run.js:316:40)\n    at _runTest (D:\\Programmeren\\MaasISO\\New without errors\\maasiso - Copy\\node_modules\\jest-circus\\build\\run.js:252:3)\n    at _runTestsForDescribeBlock (D:\\Programmeren\\MaasISO\\New without errors\\maasiso - Copy\\node_modules\\jest-circus\\build\\run.js:126:9)\n    at _runTestsForDescribeBlock (D:\\Programmeren\\MaasISO\\New without errors\\maasiso - Copy\\node_modules\\jest-circus\\build\\run.js:121:9)\n    at _runTestsForDescribeBlock (D:\\Programmeren\\MaasISO\\New without errors\\maasiso - Copy\\node_modules\\jest-circus\\build\\run.js:121:9)\n    at run (D:\\Programmeren\\MaasISO\\New without errors\\maasiso - Copy\\node_modules\\jest-circus\\build\\run.js:71:3)\n    at runAndTransformResultsToJestFormat (D:\\Programmeren\\MaasISO\\New without errors\\maasiso - Copy\\node_modules\\jest-circus\\build\\legacy-code-todo-rewrite\\jestAdapterInit.js:122:21)\n    at jestAdapter (D:\\Programmeren\\MaasISO\\New without errors\\maasiso - Copy\\node_modules\\jest-circus\\build\\legacy-code-todo-rewrite\\jestAdapter.js:79:19)\n    at runTestInternal (D:\\Programmeren\\MaasISO\\New without errors\\maasiso - Copy\\node_modules\\jest-runner\\build\\runTest.js:367:16)\n    at runTest (D:\\Programmeren\\MaasISO\\New without errors\\maasiso - Copy\\node_modules\\jest-runner\\build\\runTest.js:444:34)"],"fullName":"imageOptimization getOptimalFormat should fall back to JPEG when neither AVIF nor WebP supported","invocations":1,"location":null,"numPassingAsserts":0,"retryReasons":[],"status":"failed","title":"should fall back to JPEG when neither AVIF nor WebP supported"},{"ancestorTitles":["imageOptimization","generateBlurPlaceholder"],"duration":0,"failureDetails":[{}],"failureMessages":["ReferenceError: document is not defined\n    at Object.document (D:\\Programmeren\\MaasISO\\New without errors\\maasiso - Copy\\src\\lib\\__tests__\\imageOptimization.test.ts:201:26)\n    at Promise.then.completed (D:\\Programmeren\\MaasISO\\New without errors\\maasiso - Copy\\node_modules\\jest-circus\\build\\utils.js:298:28)\n    at new Promise (<anonymous>)\n    at callAsyncCircusFn (D:\\Programmeren\\MaasISO\\New without errors\\maasiso - Copy\\node_modules\\jest-circus\\build\\utils.js:231:10)\n    at _callCircusHook (D:\\Programmeren\\MaasISO\\New without errors\\maasiso - Copy\\node_modules\\jest-circus\\build\\run.js:281:40)\n    at _runTest (D:\\Programmeren\\MaasISO\\New without errors\\maasiso - Copy\\node_modules\\jest-circus\\build\\run.js:246:5)\n    at _runTestsForDescribeBlock (D:\\Programmeren\\MaasISO\\New without errors\\maasiso - Copy\\node_modules\\jest-circus\\build\\run.js:126:9)\n    at _runTestsForDescribeBlock (D:\\Programmeren\\MaasISO\\New without errors\\maasiso - Copy\\node_modules\\jest-circus\\build\\run.js:121:9)\n    at _runTestsForDescribeBlock (D:\\Programmeren\\MaasISO\\New without errors\\maasiso - Copy\\node_modules\\jest-circus\\build\\run.js:121:9)\n    at run (D:\\Programmeren\\MaasISO\\New without errors\\maasiso - Copy\\node_modules\\jest-circus\\build\\run.js:71:3)\n    at runAndTransformResultsToJestFormat (D:\\Programmeren\\MaasISO\\New without errors\\maasiso - Copy\\node_modules\\jest-circus\\build\\legacy-code-todo-rewrite\\jestAdapterInit.js:122:21)\n    at jestAdapter (D:\\Programmeren\\MaasISO\\New without errors\\maasiso - Copy\\node_modules\\jest-circus\\build\\legacy-code-todo-rewrite\\jestAdapter.js:79:19)\n    at runTestInternal (D:\\Programmeren\\MaasISO\\New without errors\\maasiso - Copy\\node_modules\\jest-runner\\build\\runTest.js:367:16)\n    at runTest (D:\\Programmeren\\MaasISO\\New without errors\\maasiso - Copy\\node_modules\\jest-runner\\build\\runTest.js:444:34)"],"fullName":"imageOptimization generateBlurPlaceholder should generate blur placeholder","invocations":1,"location":null,"numPassingAsserts":0,"retryReasons":[],"status":"failed","title":"should generate blur placeholder"},{"ancestorTitles":["imageOptimization","generateBlurPlaceholder"],"duration":1,"failureDetails":[{}],"failureMessages":["ReferenceError: document is not defined\n    at Object.document (D:\\Programmeren\\MaasISO\\New without errors\\maasiso - Copy\\src\\lib\\__tests__\\imageOptimization.test.ts:201:26)\n    at Promise.then.completed (D:\\Programmeren\\MaasISO\\New without errors\\maasiso - Copy\\node_modules\\jest-circus\\build\\utils.js:298:28)\n    at new Promise (<anonymous>)\n    at callAsyncCircusFn (D:\\Programmeren\\MaasISO\\New without errors\\maasiso - Copy\\node_modules\\jest-circus\\build\\utils.js:231:10)\n    at _callCircusHook (D:\\Programmeren\\MaasISO\\New without errors\\maasiso - Copy\\node_modules\\jest-circus\\build\\run.js:281:40)\n    at _runTest (D:\\Programmeren\\MaasISO\\New without errors\\maasiso - Copy\\node_modules\\jest-circus\\build\\run.js:246:5)\n    at _runTestsForDescribeBlock (D:\\Programmeren\\MaasISO\\New without errors\\maasiso - Copy\\node_modules\\jest-circus\\build\\run.js:126:9)\n    at _runTestsForDescribeBlock (D:\\Programmeren\\MaasISO\\New without errors\\maasiso - Copy\\node_modules\\jest-circus\\build\\run.js:121:9)\n    at _runTestsForDescribeBlock (D:\\Programmeren\\MaasISO\\New without errors\\maasiso - Copy\\node_modules\\jest-circus\\build\\run.js:121:9)\n    at run (D:\\Programmeren\\MaasISO\\New without errors\\maasiso - Copy\\node_modules\\jest-circus\\build\\run.js:71:3)\n    at runAndTransformResultsToJestFormat (D:\\Programmeren\\MaasISO\\New without errors\\maasiso - Copy\\node_modules\\jest-circus\\build\\legacy-code-todo-rewrite\\jestAdapterInit.js:122:21)\n    at jestAdapter (D:\\Programmeren\\MaasISO\\New without errors\\maasiso - Copy\\node_modules\\jest-circus\\build\\legacy-code-todo-rewrite\\jestAdapter.js:79:19)\n    at runTestInternal (D:\\Programmeren\\MaasISO\\New without errors\\maasiso - Copy\\node_modules\\jest-runner\\build\\runTest.js:367:16)\n    at runTest (D:\\Programmeren\\MaasISO\\New without errors\\maasiso - Copy\\node_modules\\jest-runner\\build\\runTest.js:444:34)"],"fullName":"imageOptimization generateBlurPlaceholder should handle errors gracefully","invocations":1,"location":null,"numPassingAsserts":0,"retryReasons":[],"status":"failed","title":"should handle errors gracefully"}],"endTime":1770326220368,"message":"  ● imageOptimization › format support detection › supportsAVIF › should detect AVIF support\n\n    thrown: \"Exceeded timeout of 5000 ms for a test.\n    Add a timeout value to this test to increase the timeout, if this is a long-running test. See https://jestjs.io/docs/api#testname-fn-timeout.\"\n\n    \u001b[0m \u001b[90m 130 |\u001b[39m\n     \u001b[90m 131 |\u001b[39m     describe(\u001b[32m'supportsAVIF'\u001b[39m\u001b[33m,\u001b[39m () \u001b[33m=>\u001b[39m {\n    \u001b[31m\u001b[1m>\u001b[22m\u001b[39m\u001b[90m 132 |\u001b[39m       it(\u001b[32m'should detect AVIF support'\u001b[39m\u001b[33m,\u001b[39m \u001b[36masync\u001b[39m () \u001b[33m=>\u001b[39m {\n     \u001b[90m     |\u001b[39m       \u001b[31m\u001b[1m^\u001b[22m\u001b[39m\n     \u001b[90m 133 |\u001b[39m         \u001b[90m// Mock successful image load\u001b[39m\n     \u001b[90m 134 |\u001b[39m         (global \u001b[36mas\u001b[39m any)\u001b[33m.\u001b[39m\u001b[33mImage\u001b[39m \u001b[33m=\u001b[39m \u001b[36mclass\u001b[39m {\n     \u001b[90m 135 |\u001b[39m           onload\u001b[33m:\u001b[39m (() \u001b[33m=>\u001b[39m \u001b[36mvoid\u001b[39m) \u001b[33m|\u001b[39m \u001b[36mnull\u001b[39m \u001b[33m=\u001b[39m \u001b[36mnull\u001b[39m\u001b[33m;\u001b[39m\u001b[0m\n\n      at it (src/lib/__tests__/imageOptimization.test.ts:132:7)\n      at describe (src/lib/__tests__/imageOptimization.test.ts:131:5)\n      at describe (src/lib/__tests__/imageOptimization.test.ts:77:3)\n      at Object.describe (src/lib/__tests__/imageOptimization.test.ts:11:1)\n\n  ● imageOptimization › format support detection › supportsAVIF › should detect lack of AVIF support\n\n    thrown: \"Exceeded timeout of 5000 ms for a test.\n    Add a timeout value to this test to increase the timeout, if this is a long-running test. See https://jestjs.io/docs/api#testname-fn-timeout.\"\n\n    \u001b[0m \u001b[90m 145 |\u001b[39m       })\u001b[33m;\u001b[39m\n     \u001b[90m 146 |\u001b[39m\n    \u001b[31m\u001b[1m>\u001b[22m\u001b[39m\u001b[90m 147 |\u001b[39m       it(\u001b[32m'should detect lack of AVIF support'\u001b[39m\u001b[33m,\u001b[39m \u001b[36masync\u001b[39m () \u001b[33m=>\u001b[39m {\n     \u001b[90m     |\u001b[39m       \u001b[31m\u001b[1m^\u001b[22m\u001b[39m\n     \u001b[90m 148 |\u001b[39m         \u001b[90m// Mock failed image load\u001b[39m\n     \u001b[90m 149 |\u001b[39m         (global \u001b[36mas\u001b[39m any)\u001b[33m.\u001b[39m\u001b[33mImage\u001b[39m \u001b[33m=\u001b[39m \u001b[36mclass\u001b[39m {\n     \u001b[90m 150 |\u001b[39m           onload\u001b[33m:\u001b[39m (() \u001b[33m=>\u001b[39m \u001b[36mvoid\u001b[39m) \u001b[33m|\u001b[39m \u001b[36mnull\u001b[39m \u001b[33m=\u001b[39m \u001b[36mnull\u001b[39m\u001b[33m;\u001b[39m\u001b[0m\n\n      at it (src/lib/__tests__/imageOptimization.test.ts:147:7)\n      at describe (src/lib/__tests__/imageOptimization.test.ts:131:5)\n      at describe (src/lib/__tests__/imageOptimization.test.ts:77:3)\n      at Object.describe (src/lib/__tests__/imageOptimization.test.ts:11:1)\n\n  ● imageOptimization › getOptimalFormat › should prefer AVIF when supported\n\n    Property `supportsAVIF` does not exist in the provided object\n\n    \u001b[0m \u001b[90m 165 |\u001b[39m     it(\u001b[32m'should prefer AVIF when supported'\u001b[39m\u001b[33m,\u001b[39m \u001b[36masync\u001b[39m () \u001b[33m=>\u001b[39m {\n     \u001b[90m 166 |\u001b[39m       \u001b[90m// Mock AVIF and WebP support\u001b[39m\n    \u001b[31m\u001b[1m>\u001b[22m\u001b[39m\u001b[90m 167 |\u001b[39m       jest\u001b[33m.\u001b[39mspyOn(global \u001b[36mas\u001b[39m any\u001b[33m,\u001b[39m \u001b[32m'supportsAVIF'\u001b[39m)\u001b[33m.\u001b[39mmockResolvedValue(\u001b[36mtrue\u001b[39m)\u001b[33m;\u001b[39m\n     \u001b[90m     |\u001b[39m            \u001b[31m\u001b[1m^\u001b[22m\u001b[39m\n     \u001b[90m 168 |\u001b[39m       jest\u001b[33m.\u001b[39mspyOn(global \u001b[36mas\u001b[39m any\u001b[33m,\u001b[39m \u001b[32m'supportsWebP'\u001b[39m)\u001b[33m.\u001b[39mmockResolvedValue(\u001b[36mtrue\u001b[39m)\u001b[33m;\u001b[39m\n     \u001b[90m 169 |\u001b[39m\n     \u001b[90m 170 |\u001b[39m       \u001b[36mconst\u001b[39m result \u001b[33m=\u001b[39m \u001b[36mawait\u001b[39m getOptimalFormat()\u001b[33m;\u001b[39m\u001b[0m\n\n      at ModuleMocker.spyOn (node_modules/jest-mock/build/index.js:731:13)\n      at Object.spyOn (src/lib/__tests__/imageOptimization.test.ts:167:12)\n\n  ● imageOptimization › getOptimalFormat › should fall back to WebP when AVIF not supported\n\n    Property `supportsAVIF` does not exist in the provided object\n\n    \u001b[0m \u001b[90m 174 |\u001b[39m     it(\u001b[32m'should fall back to WebP when AVIF not supported'\u001b[39m\u001b[33m,\u001b[39m \u001b[36masync\u001b[39m () \u001b[33m=>\u001b[39m {\n     \u001b[90m 175 |\u001b[39m       \u001b[90m// Mock only WebP support\u001b[39m\n    \u001b[31m\u001b[1m>\u001b[22m\u001b[39m\u001b[90m 176 |\u001b[39m       jest\u001b[33m.\u001b[39mspyOn(global \u001b[36mas\u001b[39m any\u001b[33m,\u001b[39m \u001b[32m'supportsAVIF'\u001b[39m)\u001b[33m.\u001b[39mmockResolvedValue(\u001b[36mfalse\u001b[39m)\u001b[33m;\u001b[39m\n     \u001b[90m     |\u001b[39m            \u001b[31m\u001b[1m^\u001b[22m\u001b[39m\n     \u001b[90m 177 |\u001b[39m       jest\u001b[33m.\u001b[39mspyOn(global \u001b[36mas\u001b[39m any\u001b[33m,\u001b[39m \u001b[32m'supportsWebP'\u001b[39m)\u001b[33m.\u001b[39mmockResolvedValue(\u001b[36mtrue\u001b[39m)\u001b[33m;\u001b[39m\n     \u001b[90m 178 |\u001b[39m\n     \u001b[90m 179 |\u001b[39m       \u001b[36mconst\u001b[39m result \u001b[33m=\u001b[39m \u001b[36mawait\u001b[39m getOptimalFormat()\u001b[33m;\u001b[39m\u001b[0m\n\n      at ModuleMocker.spyOn (node_modules/jest-mock/build/index.js:731:13)\n      at Object.spyOn (src/lib/__tests__/imageOptimization.test.ts:176:12)\n\n  ● imageOptimization › getOptimalFormat › should fall back to JPEG when neither AVIF nor WebP supported\n\n    Property `supportsAVIF` does not exist in the provided object\n\n    \u001b[0m \u001b[90m 183 |\u001b[39m     it(\u001b[32m'should fall back to JPEG when neither AVIF nor WebP supported'\u001b[39m\u001b[33m,\u001b[39m \u001b[36masync\u001b[39m () \u001b[33m=>\u001b[39m {\n     \u001b[90m 184 |\u001b[39m       \u001b[90m// Mock no modern format support\u001b[39m\n    \u001b[31m\u001b[1m>\u001b[22m\u001b[39m\u001b[90m 185 |\u001b[39m       jest\u001b[33m.\u001b[39mspyOn(global \u001b[36mas\u001b[39m any\u001b[33m,\u001b[39m \u001b[32m'supportsAVIF'\u001b[39m)\u001b[33m.\u001b[39mmockResolvedValue(\u001b[36mfalse\u001b[39m)\u001b[33m;\u001b[39m\n     \u001b[90m     |\u001b[39m            \u001b[31m\u001b[1m^\u001b[22m\u001b[39m\n     \u001b[90m 186 |\u001b[39m       jest\u001b[33m.\u001b[39mspyOn(global \u001b[36mas\u001b[39m any\u001b[33m,\u001b[39m \u001b[32m'supportsWebP'\u001b[39m)\u001b[33m.\u001b[39mmockResolvedValue(\u001b[36mfalse\u001b[39m)\u001b[33m;\u001b[39m\n     \u001b[90m 187 |\u001b[39m\n     \u001b[90m 188 |\u001b[39m       \u001b[36mconst\u001b[39m result \u001b[33m=\u001b[39m \u001b[36mawait\u001b[39m getOptimalFormat()\u001b[33m;\u001b[39m\u001b[0m\n\n      at ModuleMocker.spyOn (node_modules/jest-mock/build/index.js:731:13)\n      at Object.spyOn (src/lib/__tests__/imageOptimization.test.ts:185:12)\n\n  ● imageOptimization › generateBlurPlaceholder › should generate blur placeholder\n\n    The error below may be caused by using the wrong test environment, see https://jestjs.io/docs/configuration#testenvironment-string.\n    Consider using the \"jsdom\" test environment.\n\n    ReferenceError: document is not defined\n\n    \u001b[0m \u001b[90m 199 |\u001b[39m\n     \u001b[90m 200 |\u001b[39m       \u001b[90m// Mock document and elements\u001b[39m\n    \u001b[31m\u001b[1m>\u001b[22m\u001b[39m\u001b[90m 201 |\u001b[39m       \u001b[36mconst\u001b[39m mockCanvas \u001b[33m=\u001b[39m document\u001b[33m.\u001b[39mcreateElement(\u001b[32m'canvas'\u001b[39m) \u001b[36mas\u001b[39m \u001b[33mHTMLCanvasElement\u001b[39m\u001b[33m;\u001b[39m\n     \u001b[90m     |\u001b[39m                          \u001b[31m\u001b[1m^\u001b[22m\u001b[39m\n     \u001b[90m 202 |\u001b[39m       \u001b[36mconst\u001b[39m mockContext \u001b[33m=\u001b[39m {\n     \u001b[90m 203 |\u001b[39m         drawImage\u001b[33m:\u001b[39m jest\u001b[33m.\u001b[39mfn()\n     \u001b[90m 204 |\u001b[39m       }\u001b[33m;\u001b[39m\u001b[0m\n\n      at Object.document (src/lib/__tests__/imageOptimization.test.ts:201:26)\n\n  ● imageOptimization › generateBlurPlaceholder › should handle errors gracefully\n\n    The error below may be caused by using the wrong test environment, see https://jestjs.io/docs/configuration#testenvironment-string.\n    Consider using the \"jsdom\" test environment.\n\n    ReferenceError: document is not defined\n\n    \u001b[0m \u001b[90m 199 |\u001b[39m\n     \u001b[90m 200 |\u001b[39m       \u001b[90m// Mock document and elements\u001b[39m\n    \u001b[31m\u001b[1m>\u001b[22m\u001b[39m\u001b[90m 201 |\u001b[39m       \u001b[36mconst\u001b[39m mockCanvas \u001b[33m=\u001b[39m document\u001b[33m.\u001b[39mcreateElement(\u001b[32m'canvas'\u001b[39m) \u001b[36mas\u001b[39m \u001b[33mHTMLCanvasElement\u001b[39m\u001b[33m;\u001b[39m\n     \u001b[90m     |\u001b[39m                          \u001b[31m\u001b[1m^\u001b[22m\u001b[39m\n     \u001b[90m 202 |\u001b[39m       \u001b[36mconst\u001b[39m mockContext \u001b[33m=\u001b[39m {\n     \u001b[90m 203 |\u001b[39m         drawImage\u001b[33m:\u001b[39m jest\u001b[33m.\u001b[39mfn()\n     \u001b[90m 204 |\u001b[39m       }\u001b[33m;\u001b[39m\u001b[0m\n\n      at Object.document (src/lib/__tests__/imageOptimization.test.ts:201:26)\n","name":"D:\\Programmeren\\MaasISO\\New without errors\\maasiso - Copy\\src\\lib\\__tests__\\imageOptimization.test.ts","startTime":1770326210045,"status":"failed","summary":""},{"assertionResults":[{"ancestorTitles":["RelatedPosts"],"duration":26,"failureDetails":[{"name":"TestingLibraryElementError"}],"failureMessages":["TestingLibraryElementError: Unable to find an element with the text: Gerelateerde artikelen. This could be because the text is broken up by multiple elements. In this case, you can provide a function for your text matcher to make your matcher more flexible.\n\nIgnored nodes: comments, script, style\n\u001b[36m<body>\u001b[39m\n  \u001b[36m<div>\u001b[39m\n    \u001b[36m<div>\u001b[39m\n      \u001b[0mLoading related posts...\u001b[0m\n    \u001b[36m</div>\u001b[39m\n  \u001b[36m</div>\u001b[39m\n\u001b[36m</body>\u001b[39m\n    at Object.getElementError (D:\\Programmeren\\MaasISO\\New without errors\\maasiso - Copy\\node_modules\\@testing-library\\dom\\dist\\config.js:37:19)\n    at D:\\Programmeren\\MaasISO\\New without errors\\maasiso - Copy\\node_modules\\@testing-library\\dom\\dist\\query-helpers.js:76:38\n    at D:\\Programmeren\\MaasISO\\New without errors\\maasiso - Copy\\node_modules\\@testing-library\\dom\\dist\\query-helpers.js:52:17\n    at D:\\Programmeren\\MaasISO\\New without errors\\maasiso - Copy\\node_modules\\@testing-library\\dom\\dist\\query-helpers.js:95:19\n    at Object.getByText (D:\\Programmeren\\MaasISO\\New without errors\\maasiso - Copy\\src\\components\\features\\RelatedPosts.test.tsx:61:19)\n    at Promise.then.completed (D:\\Programmeren\\MaasISO\\New without errors\\maasiso - Copy\\node_modules\\jest-circus\\build\\utils.js:298:28)\n    at new Promise (<anonymous>)\n    at callAsyncCircusFn (D:\\Programmeren\\MaasISO\\New without errors\\maasiso - Copy\\node_modules\\jest-circus\\build\\utils.js:231:10)\n    at _callCircusTest (D:\\Programmeren\\MaasISO\\New without errors\\maasiso - Copy\\node_modules\\jest-circus\\build\\run.js:316:40)\n    at _runTest (D:\\Programmeren\\MaasISO\\New without errors\\maasiso - Copy\\node_modules\\jest-circus\\build\\run.js:252:3)\n    at _runTestsForDescribeBlock (D:\\Programmeren\\MaasISO\\New without errors\\maasiso - Copy\\node_modules\\jest-circus\\build\\run.js:126:9)\n    at _runTestsForDescribeBlock (D:\\Programmeren\\MaasISO\\New without errors\\maasiso - Copy\\node_modules\\jest-circus\\build\\run.js:121:9)\n    at run (D:\\Programmeren\\MaasISO\\New without errors\\maasiso - Copy\\node_modules\\jest-circus\\build\\run.js:71:3)\n    at runAndTransformResultsToJestFormat (D:\\Programmeren\\MaasISO\\New without errors\\maasiso - Copy\\node_modules\\jest-circus\\build\\legacy-code-todo-rewrite\\jestAdapterInit.js:122:21)\n    at jestAdapter (D:\\Programmeren\\MaasISO\\New without errors\\maasiso - Copy\\node_modules\\jest-circus\\build\\legacy-code-todo-rewrite\\jestAdapter.js:79:19)\n    at runTestInternal (D:\\Programmeren\\MaasISO\\New without errors\\maasiso - Copy\\node_modules\\jest-runner\\build\\runTest.js:367:16)\n    at runTest (D:\\Programmeren\\MaasISO\\New without errors\\maasiso - Copy\\node_modules\\jest-runner\\build\\runTest.js:444:34)"],"fullName":"RelatedPosts fetches and renders related posts","invocations":1,"location":null,"numPassingAsserts":0,"retryReasons":[],"status":"failed","title":"fetches and renders related posts"},{"ancestorTitles":["RelatedPosts"],"duration":2,"failureDetails":[{"name":"TestingLibraryElementError"}],"failureMessages":["TestingLibraryElementError: Unable to find an element with the text: Gerelateerde artikelen. This could be because the text is broken up by multiple elements. In this case, you can provide a function for your text matcher to make your matcher more flexible.\n\nIgnored nodes: comments, script, style\n\u001b[36m<body\u001b[39m\n  \u001b[33mclass\u001b[39m=\u001b[32m\"\"\u001b[39m\n\u001b[36m>\u001b[39m\n  \u001b[36m<div>\u001b[39m\n    \u001b[36m<div>\u001b[39m\n      \u001b[0mLoading related posts...\u001b[0m\n    \u001b[36m</div>\u001b[39m\n  \u001b[36m</div>\u001b[39m\n\u001b[36m</body>\u001b[39m\n    at Object.getElementError (D:\\Programmeren\\MaasISO\\New without errors\\maasiso - Copy\\node_modules\\@testing-library\\dom\\dist\\config.js:37:19)\n    at D:\\Programmeren\\MaasISO\\New without errors\\maasiso - Copy\\node_modules\\@testing-library\\dom\\dist\\query-helpers.js:76:38\n    at D:\\Programmeren\\MaasISO\\New without errors\\maasiso - Copy\\node_modules\\@testing-library\\dom\\dist\\query-helpers.js:52:17\n    at D:\\Programmeren\\MaasISO\\New without errors\\maasiso - Copy\\node_modules\\@testing-library\\dom\\dist\\query-helpers.js:95:19\n    at Object.getByText (D:\\Programmeren\\MaasISO\\New without errors\\maasiso - Copy\\src\\components\\features\\RelatedPosts.test.tsx:92:19)\n    at Promise.then.completed (D:\\Programmeren\\MaasISO\\New without errors\\maasiso - Copy\\node_modules\\jest-circus\\build\\utils.js:298:28)\n    at new Promise (<anonymous>)\n    at callAsyncCircusFn (D:\\Programmeren\\MaasISO\\New without errors\\maasiso - Copy\\node_modules\\jest-circus\\build\\utils.js:231:10)\n    at _callCircusTest (D:\\Programmeren\\MaasISO\\New without errors\\maasiso - Copy\\node_modules\\jest-circus\\build\\run.js:316:40)\n    at _runTest (D:\\Programmeren\\MaasISO\\New without errors\\maasiso - Copy\\node_modules\\jest-circus\\build\\run.js:252:3)\n    at _runTestsForDescribeBlock (D:\\Programmeren\\MaasISO\\New without errors\\maasiso - Copy\\node_modules\\jest-circus\\build\\run.js:126:9)\n    at _runTestsForDescribeBlock (D:\\Programmeren\\MaasISO\\New without errors\\maasiso - Copy\\node_modules\\jest-circus\\build\\run.js:121:9)\n    at run (D:\\Programmeren\\MaasISO\\New without errors\\maasiso - Copy\\node_modules\\jest-circus\\build\\run.js:71:3)\n    at runAndTransformResultsToJestFormat (D:\\Programmeren\\MaasISO\\New without errors\\maasiso - Copy\\node_modules\\jest-circus\\build\\legacy-code-todo-rewrite\\jestAdapterInit.js:122:21)\n    at jestAdapter (D:\\Programmeren\\MaasISO\\New without errors\\maasiso - Copy\\node_modules\\jest-circus\\build\\legacy-code-todo-rewrite\\jestAdapter.js:79:19)\n    at runTestInternal (D:\\Programmeren\\MaasISO\\New without errors\\maasiso - Copy\\node_modules\\jest-runner\\build\\runTest.js:367:16)\n    at runTest (D:\\Programmeren\\MaasISO\\New without errors\\maasiso - Copy\\node_modules\\jest-runner\\build\\runTest.js:444:34)"],"fullName":"RelatedPosts shows loading state","invocations":1,"location":null,"numPassingAsserts":0,"retryReasons":[],"status":"failed","title":"shows loading state"},{"ancestorTitles":["RelatedPosts"],"duration":1005,"failureDetails":[{"name":"TestingLibraryElementError"}],"failureMessages":["Error: Unable to find an element with the text: Geen gerelateerde artikelen gevonden.. This could be because the text is broken up by multiple elements. In this case, you can provide a function for your text matcher to make your matcher more flexible.\n\nIgnored nodes: comments, script, style\n\u001b[36m<body\u001b[39m\n  \u001b[33mclass\u001b[39m=\u001b[32m\"\"\u001b[39m\n\u001b[36m>\u001b[39m\n  \u001b[36m<div />\u001b[39m\n\u001b[36m</body>\u001b[39m\n    at waitForWrapper (D:\\Programmeren\\MaasISO\\New without errors\\maasiso - Copy\\node_modules\\@testing-library\\dom\\dist\\wait-for.js:163:27)\n    at Object.<anonymous> (D:\\Programmeren\\MaasISO\\New without errors\\maasiso - Copy\\src\\components\\features\\RelatedPosts.test.tsx:105:18)\n    at Promise.then.completed (D:\\Programmeren\\MaasISO\\New without errors\\maasiso - Copy\\node_modules\\jest-circus\\build\\utils.js:298:28)\n    at new Promise (<anonymous>)\n    at callAsyncCircusFn (D:\\Programmeren\\MaasISO\\New without errors\\maasiso - Copy\\node_modules\\jest-circus\\build\\utils.js:231:10)\n    at _callCircusTest (D:\\Programmeren\\MaasISO\\New without errors\\maasiso - Copy\\node_modules\\jest-circus\\build\\run.js:316:40)\n    at _runTest (D:\\Programmeren\\MaasISO\\New without errors\\maasiso - Copy\\node_modules\\jest-circus\\build\\run.js:252:3)\n    at _runTestsForDescribeBlock (D:\\Programmeren\\MaasISO\\New without errors\\maasiso - Copy\\node_modules\\jest-circus\\build\\run.js:126:9)\n    at _runTestsForDescribeBlock (D:\\Programmeren\\MaasISO\\New without errors\\maasiso - Copy\\node_modules\\jest-circus\\build\\run.js:121:9)\n    at run (D:\\Programmeren\\MaasISO\\New without errors\\maasiso - Copy\\node_modules\\jest-circus\\build\\run.js:71:3)\n    at runAndTransformResultsToJestFormat (D:\\Programmeren\\MaasISO\\New without errors\\maasiso - Copy\\node_modules\\jest-circus\\build\\legacy-code-todo-rewrite\\jestAdapterInit.js:122:21)\n    at jestAdapter (D:\\Programmeren\\MaasISO\\New without errors\\maasiso - Copy\\node_modules\\jest-circus\\build\\legacy-code-todo-rewrite\\jestAdapter.js:79:19)\n    at runTestInternal (D:\\Programmeren\\MaasISO\\New without errors\\maasiso - Copy\\node_modules\\jest-runner\\build\\runTest.js:367:16)\n    at runTest (D:\\Programmeren\\MaasISO\\New without errors\\maasiso - Copy\\node_modules\\jest-runner\\build\\runTest.js:444:34)"],"fullName":"RelatedPosts handles empty response","invocations":1,"location":null,"numPassingAsserts":0,"retryReasons":[],"status":"failed","title":"handles empty response"},{"ancestorTitles":["RelatedPosts"],"duration":1014,"failureDetails":[{"name":"TestingLibraryElementError"}],"failureMessages":["Error: Unable to find an element with the text: Er is een fout opgetreden bij het laden van gerelateerde artikelen.. This could be because the text is broken up by multiple elements. In this case, you can provide a function for your text matcher to make your matcher more flexible.\n\nIgnored nodes: comments, script, style\n\u001b[36m<body\u001b[39m\n  \u001b[33mclass\u001b[39m=\u001b[32m\"\"\u001b[39m\n\u001b[36m>\u001b[39m\n  \u001b[36m<div />\u001b[39m\n\u001b[36m</body>\u001b[39m\n    at waitForWrapper (D:\\Programmeren\\MaasISO\\New without errors\\maasiso - Copy\\node_modules\\@testing-library\\dom\\dist\\wait-for.js:163:27)\n    at Object.<anonymous> (D:\\Programmeren\\MaasISO\\New without errors\\maasiso - Copy\\src\\components\\features\\RelatedPosts.test.tsx:115:18)\n    at Promise.then.completed (D:\\Programmeren\\MaasISO\\New without errors\\maasiso - Copy\\node_modules\\jest-circus\\build\\utils.js:298:28)\n    at new Promise (<anonymous>)\n    at callAsyncCircusFn (D:\\Programmeren\\MaasISO\\New without errors\\maasiso - Copy\\node_modules\\jest-circus\\build\\utils.js:231:10)\n    at _callCircusTest (D:\\Programmeren\\MaasISO\\New without errors\\maasiso - Copy\\node_modules\\jest-circus\\build\\run.js:316:40)\n    at _runTest (D:\\Programmeren\\MaasISO\\New without errors\\maasiso - Copy\\node_modules\\jest-circus\\build\\run.js:252:3)\n    at _runTestsForDescribeBlock (D:\\Programmeren\\MaasISO\\New without errors\\maasiso - Copy\\node_modules\\jest-circus\\build\\run.js:126:9)\n    at _runTestsForDescribeBlock (D:\\Programmeren\\MaasISO\\New without errors\\maasiso - Copy\\node_modules\\jest-circus\\build\\run.js:121:9)\n    at run (D:\\Programmeren\\MaasISO\\New without errors\\maasiso - Copy\\node_modules\\jest-circus\\build\\run.js:71:3)\n    at runAndTransformResultsToJestFormat (D:\\Programmeren\\MaasISO\\New without errors\\maasiso - Copy\\node_modules\\jest-circus\\build\\legacy-code-todo-rewrite\\jestAdapterInit.js:122:21)\n    at jestAdapter (D:\\Programmeren\\MaasISO\\New without errors\\maasiso - Copy\\node_modules\\jest-circus\\build\\legacy-code-todo-rewrite\\jestAdapter.js:79:19)\n    at runTestInternal (D:\\Programmeren\\MaasISO\\New without errors\\maasiso - Copy\\node_modules\\jest-runner\\build\\runTest.js:367:16)\n    at runTest (D:\\Programmeren\\MaasISO\\New without errors\\maasiso - Copy\\node_modules\\jest-runner\\build\\runTest.js:444:34)"],"fullName":"RelatedPosts handles fetch error","invocations":1,"location":null,"numPassingAsserts":0,"retryReasons":[],"status":"failed","title":"handles fetch error"},{"ancestorTitles":["RelatedPosts"],"duration":1017,"failureDetails":[{"name":"TestingLibraryElementError"}],"failureMessages":["Error: Unable to find an element with the text: Er is een fout opgetreden bij het laden van gerelateerde artikelen.. This could be because the text is broken up by multiple elements. In this case, you can provide a function for your text matcher to make your matcher more flexible.\n\nIgnored nodes: comments, script, style\n\u001b[36m<body\u001b[39m\n  \u001b[33mclass\u001b[39m=\u001b[32m\"\"\u001b[39m\n\u001b[36m>\u001b[39m\n  \u001b[36m<div />\u001b[39m\n\u001b[36m</body>\u001b[39m\n    at waitForWrapper (D:\\Programmeren\\MaasISO\\New without errors\\maasiso - Copy\\node_modules\\@testing-library\\dom\\dist\\wait-for.js:163:27)\n    at Object.<anonymous> (D:\\Programmeren\\MaasISO\\New without errors\\maasiso - Copy\\src\\components\\features\\RelatedPosts.test.tsx:130:18)\n    at Promise.then.completed (D:\\Programmeren\\MaasISO\\New without errors\\maasiso - Copy\\node_modules\\jest-circus\\build\\utils.js:298:28)\n    at new Promise (<anonymous>)\n    at callAsyncCircusFn (D:\\Programmeren\\MaasISO\\New without errors\\maasiso - Copy\\node_modules\\jest-circus\\build\\utils.js:231:10)\n    at _callCircusTest (D:\\Programmeren\\MaasISO\\New without errors\\maasiso - Copy\\node_modules\\jest-circus\\build\\run.js:316:40)\n    at _runTest (D:\\Programmeren\\MaasISO\\New without errors\\maasiso - Copy\\node_modules\\jest-circus\\build\\run.js:252:3)\n    at _runTestsForDescribeBlock (D:\\Programmeren\\MaasISO\\New without errors\\maasiso - Copy\\node_modules\\jest-circus\\build\\run.js:126:9)\n    at _runTestsForDescribeBlock (D:\\Programmeren\\MaasISO\\New without errors\\maasiso - Copy\\node_modules\\jest-circus\\build\\run.js:121:9)\n    at run (D:\\Programmeren\\MaasISO\\New without errors\\maasiso - Copy\\node_modules\\jest-circus\\build\\run.js:71:3)\n    at runAndTransformResultsToJestFormat (D:\\Programmeren\\MaasISO\\New without errors\\maasiso - Copy\\node_modules\\jest-circus\\build\\legacy-code-todo-rewrite\\jestAdapterInit.js:122:21)\n    at jestAdapter (D:\\Programmeren\\MaasISO\\New without errors\\maasiso - Copy\\node_modules\\jest-circus\\build\\legacy-code-todo-rewrite\\jestAdapter.js:79:19)\n    at runTestInternal (D:\\Programmeren\\MaasISO\\New without errors\\maasiso - Copy\\node_modules\\jest-runner\\build\\runTest.js:367:16)\n    at runTest (D:\\Programmeren\\MaasISO\\New without errors\\maasiso - Copy\\node_modules\\jest-runner\\build\\runTest.js:444:34)"],"fullName":"RelatedPosts handles retry after error","invocations":1,"location":null,"numPassingAsserts":0,"retryReasons":[],"status":"failed","title":"handles retry after error"},{"ancestorTitles":["RelatedPosts"],"duration":1009,"failureDetails":[{"name":"TestingLibraryElementError"}],"failureMessages":["Error: Unable to find an element with the text: Er is een fout opgetreden bij het laden van gerelateerde artikelen.. This could be because the text is broken up by multiple elements. In this case, you can provide a function for your text matcher to make your matcher more flexible.\n\nIgnored nodes: comments, script, style\n\u001b[36m<body\u001b[39m\n  \u001b[33mclass\u001b[39m=\u001b[32m\"\"\u001b[39m\n\u001b[36m>\u001b[39m\n  \u001b[36m<div />\u001b[39m\n\u001b[36m</body>\u001b[39m\n    at waitForWrapper (D:\\Programmeren\\MaasISO\\New without errors\\maasiso - Copy\\node_modules\\@testing-library\\dom\\dist\\wait-for.js:163:27)\n    at Object.<anonymous> (D:\\Programmeren\\MaasISO\\New without errors\\maasiso - Copy\\src\\components\\features\\RelatedPosts.test.tsx:162:18)\n    at Promise.then.completed (D:\\Programmeren\\MaasISO\\New without errors\\maasiso - Copy\\node_modules\\jest-circus\\build\\utils.js:298:28)\n    at new Promise (<anonymous>)\n    at callAsyncCircusFn (D:\\Programmeren\\MaasISO\\New without errors\\maasiso - Copy\\node_modules\\jest-circus\\build\\utils.js:231:10)\n    at _callCircusTest (D:\\Programmeren\\MaasISO\\New without errors\\maasiso - Copy\\node_modules\\jest-circus\\build\\run.js:316:40)\n    at _runTest (D:\\Programmeren\\MaasISO\\New without errors\\maasiso - Copy\\node_modules\\jest-circus\\build\\run.js:252:3)\n    at _runTestsForDescribeBlock (D:\\Programmeren\\MaasISO\\New without errors\\maasiso - Copy\\node_modules\\jest-circus\\build\\run.js:126:9)\n    at _runTestsForDescribeBlock (D:\\Programmeren\\MaasISO\\New without errors\\maasiso - Copy\\node_modules\\jest-circus\\build\\run.js:121:9)\n    at run (D:\\Programmeren\\MaasISO\\New without errors\\maasiso - Copy\\node_modules\\jest-circus\\build\\run.js:71:3)\n    at runAndTransformResultsToJestFormat (D:\\Programmeren\\MaasISO\\New without errors\\maasiso - Copy\\node_modules\\jest-circus\\build\\legacy-code-todo-rewrite\\jestAdapterInit.js:122:21)\n    at jestAdapter (D:\\Programmeren\\MaasISO\\New without errors\\maasiso - Copy\\node_modules\\jest-circus\\build\\legacy-code-todo-rewrite\\jestAdapter.js:79:19)\n    at runTestInternal (D:\\Programmeren\\MaasISO\\New without errors\\maasiso - Copy\\node_modules\\jest-runner\\build\\runTest.js:367:16)\n    at runTest (D:\\Programmeren\\MaasISO\\New without errors\\maasiso - Copy\\node_modules\\jest-runner\\build\\runTest.js:444:34)"],"fullName":"RelatedPosts handles non-ok response","invocations":1,"location":null,"numPassingAsserts":0,"retryReasons":[],"status":"failed","title":"handles non-ok response"},{"ancestorTitles":["RelatedPosts"],"duration":1,"failureDetails":[{"name":"TestingLibraryElementError"}],"failureMessages":["TestingLibraryElementError: Unable to find an element with the text: Geen gerelateerde artikelen gevonden.. This could be because the text is broken up by multiple elements. In this case, you can provide a function for your text matcher to make your matcher more flexible.\n\nIgnored nodes: comments, script, style\n\u001b[36m<body\u001b[39m\n  \u001b[33mclass\u001b[39m=\u001b[32m\"\"\u001b[39m\n\u001b[36m>\u001b[39m\n  \u001b[36m<div>\u001b[39m\n    \u001b[36m<div>\u001b[39m\n      \u001b[0mLoading related posts...\u001b[0m\n    \u001b[36m</div>\u001b[39m\n  \u001b[36m</div>\u001b[39m\n\u001b[36m</body>\u001b[39m\n    at Object.getElementError (D:\\Programmeren\\MaasISO\\New without errors\\maasiso - Copy\\node_modules\\@testing-library\\dom\\dist\\config.js:37:19)\n    at D:\\Programmeren\\MaasISO\\New without errors\\maasiso - Copy\\node_modules\\@testing-library\\dom\\dist\\query-helpers.js:76:38\n    at D:\\Programmeren\\MaasISO\\New without errors\\maasiso - Copy\\node_modules\\@testing-library\\dom\\dist\\query-helpers.js:52:17\n    at D:\\Programmeren\\MaasISO\\New without errors\\maasiso - Copy\\node_modules\\@testing-library\\dom\\dist\\query-helpers.js:95:19\n    at Object.getByText (D:\\Programmeren\\MaasISO\\New without errors\\maasiso - Copy\\src\\components\\features\\RelatedPosts.test.tsx:171:19)\n    at Promise.then.completed (D:\\Programmeren\\MaasISO\\New without errors\\maasiso - Copy\\node_modules\\jest-circus\\build\\utils.js:298:28)\n    at new Promise (<anonymous>)\n    at callAsyncCircusFn (D:\\Programmeren\\MaasISO\\New without errors\\maasiso - Copy\\node_modules\\jest-circus\\build\\utils.js:231:10)\n    at _callCircusTest (D:\\Programmeren\\MaasISO\\New without errors\\maasiso - Copy\\node_modules\\jest-circus\\build\\run.js:316:40)\n    at _runTest (D:\\Programmeren\\MaasISO\\New without errors\\maasiso - Copy\\node_modules\\jest-circus\\build\\run.js:252:3)\n    at _runTestsForDescribeBlock (D:\\Programmeren\\MaasISO\\New without errors\\maasiso - Copy\\node_modules\\jest-circus\\build\\run.js:126:9)\n    at _runTestsForDescribeBlock (D:\\Programmeren\\MaasISO\\New without errors\\maasiso - Copy\\node_modules\\jest-circus\\build\\run.js:121:9)\n    at run (D:\\Programmeren\\MaasISO\\New without errors\\maasiso - Copy\\node_modules\\jest-circus\\build\\run.js:71:3)\n    at runAndTransformResultsToJestFormat (D:\\Programmeren\\MaasISO\\New without errors\\maasiso - Copy\\node_modules\\jest-circus\\build\\legacy-code-todo-rewrite\\jestAdapterInit.js:122:21)\n    at jestAdapter (D:\\Programmeren\\MaasISO\\New without errors\\maasiso - Copy\\node_modules\\jest-circus\\build\\legacy-code-todo-rewrite\\jestAdapter.js:79:19)\n    at runTestInternal (D:\\Programmeren\\MaasISO\\New without errors\\maasiso - Copy\\node_modules\\jest-runner\\build\\runTest.js:367:16)\n    at runTest (D:\\Programmeren\\MaasISO\\New without errors\\maasiso - Copy\\node_modules\\jest-runner\\build\\runTest.js:444:34)"],"fullName":"RelatedPosts skips fetch if no category IDs","invocations":1,"location":null,"numPassingAsserts":0,"retryReasons":[],"status":"failed","title":"skips fetch if no category IDs"},{"ancestorTitles":["RelatedPosts","Performance"],"duration":1013,"failureDetails":[{"name":"TestingLibraryElementError"}],"failureMessages":["Error: Unable to find an element by: [data-testid=\"/blog-card/\"]\n\nIgnored nodes: comments, script, style\n\u001b[36m<body\u001b[39m\n  \u001b[33mclass\u001b[39m=\u001b[32m\"\"\u001b[39m\n\u001b[36m>\u001b[39m\n  \u001b[36m<div />\u001b[39m\n\u001b[36m</body>\u001b[39m\n    at waitForWrapper (D:\\Programmeren\\MaasISO\\New without errors\\maasiso - Copy\\node_modules\\@testing-library\\dom\\dist\\wait-for.js:163:27)\n    at Object.<anonymous> (D:\\Programmeren\\MaasISO\\New without errors\\maasiso - Copy\\src\\components\\features\\RelatedPosts.test.tsx:196:20)\n    at Promise.then.completed (D:\\Programmeren\\MaasISO\\New without errors\\maasiso - Copy\\node_modules\\jest-circus\\build\\utils.js:298:28)\n    at new Promise (<anonymous>)\n    at callAsyncCircusFn (D:\\Programmeren\\MaasISO\\New without errors\\maasiso - Copy\\node_modules\\jest-circus\\build\\utils.js:231:10)\n    at _callCircusTest (D:\\Programmeren\\MaasISO\\New without errors\\maasiso - Copy\\node_modules\\jest-circus\\build\\run.js:316:40)\n    at _runTest (D:\\Programmeren\\MaasISO\\New without errors\\maasiso - Copy\\node_modules\\jest-circus\\build\\run.js:252:3)\n    at _runTestsForDescribeBlock (D:\\Programmeren\\MaasISO\\New without errors\\maasiso - Copy\\node_modules\\jest-circus\\build\\run.js:126:9)\n    at _runTestsForDescribeBlock (D:\\Programmeren\\MaasISO\\New without errors\\maasiso - Copy\\node_modules\\jest-circus\\build\\run.js:121:9)\n    at _runTestsForDescribeBlock (D:\\Programmeren\\MaasISO\\New without errors\\maasiso - Copy\\node_modules\\jest-circus\\build\\run.js:121:9)\n    at run (D:\\Programmeren\\MaasISO\\New without errors\\maasiso - Copy\\node_modules\\jest-circus\\build\\run.js:71:3)\n    at runAndTransformResultsToJestFormat (D:\\Programmeren\\MaasISO\\New without errors\\maasiso - Copy\\node_modules\\jest-circus\\build\\legacy-code-todo-rewrite\\jestAdapterInit.js:122:21)\n    at jestAdapter (D:\\Programmeren\\MaasISO\\New without errors\\maasiso - Copy\\node_modules\\jest-circus\\build\\legacy-code-todo-rewrite\\jestAdapter.js:79:19)\n    at runTestInternal (D:\\Programmeren\\MaasISO\\New without errors\\maasiso - Copy\\node_modules\\jest-runner\\build\\runTest.js:367:16)\n    at runTest (D:\\Programmeren\\MaasISO\\New without errors\\maasiso - Copy\\node_modules\\jest-runner\\build\\runTest.js:444:34)"],"fullName":"RelatedPosts Performance renders large number of posts efficiently","invocations":1,"location":null,"numPassingAsserts":1,"retryReasons":[],"status":"failed","title":"renders large number of posts efficiently"},{"ancestorTitles":["RelatedPosts","Performance"],"duration":1016,"failureDetails":[{}],"failureMessages":["TypeError: Invalid URL: /api/proxy/blog-posts?filters[slug][$ne]=current-post&populate=*&pagination[limit]=3&filters[categories][id][$in]=cat1\n\nIgnored nodes: comments, script, style\n\u001b[36m<html>\u001b[39m\n  \u001b[36m<head />\u001b[39m\n  \u001b[36m<body\u001b[39m\n    \u001b[33mclass\u001b[39m=\u001b[32m\"\"\u001b[39m\n  \u001b[36m>\u001b[39m\n    \u001b[36m<div>\u001b[39m\n      \u001b[36m<div>\u001b[39m\n        \u001b[0mLoading related posts...\u001b[0m\n      \u001b[36m</div>\u001b[39m\n    \u001b[36m</div>\u001b[39m\n  \u001b[36m</body>\u001b[39m\n\u001b[36m</html>\u001b[39m\n    at new URLImpl (D:\\Programmeren\\MaasISO\\New without errors\\maasiso - Copy\\node_modules\\whatwg-url\\lib\\URL-impl.js:21:13)\n    at Object.exports.setup (D:\\Programmeren\\MaasISO\\New without errors\\maasiso - Copy\\node_modules\\whatwg-url\\lib\\URL.js:54:12)\n    at new URL (D:\\Programmeren\\MaasISO\\New without errors\\maasiso - Copy\\node_modules\\whatwg-url\\lib\\URL.js:115:22)\n    at D:\\Programmeren\\MaasISO\\New without errors\\maasiso - Copy\\src\\components\\features\\RelatedPosts.test.tsx:215:21\n    at runWithExpensiveErrorDiagnosticsDisabled (D:\\Programmeren\\MaasISO\\New without errors\\maasiso - Copy\\node_modules\\@testing-library\\dom\\dist\\config.js:47:12)\n    at checkCallback (D:\\Programmeren\\MaasISO\\New without errors\\maasiso - Copy\\node_modules\\@testing-library\\dom\\dist\\wait-for.js:124:77)\n    at checkRealTimersCallback (D:\\Programmeren\\MaasISO\\New without errors\\maasiso - Copy\\node_modules\\@testing-library\\dom\\dist\\wait-for.js:118:16)\n    at Timeout.task [as _onTimeout] (D:\\Programmeren\\MaasISO\\New without errors\\maasiso - Copy\\node_modules\\jsdom\\lib\\jsdom\\browser\\Window.js:520:19)\n    at listOnTimeout (node:internal/timers:605:17)\n    at processTimers (node:internal/timers:541:7)"],"fullName":"RelatedPosts Performance handles rapid category changes","invocations":1,"location":null,"numPassingAsserts":17,"retryReasons":[],"status":"failed","title":"handles rapid category changes"}],"endTime":1770326226821,"message":"  ● RelatedPosts › fetches and renders related posts\n\n    TestingLibraryElementError: Unable to find an element with the text: Gerelateerde artikelen. This could be because the text is broken up by multiple elements. In this case, you can provide a function for your text matcher to make your matcher more flexible.\n\n    Ignored nodes: comments, script, style\n    \u001b[36m<body>\u001b[39m\n      \u001b[36m<div>\u001b[39m\n        \u001b[36m<div>\u001b[39m\n          \u001b[0mLoading related posts...\u001b[0m\n        \u001b[36m</div>\u001b[39m\n      \u001b[36m</div>\u001b[39m\n    \u001b[36m</body>\u001b[39m\n\n    \u001b[0m \u001b[90m 59 |\u001b[39m\n     \u001b[90m 60 |\u001b[39m     \u001b[90m// Should show loading state initially\u001b[39m\n    \u001b[31m\u001b[1m>\u001b[22m\u001b[39m\u001b[90m 61 |\u001b[39m     expect(screen\u001b[33m.\u001b[39mgetByText(\u001b[32m'Gerelateerde artikelen'\u001b[39m))\u001b[33m.\u001b[39mtoBeInTheDocument()\u001b[33m;\u001b[39m\n     \u001b[90m    |\u001b[39m                   \u001b[31m\u001b[1m^\u001b[22m\u001b[39m\n     \u001b[90m 62 |\u001b[39m     expect(screen\u001b[33m.\u001b[39mgetAllByTestId(\u001b[35m/blog-card/\u001b[39m)\u001b[33m.\u001b[39mlength)\u001b[33m.\u001b[39mtoBe(\u001b[35m0\u001b[39m)\u001b[33m;\u001b[39m\n     \u001b[90m 63 |\u001b[39m\n     \u001b[90m 64 |\u001b[39m     \u001b[90m// Wait for posts to load\u001b[39m\u001b[0m\n\n      at Object.getElementError (node_modules/@testing-library/dom/dist/config.js:37:19)\n      at node_modules/@testing-library/dom/dist/query-helpers.js:76:38\n      at node_modules/@testing-library/dom/dist/query-helpers.js:52:17\n      at node_modules/@testing-library/dom/dist/query-helpers.js:95:19\n      at Object.getByText (src/components/features/RelatedPosts.test.tsx:61:19)\n\n  ● RelatedPosts › shows loading state\n\n    TestingLibraryElementError: Unable to find an element with the text: Gerelateerde artikelen. This could be because the text is broken up by multiple elements. In this case, you can provide a function for your text matcher to make your matcher more flexible.\n\n    Ignored nodes: comments, script, style\n    \u001b[36m<body\u001b[39m\n      \u001b[33mclass\u001b[39m=\u001b[32m\"\"\u001b[39m\n    \u001b[36m>\u001b[39m\n      \u001b[36m<div>\u001b[39m\n        \u001b[36m<div>\u001b[39m\n          \u001b[0mLoading related posts...\u001b[0m\n        \u001b[36m</div>\u001b[39m\n      \u001b[36m</div>\u001b[39m\n    \u001b[36m</body>\u001b[39m\n\n    \u001b[0m \u001b[90m 90 |\u001b[39m\n     \u001b[90m 91 |\u001b[39m     \u001b[90m// Should show loading skeleton\u001b[39m\n    \u001b[31m\u001b[1m>\u001b[22m\u001b[39m\u001b[90m 92 |\u001b[39m     expect(screen\u001b[33m.\u001b[39mgetByText(\u001b[32m'Gerelateerde artikelen'\u001b[39m))\u001b[33m.\u001b[39mtoBeInTheDocument()\u001b[33m;\u001b[39m\n     \u001b[90m    |\u001b[39m                   \u001b[31m\u001b[1m^\u001b[22m\u001b[39m\n     \u001b[90m 93 |\u001b[39m     expect(document\u001b[33m.\u001b[39mquerySelector(\u001b[32m'.animate-pulse'\u001b[39m))\u001b[33m.\u001b[39mtoBeInTheDocument()\u001b[33m;\u001b[39m\n     \u001b[90m 94 |\u001b[39m     expect(document\u001b[33m.\u001b[39mquerySelectorAll(\u001b[32m'.bg-gray-200.h-64'\u001b[39m)\u001b[33m.\u001b[39mlength)\u001b[33m.\u001b[39mtoBe(\u001b[35m3\u001b[39m)\u001b[33m;\u001b[39m\n     \u001b[90m 95 |\u001b[39m   })\u001b[33m;\u001b[39m\u001b[0m\n\n      at Object.getElementError (node_modules/@testing-library/dom/dist/config.js:37:19)\n      at node_modules/@testing-library/dom/dist/query-helpers.js:76:38\n      at node_modules/@testing-library/dom/dist/query-helpers.js:52:17\n      at node_modules/@testing-library/dom/dist/query-helpers.js:95:19\n      at Object.getByText (src/components/features/RelatedPosts.test.tsx:92:19)\n\n  ● RelatedPosts › handles empty response\n\n    Unable to find an element with the text: Geen gerelateerde artikelen gevonden.. This could be because the text is broken up by multiple elements. In this case, you can provide a function for your text matcher to make your matcher more flexible.\n\n    Ignored nodes: comments, script, style\n    \u001b[36m<body\u001b[39m\n      \u001b[33mclass\u001b[39m=\u001b[32m\"\"\u001b[39m\n    \u001b[36m>\u001b[39m\n      \u001b[36m<div />\u001b[39m\n    \u001b[36m</body>\u001b[39m\n\n    \u001b[0m \u001b[90m 103 |\u001b[39m     render(\u001b[33m<\u001b[39m\u001b[33mRelatedPosts\u001b[39m currentSlug\u001b[33m=\u001b[39m\u001b[32m\"current-post\"\u001b[39m categoryIds\u001b[33m=\u001b[39m{[\u001b[32m'cat1'\u001b[39m]} \u001b[33m/\u001b[39m\u001b[33m>\u001b[39m)\u001b[33m;\u001b[39m\n     \u001b[90m 104 |\u001b[39m\n    \u001b[31m\u001b[1m>\u001b[22m\u001b[39m\u001b[90m 105 |\u001b[39m     \u001b[36mawait\u001b[39m waitFor(() \u001b[33m=>\u001b[39m {\n     \u001b[90m     |\u001b[39m                  \u001b[31m\u001b[1m^\u001b[22m\u001b[39m\n     \u001b[90m 106 |\u001b[39m       expect(screen\u001b[33m.\u001b[39mgetByText(\u001b[32m'Geen gerelateerde artikelen gevonden.'\u001b[39m))\u001b[33m.\u001b[39mtoBeInTheDocument()\u001b[33m;\u001b[39m\n     \u001b[90m 107 |\u001b[39m     })\u001b[33m;\u001b[39m\n     \u001b[90m 108 |\u001b[39m   })\u001b[33m;\u001b[39m\u001b[0m\n\n      at waitForWrapper (node_modules/@testing-library/dom/dist/wait-for.js:163:27)\n      at Object.<anonymous> (src/components/features/RelatedPosts.test.tsx:105:18)\n\n  ● RelatedPosts › handles fetch error\n\n    Unable to find an element with the text: Er is een fout opgetreden bij het laden van gerelateerde artikelen.. This could be because the text is broken up by multiple elements. In this case, you can provide a function for your text matcher to make your matcher more flexible.\n\n    Ignored nodes: comments, script, style\n    \u001b[36m<body\u001b[39m\n      \u001b[33mclass\u001b[39m=\u001b[32m\"\"\u001b[39m\n    \u001b[36m>\u001b[39m\n      \u001b[36m<div />\u001b[39m\n    \u001b[36m</body>\u001b[39m\n\n    \u001b[0m \u001b[90m 113 |\u001b[39m     render(\u001b[33m<\u001b[39m\u001b[33mRelatedPosts\u001b[39m currentSlug\u001b[33m=\u001b[39m\u001b[32m\"current-post\"\u001b[39m categoryIds\u001b[33m=\u001b[39m{[\u001b[32m'cat1'\u001b[39m]} \u001b[33m/\u001b[39m\u001b[33m>\u001b[39m)\u001b[33m;\u001b[39m\n     \u001b[90m 114 |\u001b[39m\n    \u001b[31m\u001b[1m>\u001b[22m\u001b[39m\u001b[90m 115 |\u001b[39m     \u001b[36mawait\u001b[39m waitFor(() \u001b[33m=>\u001b[39m {\n     \u001b[90m     |\u001b[39m                  \u001b[31m\u001b[1m^\u001b[22m\u001b[39m\n     \u001b[90m 116 |\u001b[39m       expect(screen\u001b[33m.\u001b[39mgetByText(\u001b[32m'Er is een fout opgetreden bij het laden van gerelateerde artikelen.'\u001b[39m))\u001b[33m.\u001b[39mtoBeInTheDocument()\u001b[33m;\u001b[39m\n     \u001b[90m 117 |\u001b[39m     })\u001b[33m;\u001b[39m\n     \u001b[90m 118 |\u001b[39m\u001b[0m\n\n      at waitForWrapper (node_modules/@testing-library/dom/dist/wait-for.js:163:27)\n      at Object.<anonymous> (src/components/features/RelatedPosts.test.tsx:115:18)\n\n  ● RelatedPosts › handles retry after error\n\n    Unable to find an element with the text: Er is een fout opgetreden bij het laden van gerelateerde artikelen.. This could be because the text is broken up by multiple elements. In this case, you can provide a function for your text matcher to make your matcher more flexible.\n\n    Ignored nodes: comments, script, style\n    \u001b[36m<body\u001b[39m\n      \u001b[33mclass\u001b[39m=\u001b[32m\"\"\u001b[39m\n    \u001b[36m>\u001b[39m\n      \u001b[36m<div />\u001b[39m\n    \u001b[36m</body>\u001b[39m\n\n    \u001b[0m \u001b[90m 128 |\u001b[39m     render(\u001b[33m<\u001b[39m\u001b[33mRelatedPosts\u001b[39m currentSlug\u001b[33m=\u001b[39m\u001b[32m\"current-post\"\u001b[39m categoryIds\u001b[33m=\u001b[39m{[\u001b[32m'cat1'\u001b[39m]} \u001b[33m/\u001b[39m\u001b[33m>\u001b[39m)\u001b[33m;\u001b[39m\n     \u001b[90m 129 |\u001b[39m\n    \u001b[31m\u001b[1m>\u001b[22m\u001b[39m\u001b[90m 130 |\u001b[39m     \u001b[36mawait\u001b[39m waitFor(() \u001b[33m=>\u001b[39m {\n     \u001b[90m     |\u001b[39m                  \u001b[31m\u001b[1m^\u001b[22m\u001b[39m\n     \u001b[90m 131 |\u001b[39m       expect(screen\u001b[33m.\u001b[39mgetByText(\u001b[32m'Er is een fout opgetreden bij het laden van gerelateerde artikelen.'\u001b[39m))\u001b[33m.\u001b[39mtoBeInTheDocument()\u001b[33m;\u001b[39m\n     \u001b[90m 132 |\u001b[39m     })\u001b[33m;\u001b[39m\n     \u001b[90m 133 |\u001b[39m\u001b[0m\n\n      at waitForWrapper (node_modules/@testing-library/dom/dist/wait-for.js:163:27)\n      at Object.<anonymous> (src/components/features/RelatedPosts.test.tsx:130:18)\n\n  ● RelatedPosts › handles non-ok response\n\n    Unable to find an element with the text: Er is een fout opgetreden bij het laden van gerelateerde artikelen.. This could be because the text is broken up by multiple elements. In this case, you can provide a function for your text matcher to make your matcher more flexible.\n\n    Ignored nodes: comments, script, style\n    \u001b[36m<body\u001b[39m\n      \u001b[33mclass\u001b[39m=\u001b[32m\"\"\u001b[39m\n    \u001b[36m>\u001b[39m\n      \u001b[36m<div />\u001b[39m\n    \u001b[36m</body>\u001b[39m\n\n    \u001b[0m \u001b[90m 160 |\u001b[39m     render(\u001b[33m<\u001b[39m\u001b[33mRelatedPosts\u001b[39m currentSlug\u001b[33m=\u001b[39m\u001b[32m\"current-post\"\u001b[39m categoryIds\u001b[33m=\u001b[39m{[\u001b[32m'cat1'\u001b[39m]} \u001b[33m/\u001b[39m\u001b[33m>\u001b[39m)\u001b[33m;\u001b[39m\n     \u001b[90m 161 |\u001b[39m\n    \u001b[31m\u001b[1m>\u001b[22m\u001b[39m\u001b[90m 162 |\u001b[39m     \u001b[36mawait\u001b[39m waitFor(() \u001b[33m=>\u001b[39m {\n     \u001b[90m     |\u001b[39m                  \u001b[31m\u001b[1m^\u001b[22m\u001b[39m\n     \u001b[90m 163 |\u001b[39m       expect(screen\u001b[33m.\u001b[39mgetByText(\u001b[32m'Er is een fout opgetreden bij het laden van gerelateerde artikelen.'\u001b[39m))\u001b[33m.\u001b[39mtoBeInTheDocument()\u001b[33m;\u001b[39m\n     \u001b[90m 164 |\u001b[39m     })\u001b[33m;\u001b[39m\n     \u001b[90m 165 |\u001b[39m   })\u001b[33m;\u001b[39m\u001b[0m\n\n      at waitForWrapper (node_modules/@testing-library/dom/dist/wait-for.js:163:27)\n      at Object.<anonymous> (src/components/features/RelatedPosts.test.tsx:162:18)\n\n  ● RelatedPosts › skips fetch if no category IDs\n\n    TestingLibraryElementError: Unable to find an element with the text: Geen gerelateerde artikelen gevonden.. This could be because the text is broken up by multiple elements. In this case, you can provide a function for your text matcher to make your matcher more flexible.\n\n    Ignored nodes: comments, script, style\n    \u001b[36m<body\u001b[39m\n      \u001b[33mclass\u001b[39m=\u001b[32m\"\"\u001b[39m\n    \u001b[36m>\u001b[39m\n      \u001b[36m<div>\u001b[39m\n        \u001b[36m<div>\u001b[39m\n          \u001b[0mLoading related posts...\u001b[0m\n        \u001b[36m</div>\u001b[39m\n      \u001b[36m</div>\u001b[39m\n    \u001b[36m</body>\u001b[39m\n\n    \u001b[0m \u001b[90m 169 |\u001b[39m\n     \u001b[90m 170 |\u001b[39m     \u001b[90m// Should show empty state immediately without loading\u001b[39m\n    \u001b[31m\u001b[1m>\u001b[22m\u001b[39m\u001b[90m 171 |\u001b[39m     expect(screen\u001b[33m.\u001b[39mgetByText(\u001b[32m'Geen gerelateerde artikelen gevonden.'\u001b[39m))\u001b[33m.\u001b[39mtoBeInTheDocument()\u001b[33m;\u001b[39m\n     \u001b[90m     |\u001b[39m                   \u001b[31m\u001b[1m^\u001b[22m\u001b[39m\n     \u001b[90m 172 |\u001b[39m     expect(mockFetch)\u001b[33m.\u001b[39mnot\u001b[33m.\u001b[39mtoHaveBeenCalled()\u001b[33m;\u001b[39m\n     \u001b[90m 173 |\u001b[39m   })\u001b[33m;\u001b[39m\n     \u001b[90m 174 |\u001b[39m\u001b[0m\n\n      at Object.getElementError (node_modules/@testing-library/dom/dist/config.js:37:19)\n      at node_modules/@testing-library/dom/dist/query-helpers.js:76:38\n      at node_modules/@testing-library/dom/dist/query-helpers.js:52:17\n      at node_modules/@testing-library/dom/dist/query-helpers.js:95:19\n      at Object.getByText (src/components/features/RelatedPosts.test.tsx:171:19)\n\n  ● RelatedPosts › Performance › renders large number of posts efficiently\n\n    Unable to find an element by: [data-testid=\"/blog-card/\"]\n\n    Ignored nodes: comments, script, style\n    \u001b[36m<body\u001b[39m\n      \u001b[33mclass\u001b[39m=\u001b[32m\"\"\u001b[39m\n    \u001b[36m>\u001b[39m\n      \u001b[36m<div />\u001b[39m\n    \u001b[36m</body>\u001b[39m\n\n    \u001b[0m \u001b[90m 194 |\u001b[39m\n     \u001b[90m 195 |\u001b[39m       \u001b[90m// Wait for posts to load\u001b[39m\n    \u001b[31m\u001b[1m>\u001b[22m\u001b[39m\u001b[90m 196 |\u001b[39m       \u001b[36mawait\u001b[39m waitFor(() \u001b[33m=>\u001b[39m {\n     \u001b[90m     |\u001b[39m                    \u001b[31m\u001b[1m^\u001b[22m\u001b[39m\n     \u001b[90m 197 |\u001b[39m         expect(screen\u001b[33m.\u001b[39mgetAllByTestId(\u001b[35m/blog-card/\u001b[39m)\u001b[33m.\u001b[39mlength)\u001b[33m.\u001b[39mtoBe(\u001b[35m20\u001b[39m)\u001b[33m;\u001b[39m\n     \u001b[90m 198 |\u001b[39m       })\u001b[33m;\u001b[39m\n     \u001b[90m 199 |\u001b[39m     })\u001b[33m;\u001b[39m\u001b[0m\n\n      at waitForWrapper (node_modules/@testing-library/dom/dist/wait-for.js:163:27)\n      at Object.<anonymous> (src/components/features/RelatedPosts.test.tsx:196:20)\n\n  ● RelatedPosts › Performance › handles rapid category changes\n\n    TypeError: Invalid URL: /api/proxy/blog-posts?filters[slug][$ne]=current-post&populate=*&pagination[limit]=3&filters[categories][id][$in]=cat1\n\n    Ignored nodes: comments, script, style\n    \u001b[36m<html>\u001b[39m\n      \u001b[36m<head />\u001b[39m\n      \u001b[36m<body\u001b[39m\n        \u001b[33mclass\u001b[39m=\u001b[32m\"\"\u001b[39m\n      \u001b[36m>\u001b[39m\n        \u001b[36m<div>\u001b[39m\n          \u001b[36m<div>\u001b[39m\n            \u001b[0mLoading related posts...\u001b[0m\n          \u001b[36m</div>\u001b[39m\n        \u001b[36m</div>\u001b[39m\n      \u001b[36m</body>\u001b[39m\n    \u001b[36m</html>\u001b[39m\n\n    \u001b[0m \u001b[90m 213 |\u001b[39m       \u001b[36mawait\u001b[39m waitFor(() \u001b[33m=>\u001b[39m {\n     \u001b[90m 214 |\u001b[39m         expect(mockFetch)\u001b[33m.\u001b[39mtoHaveBeenCalledTimes(\u001b[35m1\u001b[39m)\u001b[33m;\u001b[39m\n    \u001b[31m\u001b[1m>\u001b[22m\u001b[39m\u001b[90m 215 |\u001b[39m         \u001b[36mconst\u001b[39m url \u001b[33m=\u001b[39m \u001b[36mnew\u001b[39m \u001b[33mURL\u001b[39m(mockFetch\u001b[33m.\u001b[39mmock\u001b[33m.\u001b[39mcalls[\u001b[35m0\u001b[39m][\u001b[35m0\u001b[39m])\u001b[33m;\u001b[39m\n     \u001b[90m     |\u001b[39m                     \u001b[31m\u001b[1m^\u001b[22m\u001b[39m\n     \u001b[90m 216 |\u001b[39m         expect(url\u001b[33m.\u001b[39msearchParams\u001b[33m.\u001b[39m\u001b[36mget\u001b[39m(\u001b[32m'filters[categories][id][$in]'\u001b[39m))\u001b[33m.\u001b[39mtoBe(\u001b[32m'cat3'\u001b[39m)\u001b[33m;\u001b[39m\n     \u001b[90m 217 |\u001b[39m       })\u001b[33m;\u001b[39m\n     \u001b[90m 218 |\u001b[39m     })\u001b[33m;\u001b[39m\u001b[0m\n\n      at new URLImpl (node_modules/whatwg-url/lib/URL-impl.js:21:13)\n      at Object.exports.setup (node_modules/whatwg-url/lib/URL.js:54:12)\n      at new URL (node_modules/whatwg-url/lib/URL.js:115:22)\n      at src/components/features/RelatedPosts.test.tsx:215:21\n      at runWithExpensiveErrorDiagnosticsDisabled (node_modules/@testing-library/dom/dist/config.js:47:12)\n      at checkCallback (node_modules/@testing-library/dom/dist/wait-for.js:124:77)\n      at checkRealTimersCallback (node_modules/@testing-library/dom/dist/wait-for.js:118:16)\n      at Timeout.task [as _onTimeout] (node_modules/jsdom/lib/jsdom/browser/Window.js:520:19)\n","name":"D:\\Programmeren\\MaasISO\\New without errors\\maasiso - Copy\\src\\components\\features\\RelatedPosts.test.tsx","startTime":1770326220381,"status":"failed","summary":""},{"assertionResults":[{"ancestorTitles":["ProgressiveContent"],"duration":5,"failureDetails":[{"name":"TestingLibraryElementError"}],"failureMessages":["TestingLibraryElementError: Unable to find an element by: [data-testid=\"loading-skeleton\"]\n\nIgnored nodes: comments, script, style\n\u001b[36m<body>\u001b[39m\n  \u001b[36m<div>\u001b[39m\n    \u001b[36m<div\u001b[39m\n      \u001b[33mclass\u001b[39m=\u001b[32m\"\"\u001b[39m\n      \u001b[33mdata-testid\u001b[39m=\u001b[32m\"progressive-content\"\u001b[39m\n    \u001b[36m/>\u001b[39m\n  \u001b[36m</div>\u001b[39m\n\u001b[36m</body>\u001b[39m\n    at Object.getElementError (D:\\Programmeren\\MaasISO\\New without errors\\maasiso - Copy\\node_modules\\@testing-library\\dom\\dist\\config.js:37:19)\n    at D:\\Programmeren\\MaasISO\\New without errors\\maasiso - Copy\\node_modules\\@testing-library\\dom\\dist\\query-helpers.js:76:38\n    at D:\\Programmeren\\MaasISO\\New without errors\\maasiso - Copy\\node_modules\\@testing-library\\dom\\dist\\query-helpers.js:52:17\n    at D:\\Programmeren\\MaasISO\\New without errors\\maasiso - Copy\\node_modules\\@testing-library\\dom\\dist\\query-helpers.js:95:19\n    at Object.getByTestId (D:\\Programmeren\\MaasISO\\New without errors\\maasiso - Copy\\src\\components\\common\\__tests__\\ProgressiveContent.test.tsx:46:19)\n    at Promise.then.completed (D:\\Programmeren\\MaasISO\\New without errors\\maasiso - Copy\\node_modules\\jest-circus\\build\\utils.js:298:28)\n    at new Promise (<anonymous>)\n    at callAsyncCircusFn (D:\\Programmeren\\MaasISO\\New without errors\\maasiso - Copy\\node_modules\\jest-circus\\build\\utils.js:231:10)\n    at _callCircusTest (D:\\Programmeren\\MaasISO\\New without errors\\maasiso - Copy\\node_modules\\jest-circus\\build\\run.js:316:40)\n    at _runTest (D:\\Programmeren\\MaasISO\\New without errors\\maasiso - Copy\\node_modules\\jest-circus\\build\\run.js:252:3)\n    at _runTestsForDescribeBlock (D:\\Programmeren\\MaasISO\\New without errors\\maasiso - Copy\\node_modules\\jest-circus\\build\\run.js:126:9)\n    at _runTestsForDescribeBlock (D:\\Programmeren\\MaasISO\\New without errors\\maasiso - Copy\\node_modules\\jest-circus\\build\\run.js:121:9)\n    at run (D:\\Programmeren\\MaasISO\\New without errors\\maasiso - Copy\\node_modules\\jest-circus\\build\\run.js:71:3)\n    at runAndTransformResultsToJestFormat (D:\\Programmeren\\MaasISO\\New without errors\\maasiso - Copy\\node_modules\\jest-circus\\build\\legacy-code-todo-rewrite\\jestAdapterInit.js:122:21)\n    at jestAdapter (D:\\Programmeren\\MaasISO\\New without errors\\maasiso - Copy\\node_modules\\jest-circus\\build\\legacy-code-todo-rewrite\\jestAdapter.js:79:19)\n    at runTestInternal (D:\\Programmeren\\MaasISO\\New without errors\\maasiso - Copy\\node_modules\\jest-runner\\build\\runTest.js:367:16)\n    at runTest (D:\\Programmeren\\MaasISO\\New without errors\\maasiso - Copy\\node_modules\\jest-runner\\build\\runTest.js:444:34)"],"fullName":"ProgressiveContent should render loading state initially","invocations":1,"location":null,"numPassingAsserts":0,"retryReasons":[],"status":"failed","title":"should render loading state initially"},{"ancestorTitles":["ProgressiveContent"],"duration":2,"failureDetails":[{"name":"TestingLibraryElementError"}],"failureMessages":["TestingLibraryElementError: Unable to find an element by: [data-testid=\"custom-loading\"]\n\nIgnored nodes: comments, script, style\n\u001b[36m<body\u001b[39m\n  \u001b[33mclass\u001b[39m=\u001b[32m\"\"\u001b[39m\n\u001b[36m>\u001b[39m\n  \u001b[36m<div>\u001b[39m\n    \u001b[36m<div\u001b[39m\n      \u001b[33mclass\u001b[39m=\u001b[32m\"\"\u001b[39m\n      \u001b[33mdata-testid\u001b[39m=\u001b[32m\"progressive-content\"\u001b[39m\n    \u001b[36m/>\u001b[39m\n  \u001b[36m</div>\u001b[39m\n\u001b[36m</body>\u001b[39m\n    at Object.getElementError (D:\\Programmeren\\MaasISO\\New without errors\\maasiso - Copy\\node_modules\\@testing-library\\dom\\dist\\config.js:37:19)\n    at D:\\Programmeren\\MaasISO\\New without errors\\maasiso - Copy\\node_modules\\@testing-library\\dom\\dist\\query-helpers.js:76:38\n    at D:\\Programmeren\\MaasISO\\New without errors\\maasiso - Copy\\node_modules\\@testing-library\\dom\\dist\\query-helpers.js:52:17\n    at D:\\Programmeren\\MaasISO\\New without errors\\maasiso - Copy\\node_modules\\@testing-library\\dom\\dist\\query-helpers.js:95:19\n    at Object.getByTestId (D:\\Programmeren\\MaasISO\\New without errors\\maasiso - Copy\\src\\components\\common\\__tests__\\ProgressiveContent.test.tsx:63:19)\n    at Promise.then.completed (D:\\Programmeren\\MaasISO\\New without errors\\maasiso - Copy\\node_modules\\jest-circus\\build\\utils.js:298:28)\n    at new Promise (<anonymous>)\n    at callAsyncCircusFn (D:\\Programmeren\\MaasISO\\New without errors\\maasiso - Copy\\node_modules\\jest-circus\\build\\utils.js:231:10)\n    at _callCircusTest (D:\\Programmeren\\MaasISO\\New without errors\\maasiso - Copy\\node_modules\\jest-circus\\build\\run.js:316:40)\n    at _runTest (D:\\Programmeren\\MaasISO\\New without errors\\maasiso - Copy\\node_modules\\jest-circus\\build\\run.js:252:3)\n    at _runTestsForDescribeBlock (D:\\Programmeren\\MaasISO\\New without errors\\maasiso - Copy\\node_modules\\jest-circus\\build\\run.js:126:9)\n    at _runTestsForDescribeBlock (D:\\Programmeren\\MaasISO\\New without errors\\maasiso - Copy\\node_modules\\jest-circus\\build\\run.js:121:9)\n    at run (D:\\Programmeren\\MaasISO\\New without errors\\maasiso - Copy\\node_modules\\jest-circus\\build\\run.js:71:3)\n    at runAndTransformResultsToJestFormat (D:\\Programmeren\\MaasISO\\New without errors\\maasiso - Copy\\node_modules\\jest-circus\\build\\legacy-code-todo-rewrite\\jestAdapterInit.js:122:21)\n    at jestAdapter (D:\\Programmeren\\MaasISO\\New without errors\\maasiso - Copy\\node_modules\\jest-circus\\build\\legacy-code-todo-rewrite\\jestAdapter.js:79:19)\n    at runTestInternal (D:\\Programmeren\\MaasISO\\New without errors\\maasiso - Copy\\node_modules\\jest-runner\\build\\runTest.js:367:16)\n    at runTest (D:\\Programmeren\\MaasISO\\New without errors\\maasiso - Copy\\node_modules\\jest-runner\\build\\runTest.js:444:34)"],"fullName":"ProgressiveContent should render custom loading component when provided","invocations":1,"location":null,"numPassingAsserts":0,"retryReasons":[],"status":"failed","title":"should render custom loading component when provided"},{"ancestorTitles":["ProgressiveContent"],"duration":1010,"failureDetails":[{"name":"TestingLibraryElementError"}],"failureMessages":["Error: Unable to find an element by: [data-testid=\"content\"]\n\nIgnored nodes: comments, script, style\n\u001b[36m<body\u001b[39m\n  \u001b[33mclass\u001b[39m=\u001b[32m\"\"\u001b[39m\n\u001b[36m>\u001b[39m\n  \u001b[36m<div>\u001b[39m\n    \u001b[36m<div\u001b[39m\n      \u001b[33mclass\u001b[39m=\u001b[32m\"\"\u001b[39m\n      \u001b[33mdata-testid\u001b[39m=\u001b[32m\"progressive-content\"\u001b[39m\n    \u001b[36m/>\u001b[39m\n  \u001b[36m</div>\u001b[39m\n\u001b[36m</body>\u001b[39m\n    at waitForWrapper (D:\\Programmeren\\MaasISO\\New without errors\\maasiso - Copy\\node_modules\\@testing-library\\dom\\dist\\wait-for.js:163:27)\n    at Object.<anonymous> (D:\\Programmeren\\MaasISO\\New without err
[...]
r null or non-objects"},{"ancestorTitles":["Mock Loader Utilities","createValidatedMockLoader"],"duration":0,"failureDetails":[],"failureMessages":[],"fullName":"Mock Loader Utilities createValidatedMockLoader should create a loader when data matches shape","invocations":1,"location":null,"numPassingAsserts":1,"retryReasons":[],"status":"passed","title":"should create a loader when data matches shape"},{"ancestorTitles":["Mock Loader Utilities","createValidatedMockLoader"],"duration":1,"failureDetails":[],"failureMessages":[],"fullName":"Mock Loader Utilities createValidatedMockLoader should throw when data does not match shape","invocations":1,"location":null,"numPassingAsserts":1,"retryReasons":[],"status":"passed","title":"should throw when data does not match shape"},{"ancestorTitles":["Mock Loader Utilities","createValidatedMockLoader"],"duration":0,"failureDetails":[],"failureMessages":[],"fullName":"Mock Loader Utilities createValidatedMockLoader should resolve with the correct data","invocations":1,"location":null,"numPassingAsserts":1,"retryReasons":[],"status":"passed","title":"should resolve with the correct data"},{"ancestorTitles":["Mock Loader Utilities","createStandardTestLoader"],"duration":0,"failureDetails":[],"failureMessages":[],"fullName":"Mock Loader Utilities createStandardTestLoader should create a loader with standard test data","invocations":1,"location":null,"numPassingAsserts":1,"retryReasons":[],"status":"passed","title":"should create a loader with standard test data"},{"ancestorTitles":["Mock Loader Utilities","createStandardTestLoader"],"duration":0,"failureDetails":[],"failureMessages":[],"fullName":"Mock Loader Utilities createStandardTestLoader should return data matching ProgressiveTestData type","invocations":1,"location":null,"numPassingAsserts":2,"retryReasons":[],"status":"passed","title":"should return data matching ProgressiveTestData type"}],"endTime":1770326242254,"message":"","name":"D:\\Programmeren\\MaasISO\\New without errors\\maasiso - Copy\\src\\__tests__\\utils\\mockLoaders.test.ts","startTime":1770326242158,"status":"passed","summary":""},{"assertionResults":[{"ancestorTitles":["Search and Pagination","isStrapiPaginatedResponse"],"duration":0,"failureDetails":[],"failureMessages":[],"fullName":"Search and Pagination isStrapiPaginatedResponse should validate a correct paginated response","invocations":1,"location":null,"numPassingAsserts":1,"retryReasons":[],"status":"passed","title":"should validate a correct paginated response"},{"ancestorTitles":["Search and Pagination","isStrapiPaginatedResponse"],"duration":0,"failureDetails":[],"failureMessages":[],"fullName":"Search and Pagination isStrapiPaginatedResponse should reject invalid pagination structure","invocations":1,"location":null,"numPassingAsserts":7,"retryReasons":[],"status":"passed","title":"should reject invalid pagination structure"},{"ancestorTitles":["Search and Pagination","transformStrapiPaginatedResponse"],"duration":1,"failureDetails":[],"failureMessages":[],"fullName":"Search and Pagination transformStrapiPaginatedResponse should transform a valid paginated response","invocations":1,"location":null,"numPassingAsserts":1,"retryReasons":[],"status":"passed","title":"should transform a valid paginated response"},{"ancestorTitles":["Search and Pagination","transformStrapiPaginatedResponse"],"duration":0,"failureDetails":[],"failureMessages":[],"fullName":"Search and Pagination transformStrapiPaginatedResponse should handle empty data array","invocations":1,"location":null,"numPassingAsserts":2,"retryReasons":[],"status":"passed","title":"should handle empty data array"},{"ancestorTitles":["Search and Pagination","transformStrapiPaginatedResponse"],"duration":10,"failureDetails":[],"failureMessages":[],"fullName":"Search and Pagination transformStrapiPaginatedResponse should throw error for invalid structure","invocations":1,"location":null,"numPassingAsserts":1,"retryReasons":[],"status":"passed","title":"should throw error for invalid structure"},{"ancestorTitles":["Search and Pagination","Search Results Type Validation"],"duration":0,"failureDetails":[],"failureMessages":[],"fullName":"Search and Pagination Search Results Type Validation should validate a complete search results structure","invocations":1,"location":null,"numPassingAsserts":2,"retryReasons":[],"status":"passed","title":"should validate a complete search results structure"},{"ancestorTitles":["Search and Pagination","Search Results Type Validation"],"duration":0,"failureDetails":[],"failureMessages":[],"fullName":"Search and Pagination Search Results Type Validation should validate paginated blog posts structure","invocations":1,"location":null,"numPassingAsserts":2,"retryReasons":[],"status":"passed","title":"should validate paginated blog posts structure"},{"ancestorTitles":["Search and Pagination","Search Results Type Validation"],"duration":1,"failureDetails":[],"failureMessages":[],"fullName":"Search and Pagination Search Results Type Validation should validate paginated news articles structure","invocations":1,"location":null,"numPassingAsserts":2,"retryReasons":[],"status":"passed","title":"should validate paginated news articles structure"}],"endTime":1770326242351,"message":"","name":"D:\\Programmeren\\MaasISO\\New without errors\\maasiso - Copy\\src\\lib\\types\\search.test.ts","startTime":1770326242260,"status":"passed","summary":""},{"assertionResults":[{"ancestorTitles":["Search Scoring"],"duration":1,"failureDetails":[],"failureMessages":[],"fullName":"Search Scoring should give higher score to title matches","invocations":1,"location":null,"numPassingAsserts":1,"retryReasons":[],"status":"passed","title":"should give higher score to title matches"},{"ancestorTitles":["Search Scoring"],"duration":0,"failureDetails":[],"failureMessages":[],"fullName":"Search Scoring should respect scope filter - title only","invocations":1,"location":null,"numPassingAsserts":1,"retryReasons":[],"status":"passed","title":"should respect scope filter - title only"},{"ancestorTitles":["Search Scoring"],"duration":1,"failureDetails":[],"failureMessages":[],"fullName":"Search Scoring should give zero score when query not in scoped field","invocations":1,"location":null,"numPassingAsserts":1,"retryReasons":[],"status":"passed","title":"should give zero score when query not in scoped field"},{"ancestorTitles":["Search Scoring"],"duration":0,"failureDetails":[],"failureMessages":[],"fullName":"Search Scoring should handle multi-token queries","invocations":1,"location":null,"numPassingAsserts":1,"retryReasons":[],"status":"passed","title":"should handle multi-token queries"}],"endTime":1770326242446,"message":"","name":"D:\\Programmeren\\MaasISO\\New without errors\\maasiso - Copy\\src\\lib\\utils\\__tests__\\searchScoring.test.ts","startTime":1770326242357,"status":"passed","summary":""},{"assertionResults":[{"ancestorTitles":["Image Normalization Performance","normalizeImage Performance"],"duration":1,"failureDetails":[],"failureMessages":[],"fullName":"Image Normalization Performance normalizeImage Performance should handle small images quickly (< 50ms)","invocations":1,"location":null,"numPassingAsserts":1,"retryReasons":[],"status":"passed","title":"should handle small images quickly (< 50ms)"},{"ancestorTitles":["Image Normalization Performance","normalizeImage Performance"],"duration":1,"failureDetails":[],"failureMessages":[],"fullName":"Image Normalization Performance normalizeImage Performance should handle medium-sized image data efficiently (< 100ms)","invocations":1,"location":null,"numPassingAsserts":1,"retryReasons":[],"status":"passed","title":"should handle medium-sized image data efficiently (< 100ms)"},{"ancestorTitles":["Image Normalization Performance","normalizeImage Performance"],"duration":0,"failureDetails":[],"failureMessages":[],"fullName":"Image Normalization Performance normalizeImage Performance should handle large image data sets (< 200ms)","invocations":1,"location":null,"numPassingAsserts":1,"retryReasons":[],"status":"passed","title":"should handle large image data sets (< 200ms)"},{"ancestorTitles":["Image Normalization Performance","normalizeImage Performance"],"duration":0,"failureDetails":[],"failureMessages":[],"fullName":"Image Normalization Performance normalizeImage Performance should maintain performance with nested formats (< 150ms)","invocations":1,"location":null,"numPassingAsserts":1,"retryReasons":[],"status":"passed","title":"should maintain performance with nested formats (< 150ms)"},{"ancestorTitles":["Image Normalization Performance","normalizeImageFormat Memory Usage"],"duration":1,"failureDetails":[],"failureMessages":[],"fullName":"Image Normalization Performance normalizeImageFormat Memory Usage should not cause memory issues with large format sets","invocations":1,"location":null,"numPassingAsserts":1,"retryReasons":[],"status":"passed","title":"should not cause memory issues with large format sets"},{"ancestorTitles":["Image Normalization Performance","Batch Processing Performance"],"duration":0,"failureDetails":[],"failureMessages":[],"fullName":"Image Normalization Performance Batch Processing Performance should handle batch processing efficiently","invocations":1,"location":null,"numPassingAsserts":1,"retryReasons":[],"status":"passed","title":"should handle batch processing efficiently"},{"ancestorTitles":["Image Normalization Performance","URL Processing Performance"],"duration":0,"failureDetails":[],"failureMessages":[],"fullName":"Image Normalization Performance URL Processing Performance should handle complex URLs efficiently","invocations":1,"location":null,"numPassingAsserts":1,"retryReasons":[],"status":"passed","title":"should handle complex URLs efficiently"},{"ancestorTitles":["Image Normalization Performance","URL Processing Performance"],"duration":1,"failureDetails":[],"failureMessages":[],"fullName":"Image Normalization Performance URL Processing Performance should handle multiple URL formats efficiently in batch","invocations":1,"location":null,"numPassingAsserts":1,"retryReasons":[],"status":"passed","title":"should handle multiple URL formats efficiently in batch"}],"endTime":1770326242559,"message":"","name":"D:\\Programmeren\\MaasISO\\New without errors\\maasiso - Copy\\src\\lib\\types\\image.perf.test.ts","startTime":1770326242466,"status":"passed","summary":""},{"assertionResults":[],"coverage":{},"endTime":1770326243640,"message":"  ● Test suite failed to run\n\n    Your test suite must contain at least one test.\n\n      at onResult (node_modules/@jest/core/build/TestScheduler.js:133:18)\n      at node_modules/@jest/core/build/TestScheduler.js:254:19\n      at node_modules/emittery/index.js:363:13\n          at Array.map (<anonymous>)\n      at Emittery.emit (node_modules/emittery/index.js:361:23)\n","name":"D:\\Programmeren\\MaasISO\\New without errors\\maasiso - Copy\\src\\__tests__\\utils\\test-utils.ts","startTime":1770326243640,"status":"failed","summary":""},{"assertionResults":[],"coverage":{},"endTime":1770326243640,"message":"  ● Test suite failed to run\n\n    Your test suite must contain at least one test.\n\n      at onResult (node_modules/@jest/core/build/TestScheduler.js:133:18)\n      at node_modules/@jest/core/build/TestScheduler.js:254:19\n      at node_modules/emittery/index.js:363:13\n          at Array.map (<anonymous>)\n      at Emittery.emit (node_modules/emittery/index.js:361:23)\n","name":"D:\\Programmeren\\MaasISO\\New without errors\\maasiso - Copy\\src\\__tests__\\utils\\mockLoaders.ts","startTime":1770326243640,"status":"failed","summary":""},{"assertionResults":[],"coverage":{},"endTime":1770326243640,"message":"  ● Test suite failed to run\n\n    Your test suite must contain at least one test.\n\n      at onResult (node_modules/@jest/core/build/TestScheduler.js:133:18)\n      at node_modules/@jest/core/build/TestScheduler.js:254:19\n      at node_modules/emittery/index.js:363:13\n          at Array.map (<anonymous>)\n      at Emittery.emit (node_modules/emittery/index.js:361:23)\n","name":"D:\\Programmeren\\MaasISO\\New without errors\\maasiso - Copy\\src\\__tests__\\types\\test-mocks.ts","startTime":1770326243640,"status":"failed","summary":""},{"assertionResults":[],"coverage":{},"endTime":1770326243640,"message":"  ● Test suite failed to run\n\n    Your test suite must contain at least one test.\n\n      at onResult (node_modules/@jest/core/build/TestScheduler.js:133:18)\n      at node_modules/@jest/core/build/TestScheduler.js:254:19\n      at node_modules/emittery/index.js:363:13\n          at Array.map (<anonymous>)\n      at Emittery.emit (node_modules/emittery/index.js:361:23)\n","name":"D:\\Programmeren\\MaasISO\\New without errors\\maasiso - Copy\\src\\__tests__\\types\\test-types.ts","startTime":1770326243640,"status":"failed","summary":""},{"assertionResults":[],"coverage":{},"endTime":1770326243640,"message":"  ● Test suite failed to run\n\n    Property `observe` does not exist in the provided object\n\n    \u001b[0m \u001b[90m 26 |\u001b[39m\n     \u001b[90m 27 |\u001b[39m \u001b[90m// Spy on observer methods\u001b[39m\n    \u001b[31m\u001b[1m>\u001b[22m\u001b[39m\u001b[90m 28 |\u001b[39m \u001b[36mconst\u001b[39m observeSpy \u001b[33m=\u001b[39m jest\u001b[33m.\u001b[39mspyOn(\u001b[33mMockPerformanceObserver\u001b[39m\u001b[33m.\u001b[39mprototype\u001b[33m,\u001b[39m \u001b[32m'observe'\u001b[39m)\u001b[33m;\u001b[39m\n     \u001b[90m    |\u001b[39m                         \u001b[31m\u001b[1m^\u001b[22m\u001b[39m\n     \u001b[90m 29 |\u001b[39m \u001b[36mconst\u001b[39m disconnectSpy \u001b[33m=\u001b[39m jest\u001b[33m.\u001b[39mspyOn(\u001b[33mMockPerformanceObserver\u001b[39m\u001b[33m.\u001b[39mprototype\u001b[33m,\u001b[39m \u001b[32m'disconnect'\u001b[39m)\u001b[33m;\u001b[39m\n     \u001b[90m 30 |\u001b[39m\n     \u001b[90m 31 |\u001b[39m \u001b[90m// Mock console methods\u001b[39m\u001b[0m\n\n      at ModuleMocker.spyOn (node_modules/jest-mock/build/index.js:731:13)\n      at Object.spyOn (src/lib/monitoring/monitoring.test.ts:28:25)\n","name":"D:\\Programmeren\\MaasISO\\New without errors\\maasiso - Copy\\src\\lib\\monitoring\\monitoring.test.ts","startTime":1770326243640,"status":"failed","summary":""},{"assertionResults":[],"coverage":{},"endTime":1770326243640,"message":"  ● Test suite failed to run\n\n    Jest encountered an unexpected token\n\n    Jest failed to parse a file. This happens e.g. when your code or its dependencies use non-standard JavaScript syntax, or when Jest is not configured to support such syntax.\n\n    Out of the box Jest supports Babel, which will be used to transform your files into valid JS based on your Babel configuration.\n\n    By default \"node_modules\" folder is ignored by transformers.\n\n    Here's what you can do:\n     • If you are trying to use ECMAScript Modules, see https://jestjs.io/docs/ecmascript-modules for how to enable it.\n     • If you are trying to use TypeScript, see https://jestjs.io/docs/getting-started#using-typescript\n     • To have some of your \"node_modules\" files transformed, you can specify a custom \"transformIgnorePatterns\" in your config.\n     • If you need a custom transformation specify a \"transform\" option in your config.\n     • If you simply want to mock your non-JS modules (e.g. binary assets) you can stub them out with the \"moduleNameMapper\" config option.\n\n    You'll find more details and examples of these config options in the docs:\n    https://jestjs.io/docs/configuration\n    For information about custom transformations, see:\n    https://jestjs.io/docs/code-transformation\n\n    Details:\n\n    D:\\Programmeren\\MaasISO\\New without errors\\maasiso - Copy\\node_modules\\remark-gfm\\index.js:2\n    export {default} from './lib/index.js'\n    ^^^^^^\n\n    SyntaxError: Unexpected token 'export'\n\n    \u001b[0m \u001b[90m 27 |\u001b[39m ])\u001b[33m;\u001b[39m\n     \u001b[90m 28 |\u001b[39m\n    \u001b[31m\u001b[1m>\u001b[22m\u001b[39m\u001b[90m 29 |\u001b[39m \u001b[36mconst\u001b[39m isDownloadLink \u001b[33m=\u001b[39m (link\u001b[33m:\u001b[39m string \u001b[33m|\u001b[39m undefined)\u001b[33m:\u001b[39m boolean \u001b[33m=>\u001b[39m {\n     \u001b[90m    |\u001b[39m                                                           \u001b[31m\u001b[1m^\u001b[22m\u001b[39m\n     \u001b[90m 30 |\u001b[39m   \u001b[36mif\u001b[39m (\u001b[33m!\u001b[39mlink) \u001b[36mreturn\u001b[39m \u001b[36mfalse\u001b[39m\u001b[33m;\u001b[39m\n     \u001b[90m 31 |\u001b[39m\n     \u001b[90m 32 |\u001b[39m   \u001b[36mtry\u001b[39m {\u001b[0m\n\n      at Runtime.createScriptFromCode (node_modules/jest-runtime/build/index.js:1505:14)\n      at Object.<anonymous> (src/components/features/BlogPostContent.tsx:29:59)\n      at Object.<anonymous> (src/components/features/BlogPostPerformance.tsx:15:65)\n      at Object.<anonymous> (src/components/features/BlogPostPerformance.test.tsx:12:69)\n","name":"D:\\Programmeren\\MaasISO\\New without errors\\maasiso - Copy\\src\\components\\features\\BlogPostPerformance.test.tsx","startTime":1770326243640,"status":"failed","summary":""},{"assertionResults":[],"coverage":{},"endTime":1770326243640,"message":"  ● Test suite failed to run\n\n    Jest encountered an unexpected token\n\n    Jest failed to parse a file. This happens e.g. when your code or its dependencies use non-standard JavaScript syntax, or when Jest is not configured to support such syntax.\n\n    Out of the box Jest supports Babel, which will be used to transform your files into valid JS based on your Babel configuration.\n\n    By default \"node_modules\" folder is ignored by transformers.\n\n    Here's what you can do:\n     • If you are trying to use ECMAScript Modules, see https://jestjs.io/docs/ecmascript-modules for how to enable it.\n     • If you are trying to use TypeScript, see https://jestjs.io/docs/getting-started#using-typescript\n     • To have some of your \"node_modules\" files transformed, you can specify a custom \"transformIgnorePatterns\" in your config.\n     • If you need a custom transformation specify a \"transform\" option in your config.\n     • If you simply want to mock your non-JS modules (e.g. binary assets) you can stub them out with the \"moduleNameMapper\" config option.\n\n    You'll find more details and examples of these config options in the docs:\n    https://jestjs.io/docs/configuration\n    For information about custom transformations, see:\n    https://jestjs.io/docs/code-transformation\n\n    Details:\n\n    D:\\Programmeren\\MaasISO\\New without errors\\maasiso - Copy\\node_modules\\remark-gfm\\index.js:2\n    export {default} from './lib/index.js'\n    ^^^^^^\n\n    SyntaxError: Unexpected token 'export'\n\n    \u001b[0m \u001b[90m 27 |\u001b[39m ])\u001b[33m;\u001b[39m\n     \u001b[90m 28 |\u001b[39m\n    \u001b[31m\u001b[1m>\u001b[22m\u001b[39m\u001b[90m 29 |\u001b[39m \u001b[36mconst\u001b[39m isDownloadLink \u001b[33m=\u001b[39m (link\u001b[33m:\u001b[39m string \u001b[33m|\u001b[39m undefined)\u001b[33m:\u001b[39m boolean \u001b[33m=>\u001b[39m {\n     \u001b[90m    |\u001b[39m                                                           \u001b[31m\u001b[1m^\u001b[22m\u001b[39m\n     \u001b[90m 30 |\u001b[39m   \u001b[36mif\u001b[39m (\u001b[33m!\u001b[39mlink) \u001b[36mreturn\u001b[39m \u001b[36mfalse\u001b[39m\u001b[33m;\u001b[39m\n     \u001b[90m 31 |\u001b[39m\n     \u001b[90m 32 |\u001b[39m   \u001b[36mtry\u001b[39m {\u001b[0m\n\n      at Runtime.createScriptFromCode (node_modules/jest-runtime/build/index.js:1505:14)\n      at Object.<anonymous> (src/components/features/BlogPostContent.tsx:29:59)\n      at Object.<anonymous> (src/components/features/BlogPostContent.test.tsx:7:65)\n","name":"D:\\Programmeren\\MaasISO\\New without errors\\maasiso - Copy\\src\\components\\features\\BlogPostContent.test.tsx","startTime":1770326243640,"status":"failed","summary":""}],"wasInterrupted":false}
